#
# A fatal error has been detected by the Java Runtime Environment:
#
#  Internal Error (jvmciRuntime.cpp:1609), pid=31, tid=45
#  fatal error: Fatal exception in JVMCI: Error calling jdk.vm.ci.services.Services.serializeSavedProperties
#
# JRE version: OpenJDK Runtime Environment GraalVM CE 22.3.0 (17.0.5+8) (build 17.0.5+8-jvmci-22.3-b08)
# Java VM: OpenJDK 64-Bit Server VM GraalVM CE 22.3.0 (17.0.5+8-jvmci-22.3-b08, mixed mode, sharing, tiered, jvmci, jvmci compiler, compressed oops, compressed class ptrs, parallel gc, linux-amd64)
# Problematic frame:
# V  [libjvm.so+0x972714]  JVMCIRuntime::fatal_exception(JVMCIEnv*, char const*)+0x74
#
# Core dump will be written. Default location: Core dumps may be processed with "/usr/share/apport/apport -p%p -s%s -c%c -d%d -P%P -u%u -g%g -- %E" (or dumping to /home/runner/Inventory-System/core.31)
#
# If you would like to submit a bug report, please visit:
#   https://github.com/oracle/graal/issues
#

---------------  S U M M A R Y ------------

Command Line: -XX:ThreadPriorityPolicy=1 -XX:+UnlockExperimentalVMOptions -XX:+EnableJVMCIProduct -XX:JVMCIThreadsPerNativeLibraryRuntime=1 -XX:-UnlockExperimentalVMOptions -Declipse.application=org.eclipse.jdt.ls.core.id1 -Dosgi.bundles.defaultStartLevel=4 -Declipse.product=org.eclipse.jdt.ls.core.product -Dlog.level=ALL -Xverify:none -XX:+UseParallelGC -XX:GCTimeRatio=4 -XX:AdaptiveSizePolicyWeight=90 -Dsun.zip.disableMemoryMapping=true -Xmx512m -Xms100m /nix/store/m6gcpi1ii6rghy04cjwjddcavv7i90df-jdt-language-server-1.9.0/share/java/plugins/org.eclipse.equinox.launcher_1.6.400.v20210924-0641.jar --add-modules=ALL-SYSTEM --add-opens java.base/java.util=ALL-UNNAMED --add-opens java.base/java.lang=ALL-UNNAMED -configuration /home/runner/.cache/jdt-language-server/config -data /home/runner/.cache/jdt-language-server/data/home/runner/Inventory-System

Host: AMD EPYC 7B12, 8 cores, 1G, Ubuntu 20.04.2 LTS
Time: Mon Mar 27 13:05:41 2023 UTC elapsed time: 1166.649768 seconds (0d 0h 19m 26s)

---------------  T H R E A D  ---------------

Current thread (0x00007fc1180b21e0):  JavaThread "JVMCI-native CompilerThread0" daemon [_thread_in_vm, id=45, stack(0x00007fc0fc518000,0x00007fc0fc718000)]


Current CompileTask:
JVMCI-native:1166653 9254       4       org.eclipse.osgi.internal.loader.BundleLoader::findClass (7 bytes)

Stack: [0x00007fc0fc518000,0x00007fc0fc718000],  sp=0x00007fc0fc716380,  free space=2040k
Native frames: (J=compiled Java code, j=interpreted, Vv=VM code, C=native code)
V  [libjvm.so+0x972714]  JVMCIRuntime::fatal_exception(JVMCIEnv*, char const*)+0x74
V  [libjvm.so+0x93e2fe]  JVMCIEnv::copy_saved_properties()+0x14e
V  [libjvm.so+0x9732a9]  JVMCIRuntime::initialize(JVMCIEnv*)+0xb19
V  [libjvm.so+0x9738a2]  JVMCIRuntime::get_HotSpotJVMCIRuntime(JVMCIEnv*)+0x12
V  [libjvm.so+0x9749f2]  JVMCIRuntime::compile_method(JVMCIEnv*, JVMCICompiler*, methodHandle const&, int)+0xd2
V  [libjvm.so+0x5b0d20]  CompileBroker::invoke_compiler_on_method(CompileTask*)+0x1470
V  [libjvm.so+0x5b12e8]  CompileBroker::compiler_thread_loop()+0x528
V  [libjvm.so+0xd82460]  JavaThread::thread_main_inner()+0xd0
V  [libjvm.so+0xd85a40]  Thread::call_run()+0xc0
V  [libjvm.so+0xbdb1e1]  thread_native_entry(Thread*)+0xe1

Register to memory mapping:

RAX=0x00007fc11c1d8000 points into unknown readable memory: 0x0000000000000058 | 58 00 00 00 00 00 00 00
RBX=0x00007fc11d2d3398: <offset 0x0000000000ef5398> in /nix/store/gpxl5qgg8kicmcvivwmybwjlpf7wh20l-graalvm17-ce-22.3.0/lib/server/libjvm.so at 0x00007fc11c3de000
RCX=0x00007fc11d28b1e8: <offset 0x0000000000ead1e8> in /nix/store/gpxl5qgg8kicmcvivwmybwjlpf7wh20l-graalvm17-ce-22.3.0/lib/server/libjvm.so at 0x00007fc11c3de000
RDX=0x0000000000000649 is an unknown value
RSP=0x00007fc0fc716380 is pointing into the stack for thread: 0x00007fc1180b21e0
RBP=0x00007fc0fc7163a0 is pointing into the stack for thread: 0x00007fc1180b21e0
RSI=0x00007fc11d2d3c48: <offset 0x0000000000ef5c48> in /nix/store/gpxl5qgg8kicmcvivwmybwjlpf7wh20l-graalvm17-ce-22.3.0/lib/server/libjvm.so at 0x00007fc11c3de000
RDI=0x00000000e0000000 is an oop: [B 
{0x00000000e0000000} - klass: {type array byte}
 - length: 57
R8 =0x00007fc11d2d3398: <offset 0x0000000000ef5398> in /nix/store/gpxl5qgg8kicmcvivwmybwjlpf7wh20l-graalvm17-ce-22.3.0/lib/server/libjvm.so at 0x00007fc11c3de000
R9 =0x00007fc0fc716330 is pointing into the stack for thread: 0x00007fc1180b21e0
R10=0x00007fc0fc717948 is pointing into the stack for thread: 0x00007fc1180b21e0
R11=0x0000000000000293 is an unknown value
R12=0x0 is NULL
R13=0x00007fc1180b21e0 is a thread
R14=0x00007fc118000b80 points into unknown readable memory: 0x00007fc11d504a38 | 38 4a 50 1d c1 7f 00 00
R15=0x00007fc11d612e40: <offset 0x0000000001234e40> in /nix/store/gpxl5qgg8kicmcvivwmybwjlpf7wh20l-graalvm17-ce-22.3.0/lib/server/libjvm.so at 0x00007fc11c3de000


Registers:
RAX=0x00007fc11c1d8000, RBX=0x00007fc11d2d3398, RCX=0x00007fc11d28b1e8, RDX=0x0000000000000649
RSP=0x00007fc0fc716380, RBP=0x00007fc0fc7163a0, RSI=0x00007fc11d2d3c48, RDI=0x00000000e0000000
R8 =0x00007fc11d2d3398, R9 =0x00007fc0fc716330, R10=0x00007fc0fc717948, R11=0x0000000000000293
R12=0x0000000000000000, R13=0x00007fc1180b21e0, R14=0x00007fc118000b80, R15=0x00007fc11d612e40
RIP=0x00007fc11cd50714, EFLAGS=0x0000000000010206, CSGSFS=0x002b000000000033, ERR=0x0000000000000006
  TRAPNO=0x000000000000000e

Top of Stack: (sp=0x00007fc0fc716380)
0x00007fc0fc716380:   00007fc0fc716940 00007fc1180b21e0
0x00007fc0fc716390:   00007fc11c0028c8 0000000800c415a8
0x00007fc0fc7163a0:   00007fc0fc716500 00007fc11cd1c2fe
0x00007fc0fc7163b0:   00007fc0fc7163e0 00007fc0fc716440 

Instructions: (pc=0x00007fc11cd50714)
0x00007fc11cd50614:   30 e8 f6 cf e8 ff 4c 89 e7 e8 2e 48 d1 ff 84 db
0x00007fc11cd50624:   75 2a 4d 85 ed 74 04 4d 8b 6d 00 48 83 c4 08 44
0x00007fc11cd50634:   89 f9 4c 89 f2 4c 89 ee 5b 4c 89 e7 41 5c 41 5d
0x00007fc11cd50644:   41 5e 41 5f 5d e9 e2 47 d1 ff 66 90 48 83 c4 08
0x00007fc11cd50654:   5b 41 5c 41 5d 41 5e 41 5f 5d c3 90 31 d2 be 08
0x00007fc11cd50664:   00 00 00 4c 89 ff e8 b1 78 a3 ff 49 89 c5 e9 37
0x00007fc11cd50674:   ff ff ff 66 0f 1f 84 00 00 00 00 00 48 8b 7a 08
0x00007fc11cd50684:   e9 6d ff ff ff 0f 1f 80 00 00 00 00 e8 5b 48 0a
0x00007fc11cd50694:   00 84 c0 75 89 e9 6a ff ff ff 66 90 55 48 89 e5
0x00007fc11cd506a4:   41 56 41 55 41 54 49 89 fc 53 48 89 f3 66 48 8d
0x00007fc11cd506b4:   3d 27 5e 85 00 66 66 48 e8 df 43 8d ff 4c 8b 28
0x00007fc11cd506c4:   8b 05 be 72 8a 00 85 c0 75 14 ba 01 00 00 00 48
0x00007fc11cd506d4:   8d 0d ae 72 8a 00 f0 0f b1 11 85 c0 74 4e be c8
0x00007fc11cd506e4:   00 00 00 4c 89 ef e8 01 0b 41 00 48 8d 05 12 ac
0x00007fc11cd506f4:   85 00 49 89 d8 48 8d 0d e8 aa 53 00 ba 49 06 00
0x00007fc11cd50704:   00 48 8d 35 3c 35 58 00 bf 00 00 00 e0 48 8b 00
0x00007fc11cd50714:   c6 00 58 31 c0 e8 e2 91 c6 ff 5b 41 5c 41 5d 41
0x00007fc11cd50724:   5e 5d e9 55 34 26 00 0f 1f 44 00 00 48 8d 05 81
0x00007fc11cd50734:   a3 8b 00 48 89 df 4c 8b 30 e8 9e 43 8d ff 48 89
0x00007fc11cd50744:   de 48 89 c2 49 8b 06 4c 89 f7 ff 50 08 4c 89 f7
0x00007fc11cd50754:   e8 a7 5c 27 00 4d 85 e4 74 12 be 01 00 00 00 4c
0x00007fc11cd50764:   89 e7 e8 35 43 fc ff eb 82 0f 1f 00 be 01 00 00
0x00007fc11cd50774:   00 4c 89 ef e8 d3 fd ff ff e9 6d ff ff ff 66 66
0x00007fc11cd50784:   2e 0f 1f 84 00 00 00 00 00 0f 1f 00 55 48 89 e5
0x00007fc11cd50794:   41 57 41 56 41 55 41 54 53 48 81 ec 08 02 00 00
0x00007fc11cd507a4:   64 48 8b 04 25 28 00 00 00 48 89 45 c8 8b 07 83
0x00007fc11cd507b4:   f8 02 0f 84 11 04 00 00 4c 8b 6f 18 49 89 ff 49
0x00007fc11cd507c4:   89 f4 4d 85 ed 74 14 4c 89 ef e8 5d 57 22 00 41
0x00007fc11cd507d4:   8b 07 83 f8 02 0f 84 19 04 00 00 48 8d 1d 9a 06
0x00007fc11cd507e4:   8a 00 4c 8d 35 0b 3c 58 00 eb 38 90 48 85 d2 7f
0x00007fc11cd507f4:   0d 48 8d 05 b4 c0 85 00 48 83 38 00 7e 0e 41 8b
0x00007fc11cd50804:   77 2c 4c 89 f7 31 c0 e8 a0 b2 f7 ff 49 8b 7f 18 


Stack slot to memory mapping:
stack at sp + 0 slots: 0x00007fc0fc716940 is pointing into the stack for thread: 0x00007fc1180b21e0
stack at sp + 1 slots: 0x00007fc1180b21e0 is a thread
stack at sp + 2 slots: 0x00007fc11c0028c8 points into unknown readable memory: 0x6573001880c9ffff | ff ff c9 80 18 00 73 65
stack at sp + 3 slots: 0x0000000800c415a8 is a pointer to class: 
jdk.vm.ci.services.Services {0x0000000800c415a8}
 - instance size:     2
 - klass size:        65
 - access:            public final synchronized 
 - state:             fully_initialized
 - name:              'jdk/vm/ci/services/Services'
 - super:             'java/lang/Object'
 - sub:               
 - arrays:            NULL
 - methods:           Array<T>(0x00007fc0fd03f890)
 - method ordering:   Array<T>(0x0000000800928960)
 - default_methods:   Array<T>(0x0000000000000000)
 - local interfaces:  Array<T>(0x00000008005ce810)
 - trans. interfaces: Array<T>(0x00000008005ce810)
 - constants:         constant pool [427] {0x00007fc0fd03e698} for 'jdk/vm/ci/services/Services' cache=0x00007fc0fd040d20
 - class loader data:  loader data: 0x00007fc1180283f0 of 'bootstrap'
 - source file:       'Services.java'
 - class annotations:       Array<T>(0x0000000000000000)
 - class type annotations:  Array<T>(0x0000000000000000)
 - field annotations:       Array<T>(0x0000000000000000)
 - field type annotations:  Array<T>(0x0000000000000000)
 - inner classes:     Array<T>(0x00007fc0fd040b30)
 - nest members:     Array<T>(0x00007fc0fd040b50)
 - permitted subclasses:     Array<T>(0x00000008005ce7a0)
 - java mirror:       a 'java/lang/Class'{0x00000000e0179040} = 'jdk/vm/ci/services/Services'
 - vtable length      5  (start addr: 0x0000000800c41778)
 - itable length      2 (start addr: 0x0000000800c417a0)
 - ---- static fields (3 words):
 - public static final 'IS_BUILDING_NATIVE_IMAGE' 'Z' @128 
 - public static final 'IS_IN_NATIVE_IMAGE' 'Z' @129 
 - private static volatile 'savedProperties' 'Ljava/util/Map;' @112 
 - static final 'JVMCI_ENABLED' 'Z' @130 
 - private static final 'servicesCache' 'Ljava/util/Map;' @116 
 - private static final 'MAX_UNICODE_IN_UTF8_LENGTH' 'I' @120 
 - private static final 'MAX_UTF8_PROPERTY_STRING_LENGTH' 'I' @124 
 - ---- non-static fields (0 words):
 - non-static oop maps: 
stack at sp + 4 slots: 0x00007fc0fc716500 is pointing into the stack for thread: 0x00007fc1180b21e0
stack at sp + 5 slots: 0x00007fc11cd1c2fe: <offset 0x000000000093e2fe> in /nix/store/gpxl5qgg8kicmcvivwmybwjlpf7wh20l-graalvm17-ce-22.3.0/lib/server/libjvm.so at 0x00007fc11c3de000
stack at sp + 6 slots: 0x00007fc0fc7163e0 is pointing into the stack for thread: 0x00007fc1180b21e0
stack at sp + 7 slots: 0x00007fc0fc716440 is pointing into the stack for thread: 0x00007fc1180b21e0


---------------  P R O C E S S  ---------------

Threads class SMR info:
_java_thread_list=0x00007fc09c001610, length=25, elements={
0x00007fc118026690, 0x00007fc1180a64d0, 0x00007fc1180a7910, 0x00007fc1180ae050,
0x00007fc1180af400, 0x00007fc1180b07f0, 0x00007fc1180b21e0, 0x00007fc1180b36f0,
0x00007fc1180b4b40, 0x00007fc1180d76a0, 0x00007fc11812fc00, 0x00007fc118323df0,
0x00007fc118357b80, 0x00007fc118359af0, 0x00007fc11861ef70, 0x00007fc0ac017090,
0x00007fc0ac2a2c00, 0x00007fc0ac481d60, 0x00007fc0ac5f0560, 0x00007fc11848e810,
0x00007fc098001300, 0x00007fc118387960, 0x00007fc080000ff0, 0x00007fc074442790,
0x00007fc07c0e4b00
}

Java Threads: ( => current thread )
  0x00007fc118026690 JavaThread "main" [_thread_blocked, id=37, stack(0x00007fc11c1f9000,0x00007fc11c2f9000)]
  0x00007fc1180a64d0 JavaThread "Reference Handler" daemon [_thread_blocked, id=40, stack(0x00007fc0fcdfe000,0x00007fc0fcefe000)]
  0x00007fc1180a7910 JavaThread "Finalizer" daemon [_thread_blocked, id=41, stack(0x00007fc0fccfe000,0x00007fc0fcdfe000)]
  0x00007fc1180ae050 JavaThread "Signal Dispatcher" daemon [_thread_blocked, id=42, stack(0x00007fc0fc918000,0x00007fc0fca18000)]
  0x00007fc1180af400 JavaThread "Service Thread" daemon [_thread_blocked, id=43, stack(0x00007fc0fc818000,0x00007fc0fc918000)]
  0x00007fc1180b07f0 JavaThread "Monitor Deflation Thread" daemon [_thread_blocked, id=44, stack(0x00007fc0fc718000,0x00007fc0fc818000)]
=>0x00007fc1180b21e0 JavaThread "JVMCI-native CompilerThread0" daemon [_thread_in_vm, id=45, stack(0x00007fc0fc518000,0x00007fc0fc718000)]
  0x00007fc1180b36f0 JavaThread "C1 CompilerThread0" daemon [_thread_blocked, id=46, stack(0x00007fc0fc318000,0x00007fc0fc518000)]
  0x00007fc1180b4b40 JavaThread "Sweeper thread" daemon [_thread_blocked, id=47, stack(0x00007fc0fc218000,0x00007fc0fc318000)]
  0x00007fc1180d76a0 JavaThread "Common-Cleaner" daemon [_thread_blocked, id=48, stack(0x00007fc0fc118000,0x00007fc0fc218000)]
  0x00007fc11812fc00 JavaThread "Notification Thread" daemon [_thread_blocked, id=49, stack(0x00007fc0fc018000,0x00007fc0fc118000)]
  0x00007fc118323df0 JavaThread "Active Thread: Equinox Container: 0b0e17e8-dc4d-4c1f-a6d2-19b33c93cdf0" [_thread_blocked, id=63, stack(0x00007fc0cfdfe000,0x00007fc0cfefe000)]
  0x00007fc118357b80 JavaThread "Framework Event Dispatcher: Equinox Container: 0b0e17e8-dc4d-4c1f-a6d2-19b33c93cdf0" daemon [_thread_blocked, id=64, stack(0x00007fc0cc700000,0x00007fc0cc800000)]
  0x00007fc118359af0 JavaThread "Start Level: Equinox Container: 0b0e17e8-dc4d-4c1f-a6d2-19b33c93cdf0" daemon [_thread_blocked, id=65, stack(0x00007fc0cc500000,0x00007fc0cc600000)]
  0x00007fc11861ef70 JavaThread "Refresh Thread: Equinox Container: 0b0e17e8-dc4d-4c1f-a6d2-19b33c93cdf0" daemon [_thread_blocked, id=66, stack(0x00007fc0cc300000,0x00007fc0cc400000)]
  0x00007fc0ac017090 JavaThread "SCR Component Actor" daemon [_thread_blocked, id=76, stack(0x00007fc0cc100000,0x00007fc0cc200000)]
  0x00007fc0ac2a2c00 JavaThread "Worker-JM" [_thread_blocked, id=86, stack(0x00007fc0c3d00000,0x00007fc0c3e00000)]
  0x00007fc0ac481d60 JavaThread "Java indexing" daemon [_thread_blocked, id=89, stack(0x00007fc0c3700000,0x00007fc0c3800000)]
  0x00007fc0ac5f0560 JavaThread "Bundle File Closer" daemon [_thread_blocked, id=90, stack(0x00007fc0c3600000,0x00007fc0c3700000)]
  0x00007fc11848e810 JavaThread "pool-3-thread-1" [_thread_blocked, id=99, stack(0x00007fc0c3500000,0x00007fc0c3600000)]
  0x00007fc098001300 JavaThread "Worker-2: Java indexing... " [_thread_blocked, id=100, stack(0x00007fc0c3300000,0x00007fc0c3400000)]
  0x00007fc118387960 JavaThread "pool-2-thread-1" [_thread_blocked, id=101, stack(0x00007fc0c3100000,0x00007fc0c3200000)]
  0x00007fc080000ff0 JavaThread "Worker-4" [_thread_blocked, id=103, stack(0x00007fc0c2d00000,0x00007fc0c2e00000)]
  0x00007fc074442790 JavaThread "Okio Watchdog" daemon [_thread_blocked, id=183, stack(0x00007fc0c2700000,0x00007fc0c2800000)]
  0x00007fc07c0e4b00 JavaThread "Thread-18" [_thread_blocked, id=2611, stack(0x00007fc0c3400000,0x00007fc0c3500000)]

Other Threads:
  0x00007fc1180a1c10 VMThread "VM Thread" [stack: 0x00007fc0fcf00000,0x00007fc0fd000000] [id=39] _threads_hazard_ptr=0x00007fc09c001610
  0x00007fc1181315a0 WatcherThread [stack: 0x00007fc0cff00000,0x00007fc0d0000000] [id=50]
  0x00007fc11803df30 GCTaskThread "GC Thread#0" [stack: 0x00007fc0ff1c7000,0x00007fc0ff2c7000] [id=38]

Threads with active compile tasks:
JVMCI-native CompilerThread0  1166820 9254       4       org.eclipse.osgi.internal.loader.BundleLoader::findClass (7 bytes)

VM state: synchronizing (normal execution)

VM Mutex/Monitor currently owned by a thread:  ([mutex/lock_event])
[0x00007fc118023840] Threads_lock - owner thread: 0x00007fc1180a1c10
[0x00007fc118023ff0] Heap_lock - owner thread: 0x00007fc0ac481d60

OutOfMemory and StackOverflow Exception counts:
OutOfMemoryError java_heap_errors=25
LinkageErrors=66

Heap address: 0x00000000e0000000, size: 512 MB, Compressed Oops mode: 32-bit

CDS archive(s) mapped at: [0x0000000800000000-0x0000000800bc8000-0x0000000800bc8000), size 12353536, SharedBaseAddress: 0x0000000800000000, ArchiveRelocationMode: 0.
Compressed class space mapped at: 0x0000000800c00000-0x0000000840c00000, reserved size: 1073741824
Narrow klass base: 0x0000000800000000, Narrow klass shift: 0, Narrow klass range: 0x100000000

GC Precious Log:
 CPUs: 8 total, 1 available
 Memory: 1024M
 Large Page Support: Disabled
 NUMA Support: Disabled
 Compressed Oops: Enabled (32-bit)
 Alignments: Space 512K, Generation 512K, Heap 2M
 Heap Min Capacity: 100M
 Heap Initial Capacity: 100M
 Heap Max Capacity: 512M
 Pre-touch: Disabled
 Parallel Workers: 1

Heap:
 PSYoungGen      total 60928K, used 44543K [0x00000000f5580000, 0x00000000fa200000, 0x0000000100000000)
  eden space 44544K, 99% used [0x00000000f5580000,0x00000000f80ffff0,0x00000000f8100000)
  from space 16384K, 0% used [0x00000000f9100000,0x00000000f9100000,0x00000000fa100000)
  to   space 16384K, 0% used [0x00000000f8100000,0x00000000f8100000,0x00000000f9100000)
 ParOldGen       total 349696K, used 349695K [0x00000000e0000000, 0x00000000f5580000, 0x00000000f5580000)
  object space 349696K, 99% used [0x00000000e0000000,0x00000000f557fd50,0x00000000f5580000)
 Metaspace       used 61457K, committed 62656K, reserved 1105920K
  class space    used 6134K, committed 6592K, reserved 1048576K

Card table byte_map: [0x00007fc0ff2c7000,0x00007fc0ff3c8000] _byte_map_base: 0x00007fc0febc7000

Marking Bits: (ParMarkBitMap*) 0x00007fc11d60c4c0
 Begin Bits: [0x00007fc0fe11a000, 0x00007fc0fe91a000)
 End Bits:   [0x00007fc0fe91a000, 0x00007fc0ff11a000)

Polling page: 0x00007fc11c1d6000

Metaspace:

Usage:
  Non-class:     54.03 MB used.
      Class:      5.99 MB used.
       Both:     60.02 MB used.

Virtual space:
  Non-class space:       56.00 MB reserved,      54.75 MB ( 98%) committed,  7 nodes.
      Class space:        1.00 GB reserved,       6.44 MB ( <1%) committed,  1 nodes.
             Both:        1.05 GB reserved,      61.19 MB (  6%) committed. 

Chunk freelists:
   Non-Class:  725.00 KB
       Class:  1.63 MB
        Both:  2.34 MB

MaxMetaspaceSize: unlimited
CompressedClassSpaceSize: 1.00 GB
Initial GC threshold: 21.00 MB
Current GC threshold: 101.88 MB
CDS: on
MetaspaceReclaimPolicy: balanced
 - commit_granule_bytes: 65536.
 - commit_granule_words: 8192.
 - virtual_space_node_default_size: 1048576.
 - enlarge_chunks_in_place: 1.
 - new_chunks_are_fully_committed: 0.
 - uncommit_free_chunks: 1.
 - use_allocation_guard: 0.
 - handle_deallocations: 1.


Internal statistics:

num_allocs_failed_limit: 6.
num_arena_births: 504.
num_arena_deaths: 150.
num_vsnodes_births: 8.
num_vsnodes_deaths: 0.
num_space_committed: 978.
num_space_uncommitted: 0.
num_chunks_returned_to_freelist: 212.
num_chunks_taken_from_freelist: 2960.
num_chunk_merges: 82.
num_chunk_splits: 1890.
num_chunks_enlarged: 1161.
num_purges: 8.
num_inconsistent_stats: 0.

CodeHeap 'non-profiled nmethods': size=120036Kb used=2788Kb max_used=2788Kb free=117248Kb
 bounds [0x00007fc106f7a000, 0x00007fc10723a000, 0x00007fc10e4b3000]
CodeHeap 'profiled nmethods': size=120032Kb used=15506Kb max_used=15580Kb free=104525Kb
 bounds [0x00007fc0ffa42000, 0x00007fc100982000, 0x00007fc106f7a000]
CodeHeap 'non-nmethods': size=5692Kb used=1406Kb max_used=1409Kb free=4285Kb
 bounds [0x00007fc0ff4b3000, 0x00007fc0ff723000, 0x00007fc0ffa42000]
 total_blobs=7871 nmethods=7123 adapters=636
 compilation: enabled
              stopped_count=0, restarted_count=0
 full_count=0

JVMCI Events (20 events):
Event: 907.029 Thread 0x00007fc1180b21e0 compacted oop handles in JVMCI runtime 0 from 67 to 67
Event: 907.029 Thread 0x00007fc1180b21e0 releasing handles for JVMCI runtime 0: oop handles=67, metadata handles={total=145, live=135, blocks=52}
Event: 907.029 Thread 0x00007fc1180b21e0 detached from JVMCI runtime 0
Event: 908.502 Thread 0x00007fc1180b21e0 attached to JVMCI runtime 0
Event: 908.503 Thread 0x00007fc1180b21e0 created JavaVM[7]@0x00007fc069f9e340 for JVMCI runtime 0
Event: 911.342 Thread 0x00007fc1180b21e0 initializing JVMCI runtime 0
Event: 911.342 Thread 0x00007fc1180b21e0 done waiting for JavaVM references initialization in JVMCI runtime 0
Event: 945.913 Thread 0x00007fc1180b21e0 initialized JVMCI runtime 0
Event: 971.611 Thread 0x00007fc1180b21e0 compacted oop handles in JVMCI runtime 0 from 52 to 49
Event: 973.025 Thread 0x00007fc1180b21e0 detaching from JVMCI runtime 0: releasing idle compiler thread (0 other threads still attached)
Event: 973.025 Thread 0x00007fc1180b21e0 shutting down HotSpotJVMCIRuntime for JVMCI runtime 0
Event: 973.026 Thread 0x00007fc1180b21e0 shut down JVMCI runtime 0
Event: 974.531 Thread 0x00007fc1180b21e0 destroyed JavaVM[7]@0x00007fc069f9e340 for JVMCI runtime 0
Event: 974.531 Thread 0x00007fc1180b21e0 compacted oop handles in JVMCI runtime 0 from 50 to 50
Event: 974.531 Thread 0x00007fc1180b21e0 releasing handles for JVMCI runtime 0: oop handles=50, metadata handles={total=99, live=99, blocks=52}
Event: 974.532 Thread 0x00007fc1180b21e0 detached from JVMCI runtime 0
Event: 1069.707 Thread 0x00007fc1180b21e0 attached to JVMCI runtime 0
Event: 1069.708 Thread 0x00007fc1180b21e0 created JavaVM[8]@0x00007fc069f9e340 for JVMCI runtime 0
Event: 1071.325 Thread 0x00007fc1180b21e0 initializing JVMCI runtime 0
Event: 1071.325 Thread 0x00007fc1180b21e0 done waiting for JavaVM references initialization in JVMCI runtime 0

Compilation events (20 events):
Event: 904.053 Thread 0x00007fc1180b21e0 nmethod 9245 0x00007fc10722ee90 code [0x00007fc10722f100, 0x00007fc107230470]
Event: 908.502 Thread 0x00007fc1180b21e0 9247       4       java.lang.String::startsWith (138 bytes)
Event: 955.957 Thread 0x00007fc1180b21e0 nmethod 9247 0x00007fc107230e90 code [0x00007fc107231020, 0x00007fc107231278]
Event: 955.957 Thread 0x00007fc1180b21e0 9248       4       java.lang.StringLatin1::indexOf (36 bytes)
Event: 955.960 Thread 0x00007fc1180b21e0 nmethod 9248 0x00007fc107231410 code [0x00007fc107231580, 0x00007fc107231660]
Event: 955.960 Thread 0x00007fc1180b21e0 9250       4       org.eclipse.core.runtime.Path::toOSString (227 bytes)
Event: 971.611 Thread 0x00007fc1180b21e0 nmethod 9250 0x00007fc107231790 code [0x00007fc107231960, 0x00007fc1072323b0]
Event: 971.611 Thread 0x00007fc1180b21e0 9249       4       java.net.URI::match (56 bytes)
Event: 971.613 Thread 0x00007fc1180b21e0 nmethod 9249 0x00007fc107232990 code [0x00007fc107232b00, 0x00007fc107232bc0]
Event: 1025.330 Thread 0x00007fc1180b36f0 9251       3       java.util.concurrent.ThreadPoolExecutor::workerCountOf (5 bytes)
Event: 1028.500 Thread 0x00007fc1180b36f0 nmethod 9251 0x00007fc0fffb8d10 code [0x00007fc0fffb8ea0, 0x00007fc0fffb8f90]
Event: 1033.322 Thread 0x00007fc1180b36f0 9252   !   3       org.eclipse.osgi.util.NLS::internalBind (412 bytes)
Event: 1060.831 Thread 0x00007fc1180b36f0 nmethod 9252 0x00007fc1008cbb10 code [0x00007fc1008cc040, 0x00007fc1008ce890]
Event: 1060.831 Thread 0x00007fc1180b36f0 9253       3       java.util.concurrent.locks.AbstractQueuedSynchronizer$Node::<init> (5 bytes)
Event: 1060.831 Thread 0x00007fc1180b36f0 nmethod 9253 0x00007fc1008cb710 code [0x00007fc1008cb8c0, 0x00007fc1008cba10]
Event: 1069.707 Thread 0x00007fc1180b21e0 9254       4       org.eclipse.osgi.internal.loader.BundleLoader::findClass (7 bytes)
Event: 1095.014 Thread 0x00007fc1180b36f0 9256   !   3       java.util.concurrent.locks.AbstractQueuedSynchronizer::acquire (407 bytes)
Event: 1095.016 Thread 0x00007fc1180b36f0 nmethod 9256 0x00007fc1008c8c90 code [0x00007fc1008c9000, 0x00007fc1008cae20]
Event: 1114.168 Thread 0x00007fc1180b36f0 9259       3       java.util.concurrent.ScheduledThreadPoolExecutor$DelayedWorkQueue::setIndex (16 bytes)
Event: 1114.169 Thread 0x00007fc1180b36f0 nmethod 9259 0x00007fc1008c8410 code [0x00007fc1008c85c0, 0x00007fc1008c8b90]

GC Heap History (20 events):
Event: 1150.465 GC heap before
{Heap before GC invocations=889 (full 724):
 PSYoungGen      total 60928K, used 44543K [0x00000000f5580000, 0x00000000fa200000, 0x0000000100000000)
  eden space 44544K, 99% used [0x00000000f5580000,0x00000000f80ffff0,0x00000000f8100000)
  from space 16384K, 0% used [0x00000000f9100000,0x00000000f9100000,0x00000000fa100000)
  to   space 16384K, 0% used [0x00000000f8100000,0x00000000f8100000,0x00000000f9100000)
 ParOldGen       total 349696K, used 349695K [0x00000000e0000000, 0x00000000f5580000, 0x00000000f5580000)
  object space 349696K, 99% used [0x00000000e0000000,0x00000000f557fe20,0x00000000f5580000)
 Metaspace       used 61457K, committed 62656K, reserved 1105920K
  class space    used 6134K, committed 6592K, reserved 1048576K
}
Event: 1152.045 GC heap after
{Heap after GC invocations=889 (full 724):
 PSYoungGen      total 60928K, used 44543K [0x00000000f5580000, 0x00000000fa200000, 0x0000000100000000)
  eden space 44544K, 99% used [0x00000000f5580000,0x00000000f80fffe0,0x00000000f8100000)
  from space 16384K, 0% used [0x00000000f8100000,0x00000000f8100000,0x00000000f9100000)
  to   space 16384K, 0% used [0x00000000f9100000,0x00000000f9100000,0x00000000fa100000)
 ParOldGen       total 349696K, used 349695K [0x00000000e0000000, 0x00000000f5580000, 0x00000000f5580000)
  object space 349696K, 99% used [0x00000000e0000000,0x00000000f557fe10,0x00000000f5580000)
 Metaspace       used 61457K, committed 62656K, reserved 1105920K
  class space    used 6134K, committed 6592K, reserved 1048576K
}
Event: 1152.046 GC heap before
{Heap before GC invocations=890 (full 725):
 PSYoungGen      total 60928K, used 44543K [0x00000000f5580000, 0x00000000fa200000, 0x0000000100000000)
  eden space 44544K, 99% used [0x00000000f5580000,0x00000000f80ffff8,0x00000000f8100000)
  from space 16384K, 0% used [0x00000000f8100000,0x00000000f8100000,0x00000000f9100000)
  to   space 16384K, 0% used [0x00000000f9100000,0x00000000f9100000,0x00000000fa100000)
 ParOldGen       total 349696K, used 349695K [0x00000000e0000000, 0x00000000f5580000, 0x00000000f5580000)
  object space 349696K, 99% used [0x00000000e0000000,0x00000000f557fff8,0x00000000f5580000)
 Metaspace       used 61457K, committed 62656K, reserved 1105920K
  class space    used 6134K, committed 6592K, reserved 1048576K
}
Event: 1153.863 GC heap after
{Heap after GC invocations=890 (full 725):
 PSYoungGen      total 60928K, used 44543K [0x00000000f5580000, 0x00000000fa200000, 0x0000000100000000)
  eden space 44544K, 99% used [0x00000000f5580000,0x00000000f80ffff8,0x00000000f8100000)
  from space 16384K, 0% used [0x00000000f9100000,0x00000000f9100000,0x00000000fa100000)
  to   space 16384K, 0% used [0x00000000f8100000,0x00000000f8100000,0x00000000f9100000)
 ParOldGen       total 349696K, used 349695K [0x00000000e0000000, 0x00000000f5580000, 0x00000000f5580000)
  object space 349696K, 99% used [0x00000000e0000000,0x00000000f557ff88,0x00000000f5580000)
 Metaspace       used 61457K, committed 62656K, reserved 1105920K
  class space    used 6134K, committed 6592K, reserved 1048576K
}
Event: 1153.865 GC heap before
{Heap before GC invocations=891 (full 726):
 PSYoungGen      total 60928K, used 44543K [0x00000000f5580000, 0x00000000fa200000, 0x0000000100000000)
  eden space 44544K, 99% used [0x00000000f5580000,0x00000000f80ffff8,0x00000000f8100000)
  from space 16384K, 0% used [0x00000000f9100000,0x00000000f9100000,0x00000000fa100000)
  to   space 16384K, 0% used [0x00000000f8100000,0x00000000f8100000,0x00000000f9100000)
 ParOldGen       total 349696K, used 349695K [0x00000000e0000000, 0x00000000f5580000, 0x00000000f5580000)
  object space 349696K, 99% used [0x00000000e0000000,0x00000000f557ffe0,0x00000000f5580000)
 Metaspace       used 61457K, committed 62656K, reserved 1105920K
  class space    used 6134K, committed 6592K, reserved 1048576K
}
Event: 1155.565 GC heap after
{Heap after GC invocations=891 (full 726):
 PSYoungGen      total 60928K, used 44543K [0x00000000f5580000, 0x00000000fa200000, 0x0000000100000000)
  eden space 44544K, 99% used [0x00000000f5580000,0x00000000f80ffff8,0x00000000f8100000)
  from space 16384K, 0% used [0x00000000f8100000,0x00000000f8100000,0x00000000f9100000)
  to   space 16384K, 0% used [0x00000000f9100000,0x00000000f9100000,0x00000000fa100000)
 ParOldGen       total 349696K, used 349695K [0x00000000e0000000, 0x00000000f5580000, 0x00000000f5580000)
  object space 349696K, 99% used [0x00000000e0000000,0x00000000f557ff88,0x00000000f5580000)
 Metaspace       used 61457K, committed 62656K, reserved 1105920K
  class space    used 6134K, committed 6592K, reserved 1048576K
}
Event: 1155.565 GC heap before
{Heap before GC invocations=892 (full 727):
 PSYoungGen      total 60928K, used 44543K [0x00000000f5580000, 0x00000000fa200000, 0x0000000100000000)
  eden space 44544K, 99% used [0x00000000f5580000,0x00000000f80ffff8,0x00000000f8100000)
  from space 16384K, 0% used [0x00000000f8100000,0x00000000f8100000,0x00000000f9100000)
  to   space 16384K, 0% used [0x00000000f9100000,0x00000000f9100000,0x00000000fa100000)
 ParOldGen       total 349696K, used 349695K [0x00000000e0000000, 0x00000000f5580000, 0x00000000f5580000)
  object space 349696K, 99% used [0x00000000e0000000,0x00000000f557fff0,0x00000000f5580000)
 Metaspace       used 61457K, committed 62656K, reserved 1105920K
  class space    used 6134K, committed 6592K, reserved 1048576K
}
Event: 1157.169 GC heap after
{Heap after GC invocations=892 (full 727):
 PSYoungGen      total 60928K, used 44543K [0x00000000f5580000, 0x00000000fa200000, 0x0000000100000000)
  eden space 44544K, 99% used [0x00000000f5580000,0x00000000f80ffff8,0x00000000f8100000)
  from space 16384K, 0% used [0x00000000f9100000,0x00000000f9100000,0x00000000fa100000)
  to   space 16384K, 0% used [0x00000000f8100000,0x00000000f8100000,0x00000000f9100000)
 ParOldGen       total 349696K, used 349695K [0x00000000e0000000, 0x00000000f5580000, 0x00000000f5580000)
  object space 349696K, 99% used [0x00000000e0000000,0x00000000f557ffb8,0x00000000f5580000)
 Metaspace       used 61457K, committed 62656K, reserved 1105920K
  class space    used 6134K, committed 6592K, reserved 1048576K
}
Event: 1157.175 GC heap before
{Heap before GC invocations=893 (full 728):
 PSYoungGen      total 60928K, used 44543K [0x00000000f5580000, 0x00000000fa200000, 0x0000000100000000)
  eden space 44544K, 99% used [0x00000000f5580000,0x00000000f80ffff8,0x00000000f8100000)
  from space 16384K, 0% used [0x00000000f9100000,0x00000000f9100000,0x00000000fa100000)
  to   space 16384K, 0% used [0x00000000f8100000,0x00000000f8100000,0x00000000f9100000)
 ParOldGen       total 349696K, used 349695K [0x00000000e0000000, 0x00000000f5580000, 0x00000000f5580000)
  object space 349696K, 99% used [0x00000000e0000000,0x00000000f557ffe8,0x00000000f5580000)
 Metaspace       used 61457K, committed 62656K, reserved 1105920K
  class space    used 6134K, committed 6592K, reserved 1048576K
}
Event: 1158.665 GC heap after
{Heap after GC invocations=893 (full 728):
 PSYoungGen      total 60928K, used 44543K [0x00000000f5580000, 0x00000000fa200000, 0x0000000100000000)
  eden space 44544K, 99% used [0x00000000f5580000,0x00000000f80ffff8,0x00000000f8100000)
  from space 16384K, 0% used [0x00000000f8100000,0x00000000f8100000,0x00000000f9100000)
  to   space 16384K, 0% used [0x00000000f9100000,0x00000000f9100000,0x00000000fa100000)
 ParOldGen       total 349696K, used 349695K [0x00000000e0000000, 0x00000000f5580000, 0x00000000f5580000)
  object space 349696K, 99% used [0x00000000e0000000,0x00000000f557ffe8,0x00000000f5580000)
 Metaspace       used 61457K, committed 62656K, reserved 1105920K
  class space    used 6134K, committed 6592K, reserved 1048576K
}
Event: 1158.665 GC heap before
{Heap before GC invocations=894 (full 729):
 PSYoungGen      total 60928K, used 44543K [0x00000000f5580000, 0x00000000fa200000, 0x0000000100000000)
  eden space 44544K, 99% used [0x00000000f5580000,0x00000000f80ffff8,0x00000000f8100000)
  from space 16384K, 0% used [0x00000000f8100000,0x00000000f8100000,0x00000000f9100000)
  to   space 16384K, 0% used [0x00000000f9100000,0x00000000f9100000,0x00000000fa100000)
 ParOldGen       total 349696K, used 349695K [0x00000000e0000000, 0x00000000f5580000, 0x00000000f5580000)
  object space 349696K, 99% used [0x00000000e0000000,0x00000000f557ffe8,0x00000000f5580000)
 Metaspace       used 61457K, committed 62656K, reserved 1105920K
  class space    used 6134K, committed 6592K, reserved 1048576K
}
Event: 1160.129 GC heap after
{Heap after GC invocations=894 (full 729):
 PSYoungGen      total 60928K, used 44543K [0x00000000f5580000, 0x00000000fa200000, 0x0000000100000000)
  eden space 44544K, 99% used [0x00000000f5580000,0x00000000f80ffff8,0x00000000f8100000)
  from space 16384K, 0% used [0x00000000f9100000,0x00000000f9100000,0x00000000fa100000)
  to   space 16384K, 0% used [0x00000000f8100000,0x00000000f8100000,0x00000000f9100000)
 ParOldGen       total 349696K, used 349695K [0x00000000e0000000, 0x00000000f5580000, 0x00000000f5580000)
  object space 349696K, 99% used [0x00000000e0000000,0x00000000f557ffe8,0x00000000f5580000)
 Metaspace       used 61457K, committed 62656K, reserved 1105920K
  class space    used 6134K, committed 6592K, reserved 1048576K
}
Event: 1160.129 GC heap before
{Heap before GC invocations=895 (full 730):
 PSYoungGen      total 60928K, used 44543K [0x00000000f5580000, 0x00000000fa200000, 0x0000000100000000)
  eden space 44544K, 99% used [0x00000000f5580000,0x00000000f80ffff8,0x00000000f8100000)
  from space 16384K, 0% used [0x00000000f9100000,0x00000000f9100000,0x00000000fa100000)
  to   space 16384K, 0% used [0x00000000f8100000,0x00000000f8100000,0x00000000f9100000)
 ParOldGen       total 349696K, used 349695K [0x00000000e0000000, 0x00000000f5580000, 0x00000000f5580000)
  object space 349696K, 99% used [0x00000000e0000000,0x00000000f557ffe8,0x00000000f5580000)
 Metaspace       used 61457K, committed 62656K, reserved 1105920K
  class space    used 6134K, committed 6592K, reserved 1048576K
}
Event: 1161.761 GC heap after
{Heap after GC invocations=895 (full 730):
 PSYoungGen      total 60928K, used 44543K [0x00000000f5580000, 0x00000000fa200000, 0x0000000100000000)
  eden space 44544K, 99% used [0x00000000f5580000,0x00000000f80fffd8,0x00000000f8100000)
  from space 16384K, 0% used [0x00000000f8100000,0x00000000f8100000,0x00000000f9100000)
  to   space 16384K, 0% used [0x00000000f9100000,0x00000000f9100000,0x00000000fa100000)
 ParOldGen       total 349696K, used 349695K [0x00000000e0000000, 0x00000000f5580000, 0x00000000f5580000)
  object space 349696K, 99% used [0x00000000e0000000,0x00000000f557fc58,0x00000000f5580000)
 Metaspace       used 61457K, committed 62656K, reserved 1105920K
  class space    used 6134K, committed 6592K, reserved 1048576K
}
Event: 1161.761 GC heap before
{Heap before GC invocations=896 (full 731):
 PSYoungGen      total 60928K, used 44543K [0x00000000f5580000, 0x00000000fa200000, 0x0000000100000000)
  eden space 44544K, 99% used [0x00000000f5580000,0x00000000f80ffff8,0x00000000f8100000)
  from space 16384K, 0% used [0x00000000f8100000,0x00000000f8100000,0x00000000f9100000)
  to   space 16384K, 0% used [0x00000000f9100000,0x00000000f9100000,0x00000000fa100000)
 ParOldGen       total 349696K, used 349695K [0x00000000e0000000, 0x00000000f5580000, 0x00000000f5580000)
  object space 349696K, 99% used [0x00000000e0000000,0x00000000f557fc58,0x00000000f5580000)
 Metaspace       used 61457K, committed 62656K, reserved 1105920K
  class space    used 6134K, committed 6592K, reserved 1048576K
}
Event: 1163.411 GC heap after
{Heap after GC invocations=896 (full 731):
 PSYoungGen      total 60928K, used 44543K [0x00000000f5580000, 0x00000000fa200000, 0x0000000100000000)
  eden space 44544K, 99% used [0x00000000f5580000,0x00000000f80ffff8,0x00000000f8100000)
  from space 16384K, 0% used [0x00000000f9100000,0x00000000f9100000,0x00000000fa100000)
  to   space 16384K, 0% used [0x00000000f8100000,0x00000000f8100000,0x00000000f9100000)
 ParOldGen       total 349696K, used 349695K [0x00000000e0000000, 0x00000000f5580000, 0x00000000f5580000)
  object space 349696K, 99% used [0x00000000e0000000,0x00000000f557fc58,0x00000000f5580000)
 Metaspace       used 61457K, committed 62656K, reserved 1105920K
  class space    used 6134K, committed 6592K, reserved 1048576K
}
Event: 1163.411 GC heap before
{Heap before GC invocations=897 (full 732):
 PSYoungGen      total 60928K, used 44543K [0x00000000f5580000, 0x00000000fa200000, 0x0000000100000000)
  eden space 44544K, 99% used [0x00000000f5580000,0x00000000f80ffff8,0x00000000f8100000)
  from space 16384K, 0% used [0x00000000f9100000,0x00000000f9100000,0x00000000fa100000)
  to   space 16384K, 0% used [0x00000000f8100000,0x00000000f8100000,0x00000000f9100000)
 ParOldGen       total 349696K, used 349695K [0x00000000e0000000, 0x00000000f5580000, 0x00000000f5580000)
  object space 349696K, 99% used [0x00000000e0000000,0x00000000f557fff0,0x00000000f5580000)
 Metaspace       used 61457K, committed 62656K, reserved 1105920K
  class space    used 6134K, committed 6592K, reserved 1048576K
}
Event: 1165.059 GC heap after
{Heap after GC invocations=897 (full 732):
 PSYoungGen      total 60928K, used 44543K [0x00000000f5580000, 0x00000000fa200000, 0x0000000100000000)
  eden space 44544K, 99% used [0x00000000f5580000,0x00000000f80fffd8,0x00000000f8100000)
  from space 16384K, 0% used [0x00000000f8100000,0x00000000f8100000,0x00000000f9100000)
  to   space 16384K, 0% used [0x00000000f9100000,0x00000000f9100000,0x00000000fa100000)
 ParOldGen       total 349696K, used 349695K [0x00000000e0000000, 0x00000000f5580000, 0x00000000f5580000)
  object space 349696K, 99% used [0x00000000e0000000,0x00000000f557fc70,0x00000000f5580000)
 Metaspace       used 61457K, committed 62656K, reserved 1105920K
  class space    used 6134K, committed 6592K, reserved 1048576K
}
Event: 1165.059 GC heap before
{Heap before GC invocations=898 (full 733):
 PSYoungGen      total 60928K, used 44543K [0x00000000f5580000, 0x00000000fa200000, 0x0000000100000000)
  eden space 44544K, 99% used [0x00000000f5580000,0x00000000f80fffd8,0x00000000f8100000)
  from space 16384K, 0% used [0x00000000f8100000,0x00000000f8100000,0x00000000f9100000)
  to   space 16384K, 0% used [0x00000000f9100000,0x00000000f9100000,0x00000000fa100000)
 ParOldGen       total 349696K, used 349695K [0x00000000e0000000, 0x00000000f5580000, 0x00000000f5580000)
  object space 349696K, 99% used [0x00000000e0000000,0x00000000f557fc70,0x00000000f5580000)
 Metaspace       used 61457K, committed 62656K, reserved 1105920K
  class space    used 6134K, committed 6592K, reserved 1048576K
}
Event: 1166.639 GC heap after
{Heap after GC invocations=898 (full 733):
 PSYoungGen      total 60928K, used 44543K [0x00000000f5580000, 0x00000000fa200000, 0x0000000100000000)
  eden space 44544K, 99% used [0x00000000f5580000,0x00000000f80fffd8,0x00000000f8100000)
  from space 16384K, 0% used [0x00000000f9100000,0x00000000f9100000,0x00000000fa100000)
  to   space 16384K, 0% used [0x00000000f8100000,0x00000000f8100000,0x00000000f9100000)
 ParOldGen       total 349696K, used 349695K [0x00000000e0000000, 0x00000000f5580000, 0x00000000f5580000)
  object space 349696K, 99% used [0x00000000e0000000,0x00000000f557fc70,0x00000000f5580000)
 Metaspace       used 61457K, committed 62656K, reserved 1105920K
  class space    used 6134K, committed 6592K, reserved 1048576K
}

Dll operation events (9 events):
Event: 0.002 Loaded shared library /nix/store/gpxl5qgg8kicmcvivwmybwjlpf7wh20l-graalvm17-ce-22.3.0/lib/libjava.so
Event: 0.010 Loaded shared library /nix/store/gpxl5qgg8kicmcvivwmybwjlpf7wh20l-graalvm17-ce-22.3.0/lib/libjsvml.so
Event: 0.205 Loaded shared library /nix/store/gpxl5qgg8kicmcvivwmybwjlpf7wh20l-graalvm17-ce-22.3.0/lib/libnio.so
Event: 0.206 Loaded shared library /nix/store/gpxl5qgg8kicmcvivwmybwjlpf7wh20l-graalvm17-ce-22.3.0/lib/libjvmcicompiler.so
Event: 0.217 Loaded shared library /nix/store/gpxl5qgg8kicmcvivwmybwjlpf7wh20l-graalvm17-ce-22.3.0/lib/libzip.so
Event: 0.530 Loaded shared library /nix/store/gpxl5qgg8kicmcvivwmybwjlpf7wh20l-graalvm17-ce-22.3.0/lib/libjimage.so
Event: 1.109 Loaded shared library /nix/store/gpxl5qgg8kicmcvivwmybwjlpf7wh20l-graalvm17-ce-22.3.0/lib/libnet.so
Event: 4.400 Loaded shared library /home/runner/.cache/jdt-language-server/config/org.eclipse.equinox.launcher/org.eclipse.equinox.launcher.gtk.linux.x86_64_1.2.400.v20211117-0650/eclipse_11600.so
Event: 12.623 Loaded shared library /nix/store/gpxl5qgg8kicmcvivwmybwjlpf7wh20l-graalvm17-ce-22.3.0/lib/libextnet.so

Deoptimization events (20 events):
Event: 1114.168 Thread 0x00007fc07c0e4b00 Uncommon trap: trap_request=0xffffff8f fr.pc=0x00007fc106ff7ae5 relative=0x0000000000000145
Event: 1114.168 Thread 0x00007fc07c0e4b00 Uncommon trap: reason=constraint action=none pc=0x00007fc106ff7ae5 method=java.lang.AbstractStringBuilder.<init>(I)V @ 0 jvmci
Event: 1114.168 Thread 0x00007fc07c0e4b00 DEOPT PACKING pc=0x00007fc106ff7ae5 sp=0x00007fc0c34fe2d0
Event: 1114.168 Thread 0x00007fc07c0e4b00 DEOPT UNPACKING pc=0x00007fc0ff505325 sp=0x00007fc0c34fd778 mode 3
Event: 1119.113 Thread 0x00007fc118387960 Uncommon trap: trap_request=0xffffff8f fr.pc=0x00007fc107095992 relative=0x00000000000000f2
Event: 1119.113 Thread 0x00007fc118387960 Uncommon trap: reason=constraint action=none pc=0x00007fc107095992 method=java.util.Collections$UnmodifiableCollection$1.<init>(Ljava/util/Collections$UnmodifiableCollection;)V @ 22 jvmci
Event: 1122.454 Thread 0x00007fc118387960 DEOPT PACKING pc=0x00007fc107095992 sp=0x00007fc0c31fd9b0
Event: 1122.454 Thread 0x00007fc118387960 DEOPT UNPACKING pc=0x00007fc0ff505325 sp=0x00007fc0c31fcdd0 mode 1
Event: 1127.265 Thread 0x00007fc118387960 Uncommon trap: trap_request=0xffffff8f fr.pc=0x00007fc107095992 relative=0x00000000000000f2
Event: 1127.265 Thread 0x00007fc118387960 Uncommon trap: reason=constraint action=none pc=0x00007fc107095992 method=java.util.Collections$UnmodifiableCollection$1.<init>(Ljava/util/Collections$UnmodifiableCollection;)V @ 22 jvmci
Event: 1130.713 Thread 0x00007fc118387960 DEOPT PACKING pc=0x00007fc107095992 sp=0x00007fc0c31fd9b0
Event: 1130.713 Thread 0x00007fc118387960 DEOPT UNPACKING pc=0x00007fc0ff505325 sp=0x00007fc0c31fcdd0 mode 1
Event: 1141.253 Thread 0x00007fc07c0e4b00 Uncommon trap: trap_request=0xffffff8f fr.pc=0x00007fc1071de47d relative=0x000000000000053d
Event: 1141.253 Thread 0x00007fc07c0e4b00 Uncommon trap: reason=constraint action=none pc=0x00007fc1071de47d method=java.lang.AbstractStringBuilder.append(Ljava/lang/String;)Ljava/lang/AbstractStringBuilder; @ 0 jvmci
Event: 1141.253 Thread 0x00007fc07c0e4b00 DEOPT PACKING pc=0x00007fc1071de47d sp=0x00007fc0c34fe2e0
Event: 1141.253 Thread 0x00007fc07c0e4b00 DEOPT UNPACKING pc=0x00007fc0ff505325 sp=0x00007fc0c34fd790 mode 3
Event: 1144.453 Thread 0x00007fc07c0e4b00 Uncommon trap: trap_request=0xffffff8f fr.pc=0x00007fc106f9a391 relative=0x00000000000002f1
Event: 1144.453 Thread 0x00007fc07c0e4b00 Uncommon trap: reason=constraint action=none pc=0x00007fc106f9a391 method=java.lang.AbstractStringBuilder.newCapacity(I)I @ 32 jvmci
Event: 1144.453 Thread 0x00007fc07c0e4b00 DEOPT PACKING pc=0x00007fc106f9a391 sp=0x00007fc0c34fe260
Event: 1144.453 Thread 0x00007fc07c0e4b00 DEOPT UNPACKING pc=0x00007fc0ff505325 sp=0x00007fc0c34fd670 mode 3

Classes unloaded (20 events):
Event: 140.573 Thread 0x00007fc1180a1c10 Unloading class 0x0000000801114000 'jdk/internal/reflect/GeneratedConstructorAccessor36'
Event: 140.573 Thread 0x00007fc1180a1c10 Unloading class 0x00000008010f0c00 'jdk/internal/reflect/GeneratedMethodAccessor10'
Event: 140.573 Thread 0x00007fc1180a1c10 Unloading class 0x00000008010f0800 'jdk/internal/reflect/GeneratedMethodAccessor9'
Event: 140.573 Thread 0x00007fc1180a1c10 Unloading class 0x00000008010f0400 'jdk/internal/reflect/GeneratedMethodAccessor8'
Event: 140.573 Thread 0x00007fc1180a1c10 Unloading class 0x00000008010f0000 'jdk/internal/reflect/GeneratedMethodAccessor7'
Event: 140.573 Thread 0x00007fc1180a1c10 Unloading class 0x00000008010cc000 'jdk/internal/reflect/GeneratedSerializationConstructorAccessor3'
Event: 140.573 Thread 0x00007fc1180a1c10 Unloading class 0x0000000801098400 'jdk/internal/reflect/GeneratedSerializationConstructorAccessor2'
Event: 140.573 Thread 0x00007fc1180a1c10 Unloading class 0x0000000801098000 'jdk/internal/reflect/GeneratedSerializationConstructorAccessor1'
Event: 140.573 Thread 0x00007fc1180a1c10 Unloading class 0x0000000801058800 'java/lang/invoke/LambdaForm$MH+0x0000000801058800'
Event: 140.573 Thread 0x00007fc1180a1c10 Unloading class 0x0000000801058400 'java/lang/invoke/LambdaForm$MH+0x0000000801058400'
Event: 140.573 Thread 0x00007fc1180a1c10 Unloading class 0x0000000801058000 'java/lang/invoke/LambdaForm$MH+0x0000000801058000'
Event: 140.573 Thread 0x00007fc1180a1c10 Unloading class 0x0000000801056c00 'java/lang/invoke/LambdaForm$MH+0x0000000801056c00'
Event: 140.573 Thread 0x00007fc1180a1c10 Unloading class 0x0000000801056800 'java/lang/invoke/LambdaForm$MH+0x0000000801056800'
Event: 140.573 Thread 0x00007fc1180a1c10 Unloading class 0x0000000801056400 'java/lang/invoke/LambdaForm$MH+0x0000000801056400'
Event: 140.573 Thread 0x00007fc1180a1c10 Unloading class 0x0000000800ef1000 'jdk/internal/reflect/GeneratedConstructorAccessor12'
Event: 140.573 Thread 0x00007fc1180a1c10 Unloading class 0x0000000800ef0800 'jdk/internal/reflect/GeneratedConstructorAccessor10'
Event: 140.573 Thread 0x00007fc1180a1c10 Unloading class 0x0000000800ef0400 'jdk/internal/reflect/GeneratedConstructorAccessor9'
Event: 140.573 Thread 0x00007fc1180a1c10 Unloading class 0x0000000800ef0000 'jdk/internal/reflect/GeneratedConstructorAccessor8'
Event: 140.573 Thread 0x00007fc1180a1c10 Unloading class 0x0000000800da4400 'java/lang/invoke/LambdaForm$MH+0x0000000800da4400'
Event: 140.573 Thread 0x00007fc1180a1c10 Unloading class 0x0000000800d04000 'java/lang/invoke/LambdaForm$MH+0x0000000800d04000'

Classes redefined (0 events):
No events

Internal exceptions (20 events):
Event: 1105.730 Thread 0x00007fc07c0e4b00 Exception <a 'java/lang/OutOfMemoryError'{0x00000000e00109b0}> (0x00000000e00109b0) 
thrown [src/hotspot/share/gc/shared/memAllocator.cpp, line 136]
Event: 1110.482 Thread 0x00007fc07c0e4b00 Exception <a 'java/lang/OutOfMemoryError'{0x00000000e0010690}> (0x00000000e0010690) 
thrown [src/hotspot/share/gc/shared/memAllocator.cpp, line 138]
Event: 1110.482 Thread 0x00007fc07c0e4b00 Implicit null exception at 0x00007fc107047175 to 0x00007fc10704717c
Event: 1114.168 Thread 0x00007fc07c0e4b00 Exception <a 'java/lang/OutOfMemoryError'{0x00000000e0010690}> (0x00000000e0010690) 
thrown [src/hotspot/share/gc/shared/memAllocator.cpp, line 138]
Event: 1114.168 Thread 0x00007fc07c0e4b00 Implicit null exception at 0x00007fc106ff7ab7 to 0x00007fc106ff7aca
Event: 1119.113 Thread 0x00007fc118387960 Exception <a 'java/lang/OutOfMemoryError'{0x00000000e0010690}> (0x00000000e0010690) 
thrown [src/hotspot/share/gc/shared/memAllocator.cpp, line 138]
Event: 1119.113 Thread 0x00007fc118387960 Implicit null exception at 0x00007fc107095973 to 0x00007fc107095977
Event: 1122.454 Thread 0x00007fc118387960 Exception <a 'java/lang/OutOfMemoryError'{0x00000000e00109b0}> (0x00000000e00109b0) 
thrown [src/hotspot/share/gc/shared/memAllocator.cpp, line 136]
Event: 1122.454 Thread 0x00007fc118387960 Exception <a 'java/lang/OutOfMemoryError'{0x00000000e0010710}> (0x00000000e0010710) 
thrown [src/hotspot/share/runtime/deoptimization.cpp, line 1108]
Event: 1127.265 Thread 0x00007fc118387960 Exception <a 'java/lang/OutOfMemoryError'{0x00000000e0010690}> (0x00000000e0010690) 
thrown [src/hotspot/share/gc/shared/memAllocator.cpp, line 138]
Event: 1127.265 Thread 0x00007fc118387960 Implicit null exception at 0x00007fc107095973 to 0x00007fc107095977
Event: 1130.713 Thread 0x00007fc118387960 Exception <a 'java/lang/OutOfMemoryError'{0x00000000e00109b0}> (0x00000000e00109b0) 
thrown [src/hotspot/share/gc/shared/memAllocator.cpp, line 136]
Event: 1130.713 Thread 0x00007fc118387960 Exception <a 'java/lang/OutOfMemoryError'{0x00000000e0010710}> (0x00000000e0010710) 
thrown [src/hotspot/share/runtime/deoptimization.cpp, line 1108]
Event: 1141.253 Thread 0x00007fc07c0e4b00 Exception <a 'java/lang/OutOfMemoryError'{0x00000000e0010690}> (0x00000000e0010690) 
thrown [src/hotspot/share/gc/shared/memAllocator.cpp, line 138]
Event: 1141.253 Thread 0x00007fc07c0e4b00 Implicit null exception at 0x00007fc1071de2e2 to 0x00007fc1071de462
Event: 1144.453 Thread 0x00007fc07c0e4b00 Exception <a 'java/lang/OutOfMemoryError'{0x00000000e0010690}> (0x00000000e0010690) 
thrown [src/hotspot/share/gc/shared/memAllocator.cpp, line 138]
Event: 1144.453 Thread 0x00007fc07c0e4b00 Implicit null exception at 0x00007fc106f9a2c8 to 0x00007fc106f9a376
Event: 1147.500 Thread 0x00007fc07c0e4b00 Exception <a 'java/lang/OutOfMemoryError'{0x00000000e00109b0}> (0x00000000e00109b0) 
thrown [src/hotspot/share/gc/shared/memAllocator.cpp, line 136]
Event: 1160.129 Thread 0x00007fc098001300 Exception <a 'java/lang/OutOfMemoryError'{0x00000000e00109b0}> (0x00000000e00109b0) 
thrown [src/hotspot/share/gc/shared/memAllocator.cpp, line 136]
Event: 1166.639 Thread 0x00007fc1180b21e0 Exception <a 'java/lang/OutOfMemoryError'{0x00000000e00109b0}> (0x00000000e00109b0) 
thrown [src/hotspot/share/gc/shared/memAllocator.cpp, line 136]

VM Operations (20 events):
Event: 1147.500 Executing VM operation: ParallelGCFailedAllocation
Event: 1148.912 Executing VM operation: ParallelGCFailedAllocation done
Event: 1148.912 Executing VM operation: ParallelGCFailedAllocation
Event: 1150.459 Executing VM operation: ParallelGCFailedAllocation done
Event: 1150.459 Executing VM operation: ParallelGCFailedAllocation
Event: 1152.045 Executing VM operation: ParallelGCFailedAllocation done
Event: 1152.046 Executing VM operation: ParallelGCFailedAllocation
Event: 1153.863 Executing VM operation: ParallelGCFailedAllocation done
Event: 1153.864 Executing VM operation: ParallelGCFailedAllocation
Event: 1155.565 Executing VM operation: ParallelGCFailedAllocation done
Event: 1155.565 Executing VM operation: ParallelGCFailedAllocation
Event: 1157.169 Executing VM operation: ParallelGCFailedAllocation done
Event: 1157.169 Executing VM operation: ParallelGCFailedAllocation
Event: 1160.129 Executing VM operation: ParallelGCFailedAllocation done
Event: 1160.129 Executing VM operation: ParallelGCFailedAllocation
Event: 1161.761 Executing VM operation: ParallelGCFailedAllocation done
Event: 1161.761 Executing VM operation: ParallelGCFailedAllocation
Event: 1163.411 Executing VM operation: ParallelGCFailedAllocation done
Event: 1163.411 Executing VM operation: ParallelGCFailedAllocation
Event: 1166.639 Executing VM operation: ParallelGCFailedAllocation done

Events (20 events):
Event: 355.105 loading class java/io/InterruptedIOException
Event: 355.105 loading class java/io/InterruptedIOException done
Event: 355.105 loading class javax/net/ssl/SSLException
Event: 355.105 loading class javax/net/ssl/SSLException done
Event: 360.734 loading class java/lang/AssertionError
Event: 360.734 loading class java/lang/AssertionError done
Event: 363.645 Thread 0x00007fc07443b040 Thread exited: 0x00007fc07443b040
Event: 363.645 Thread 0x00007fc078001dd0 Thread exited: 0x00007fc078001dd0
Event: 420.366 Thread 0x00007fc07443be90 Thread exited: 0x00007fc07443be90
Event: 839.488 Thread 0x00007fc07c0e4b00 Thread added: 0x00007fc07c0e4b00
Event: 839.488 Protecting memory [0x00007fc0c3400000,0x00007fc0c3404000] with protection modes 0
Event: 1050.598 Thread 0x00007fc080002320 Thread exited: 0x00007fc080002320
Event: 1060.832 loading class java/util/concurrent/CompletionException
Event: 1060.832 loading class java/util/concurrent/CompletionException done
Event: 1071.326 loading class java/util/concurrent/CancellationException
Event: 1071.326 loading class java/util/logging/LogRecord
Event: 1085.553 loading class java/util/concurrent/CancellationException done
Event: 1088.743 loading class java/util/logging/LogRecord done
Event: 1148.912 loading class java/lang/Throwable$WrappedPrintStream
Event: 1150.459 loading class java/lang/Throwable$WrappedPrintStream done


Dynamic libraries:
e0000000-f5580000 rw-p 00000000 00:00 0 
f5580000-fa200000 rw-p 00000000 00:00 0 
fa200000-100000000 ---p 00000000 00:00 0 
800000000-800449000 rw-p 00001000 00:13cc 4611686019135357769            /nix/store/gpxl5qgg8kicmcvivwmybwjlpf7wh20l-graalvm17-ce-22.3.0/lib/server/classes.jsa
800449000-800bc8000 r--p 0044a000 00:13cc 4611686019135357769            /nix/store/gpxl5qgg8kicmcvivwmybwjlpf7wh20l-graalvm17-ce-22.3.0/lib/server/classes.jsa
800bc8000-800c00000 ---p 00000000 00:00 0 
800c00000-800c20000 rw-p 00000000 00:00 0 
800c20000-800c40000 rw-p 00000000 00:00 0 
800c40000-800cc0000 rw-p 00000000 00:00 0 
800cc0000-800d00000 rw-p 00000000 00:00 0 
800d00000-800dc0000 rw-p 00000000 00:00 0 
800dc0000-800e00000 rw-p 00000000 00:00 0 
800e00000-800f40000 rw-p 00000000 00:00 0 
800f40000-800fc0000 rw-p 00000000 00:00 0 
800fc0000-801000000 rw-p 00000000 00:00 0 
801000000-801270000 rw-p 00000000 00:00 0 
801270000-840c00000 ---p 00000000 00:00 0 
55eff6887000-55eff6888000 r-xp 00000000 00:13cc 4611686019099417844      /nix/store/gpxl5qgg8kicmcvivwmybwjlpf7wh20l-graalvm17-ce-22.3.0/bin/.java-wrapped
55eff6889000-55eff688a000 r--p 00001000 00:13cc 4611686019099417844      /nix/store/gpxl5qgg8kicmcvivwmybwjlpf7wh20l-graalvm17-ce-22.3.0/bin/.java-wrapped
55eff688a000-55eff688b000 rw-p 00002000 00:13cc 4611686019099417844      /nix/store/gpxl5qgg8kicmcvivwmybwjlpf7wh20l-graalvm17-ce-22.3.0/bin/.java-wrapped
55eff688b000-55eff688c000 rw-p 00004000 00:13cc 4611686019099417844      /nix/store/gpxl5qgg8kicmcvivwmybwjlpf7wh20l-graalvm17-ce-22.3.0/bin/.java-wrapped
55eff688c000-55eff688d000 rw-p 00005000 00:13cc 4611686019099417844      /nix/store/gpxl5qgg8kicmcvivwmybwjlpf7wh20l-graalvm17-ce-22.3.0/bin/.java-wrapped
55eff6e03000-55eff6e73000 rw-p 00000000 00:00 0                          [heap]
7fc02c000000-7fc02c02a000 rw-p 00000000 00:00 0 
7fc02c02a000-7fc030000000 ---p 00000000 00:00 0 
7fc030000000-7fc03002d000 rw-p 00000000 00:00 0 
7fc03002d000-7fc034000000 ---p 00000000 00:00 0 
7fc034000000-7fc034021000 rw-p 00000000 00:00 0 
7fc034021000-7fc038000000 ---p 00000000 00:00 0 
7fc038000000-7fc038033000 rw-p 00000000 00:00 0 
7fc038033000-7fc03c000000 ---p 00000000 00:00 0 
7fc03c000000-7fc03c024000 rw-p 00000000 00:00 0 
7fc03c024000-7fc040000000 ---p 00000000 00:00 0 
7fc040000000-7fc040061000 rw-p 00000000 00:00 0 
7fc040061000-7fc044000000 ---p 00000000 00:00 0 
7fc044000000-7fc044021000 rw-p 00000000 00:00 0 
7fc044021000-7fc048000000 ---p 00000000 00:00 0 
7fc048000000-7fc048021000 rw-p 00000000 00:00 0 
7fc048021000-7fc04c000000 ---p 00000000 00:00 0 
7fc04c000000-7fc04c04f000 rw-p 00000000 00:00 0 
7fc04c04f000-7fc050000000 ---p 00000000 00:00 0 
7fc050000000-7fc05024e000 rw-p 00000000 00:00 0 
7fc05024e000-7fc054000000 ---p 00000000 00:00 0 
7fc054000000-7fc054021000 rw-p 00000000 00:00 0 
7fc054021000-7fc058000000 ---p 00000000 00:00 0 
7fc058000000-7fc05804f000 rw-p 00000000 00:00 0 
7fc05804f000-7fc05c000000 ---p 00000000 00:00 0 
7fc05c000000-7fc05c021000 rw-p 00000000 00:00 0 
7fc05c021000-7fc060000000 ---p 00000000 00:00 0 
7fc060000000-7fc060021000 rw-p 00000000 00:00 0 
7fc060021000-7fc064000000 ---p 00000000 00:00 0 
7fc064000000-7fc064021000 rw-p 00000000 00:00 0 
7fc064021000-7fc068000000 ---p 00000000 00:00 0 
7fc069300000-7fc069400000 ---p 00000000 00:00 0 
7fc069400000-7fc0699af000 r--p 01122000 00:13cc 4611686019135190040      /nix/store/gpxl5qgg8kicmcvivwmybwjlpf7wh20l-graalvm17-ce-22.3.0/lib/libjvmcicompiler.so
7fc0699af000-7fc069b00000 r--p 00000000 00:00 0 
7fc069b00000-7fc069b3d000 rw-p 00000000 00:00 0 
7fc069b3d000-7fc06a05d000 rw-p 0185f000 00:13cc 4611686019135190040      /nix/store/gpxl5qgg8kicmcvivwmybwjlpf7wh20l-graalvm17-ce-22.3.0/lib/libjvmcicompiler.so
7fc06a05d000-7fc06a444000 r--p 01d7f000 00:13cc 4611686019135190040      /nix/store/gpxl5qgg8kicmcvivwmybwjlpf7wh20l-graalvm17-ce-22.3.0/lib/libjvmcicompiler.so
7fc06a4b3000-7fc074000000 r--s 00000000 00:13cc 4611686019135192581      /nix/store/gpxl5qgg8kicmcvivwmybwjlpf7wh20l-graalvm17-ce-22.3.0/lib/modules
7fc074000000-7fc0744e9000 rw-p 00000000 00:00 0 
7fc0744e9000-7fc078000000 ---p 00000000 00:00 0 
7fc078000000-7fc078021000 rw-p 00000000 00:00 0 
7fc078021000-7fc07c000000 ---p 00000000 00:00 0 
7fc07c000000-7fc07c18c000 rw-p 00000000 00:00 0 
7fc07c18c000-7fc080000000 ---p 00000000 00:00 0 
7fc080000000-7fc080130000 rw-p 00000000 00:00 0 
7fc080130000-7fc084000000 ---p 00000000 00:00 0 
7fc084000000-7fc084021000 rw-p 00000000 00:00 0 
7fc084021000-7fc088000000 ---p 00000000 00:00 0 
7fc088000000-7fc0880f6000 rw-p 00000000 00:00 0 
7fc0880f6000-7fc08c000000 ---p 00000000 00:00 0 
7fc08c000000-7fc08c064000 rw-p 00000000 00:00 0 
7fc08c064000-7fc090000000 ---p 00000000 00:00 0 
7fc090000000-7fc090021000 rw-p 00000000 00:00 0 
7fc090021000-7fc094000000 ---p 00000000 00:00 0 
7fc094000000-7fc094323000 rw-p 00000000 00:00 0 
7fc094323000-7fc098000000 ---p 00000000 00:00 0 
7fc098000000-7fc098058000 rw-p 00000000 00:00 0 
7fc098058000-7fc09c000000 ---p 00000000 00:00 0 
7fc09c000000-7fc09c021000 rw-p 00000000 00:00 0 
7fc09c021000-7fc0a0000000 ---p 00000000 00:00 0 
7fc0a0000000-7fc0a0021000 rw-p 00000000 00:00 0 
7fc0a0021000-7fc0a4000000 ---p 00000000 00:00 0 
7fc0a4000000-7fc0a4021000 rw-p 00000000 00:00 0 
7fc0a4021000-7fc0a8000000 ---p 00000000 00:00 0 
7fc0a8400000-7fc0a8b80000 rw-p 00000000 00:00 0 
7fc0a8b80000-7fc0a8c00000 ---p 00000000 00:00 0 
7fc0a8c00000-7fc0a8d80000 rw-p 00000000 00:00 0 
7fc0a8d80000-7fc0a8e00000 rw-p 00000000 00:00 0 
7fc0a8e00000-7fc0a9300000 rw-p 00000000 00:00 0 
7fc0a9300000-7fc0a9340000 rw-p 00000000 00:00 0 
7fc0a9340000-7fc0a9400000 ---p 00000000 00:00 0 
7fc0a9c00000-7fc0a9d00000 rw-p 00000000 00:00 0 
7fc0a9d00000-7fc0a9e00000 rw-p 00000000 00:00 0 
7fc0a9e00000-7fc0aa400000 rw-p 00000000 00:00 0 
7fc0aa400000-7fc0aa480000 rw-p 00000000 00:00 0 
7fc0aa480000-7fc0aa500000 rw-p 00000000 00:00 0 
7fc0aa500000-7fc0aa700000 rw-p 00000000 00:00 0 
7fc0aa700000-7fc0aa800000 rw-p 00000000 00:00 0 
7fc0aa800000-7fc0aa900000 rw-p 00000000 00:00 0 
7fc0aa900000-7fc0aaa00000 rw-p 00000000 00:00 0 
7fc0aaa00000-7fc0aac00000 rw-p 00000000 00:00 0 
7fc0aac00000-7fc0aad00000 rw-p 00000000 00:00 0 
7fc0aad00000-7fc0aae00000 rw-p 00000000 00:00 0 
7fc0aae00000-7fc0ab380000 rw-p 00000000 00:00 0 
7fc0ab380000-7fc0ab400000 rw-p 00000000 00:00 0 
7fc0ab400000-7fc0ab500000 rw-p 00000000 00:00 0 
7fc0ab500000-7fc0ab600000 rw-p 00000000 00:00 0 
7fc0ab600000-7fc0abb00000 rw-p 00000000 00:00 0 
7fc0abb00000-7fc0abc00000 rw-p 00000000 00:00 0 
7fc0ac000000-7fc0ac8bc000 rw-p 00000000 00:00 0 
7fc0ac8bc000-7fc0b0000000 ---p 00000000 00:00 0 
7fc0b0000000-7fc0b0036000 rw-p 00000000 00:00 0 
7fc0b0036000-7fc0b4000000 ---p 00000000 00:00 0 
7fc0b4000000-7fc0b4021000 rw-p 00000000 00:00 0 
7fc0b4021000-7fc0b8000000 ---p 00000000 00:00 0 
7fc0b8000000-7fc0b8021000 rw-p 00000000 00:00 0 
7fc0b8021000-7fc0bc000000 ---p 00000000 00:00 0 
7fc0bc000000-7fc0bc021000 rw-p 00000000 00:00 0 
7fc0bc021000-7fc0c0000000 ---p 00000000 00:00 0 
7fc0c0900000-7fc0c0904000 ---p 00000000 00:00 0 
7fc0c0904000-7fc0c0a00000 rw-p 00000000 00:00 0 
7fc0c0b00000-7fc0c0b04000 ---p 00000000 00:00 0 
7fc0c0b04000-7fc0c0c00000 rw-p 00000000 00:00 0 
7fc0c0c00000-7fc0c0c10000 r-xp 00000000 00:1284 353                      /home/runner/.cache/jdt-language-server/config/org.eclipse.equinox.launcher/org.eclipse.equinox.launcher.gtk.linux.x86_64_1.2.400.v20211117-0650/eclipse_11600.so
7fc0c0c10000-7fc0c0e0f000 ---p 00010000 00:1284 353                      /home/runner/.cache/jdt-language-server/config/org.eclipse.equinox.launcher/org.eclipse.equinox.launcher.gtk.linux.x86_64_1.2.400.v20211117-0650/eclipse_11600.so
7fc0c0e0f000-7fc0c0e10000 r--p 0000f000 00:1284 353                      /home/runner/.cache/jdt-language-server/config/org.eclipse.equinox.launcher/org.eclipse.equinox.launcher.gtk.linux.x86_64_1.2.400.v20211117-0650/eclipse_11600.so
7fc0c0e10000-7fc0c0e11000 rw-p 00010000 00:1284 353                      /home/runner/.cache/jdt-language-server/config/org.eclipse.equinox.launcher/org.eclipse.equinox.launcher.gtk.linux.x86_64_1.2.400.v20211117-0650/eclipse_11600.so
7fc0c0f00000-7fc0c0f04000 ---p 00000000 00:00 0 
7fc0c0f04000-7fc0c1000000 rw-p 00000000 00:00 0 
7fc0c1100000-7fc0c1104000 ---p 00000000 00:00 0 
7fc0c1104000-7fc0c1200000 rw-p 00000000 00:00 0 
7fc0c1300000-7fc0c1304000 ---p 00000000 00:00 0 
7fc0c1304000-7fc0c1400000 rw-p 00000000 00:00 0 
7fc0c1500000-7fc0c1504000 ---p 00000000 00:00 0 
7fc0c1504000-7fc0c1600000 rw-p 00000000 00:00 0 
7fc0c1600000-7fc0c1604000 ---p 00000000 00:00 0 
7fc0c1604000-7fc0c1700000 rw-p 00000000 00:00 0 
7fc0c1700000-7fc0c1704000 ---p 00000000 00:00 0 
7fc0c1704000-7fc0c1800000 rw-p 00000000 00:00 0 
7fc0c1900000-7fc0c1904000 ---p 00000000 00:00 0 
7fc0c1904000-7fc0c1a00000 rw-p 00000000 00:00 0 
7fc0c1b00000-7fc0c1b04000 ---p 00000000 00:00 0 
7fc0c1b04000-7fc0c1c00000 rw-p 00000000 00:00 0 
7fc0c1d00000-7fc0c1d04000 ---p 00000000 00:00 0 
7fc0c1d04000-7fc0c1e00000 rw-p 00000000 00:00 0 
7fc0c1f00000-7fc0c1f04000 ---p 00000000 00:00 0 
7fc0c1f04000-7fc0c2000000 rw-p 00000000 00:00 0 
7fc0c2100000-7fc0c2104000 ---p 00000000 00:00 0 
7fc0c2104000-7fc0c2200000 rw-p 00000000 00:00 0 
7fc0c2300000-7fc0c2304000 ---p 00000000 00:00 0 
7fc0c2304000-7fc0c2400000 rw-p 00000000 00:00 0 
7fc0c2500000-7fc0c2504000 ---p 00000000 00:00 0 
7fc0c2504000-7fc0c2600000 rw-p 00000000 00:00 0 
7fc0c2700000-7fc0c2704000 ---p 00000000 00:00 0 
7fc0c2704000-7fc0c2800000 rw-p 00000000 00:00 0 
7fc0c2900000-7fc0c2904000 ---p 00000000 00:00 0 
7fc0c2904000-7fc0c2a00000 rw-p 00000000 00:00 0 
7fc0c2b00000-7fc0c2b04000 ---p 00000000 00:00 0 
7fc0c2b04000-7fc0c2c00000 rw-p 00000000 00:00 0 
7fc0c2d00000-7fc0c2d04000 ---p 00000000 00:00 0 
7fc0c2d04000-7fc0c2e00000 rw-p 00000000 00:00 0 
7fc0c2f00000-7fc0c2f04000 ---p 00000000 00:00 0 
7fc0c2f04000-7fc0c3000000 rw-p 00000000 00:00 0 
7fc0c3100000-7fc0c3104000 ---p 00000000 00:00 0 
7fc0c3104000-7fc0c3200000 rw-p 00000000 00:00 0 
7fc0c3200000-7fc0c3204000 ---p 00000000 00:00 0 
7fc0c3204000-7fc0c3300000 rw-p 00000000 00:00 0 
7fc0c3300000-7fc0c3304000 ---p 00000000 00:00 0 
7fc0c3304000-7fc0c3400000 rw-p 00000000 00:00 0 
7fc0c3400000-7fc0c3404000 ---p 00000000 00:00 0 
7fc0c3404000-7fc0c3500000 rw-p 00000000 00:00 0 
7fc0c3500000-7fc0c3504000 ---p 00000000 00:00 0 
7fc0c3504000-7fc0c3600000 rw-p 00000000 00:00 0 
7fc0c3600000-7fc0c3604000 ---p 00000000 00:00 0 
7fc0c3604000-7fc0c3700000 rw-p 00000000 00:00 0 
7fc0c3700000-7fc0c3704000 ---p 00000000 00:00 0 
7fc0c3704000-7fc0c3800000 rw-p 00000000 00:00 0 
7fc0c3900000-7fc0c3904000 ---p 00000000 00:00 0 
7fc0c3904000-7fc0c3a00000 rw-p 00000000 00:00 0 
7fc0c3b00000-7fc0c3b04000 ---p 00000000 00:00 0 
7fc0c3b04000-7fc0c3c00000 rw-p 00000000 00:00 0 
7fc0c3c00000-7fc0c3c04000 ---p 00000000 00:00 0 
7fc0c3c04000-7fc0c3d00000 rw-p 00000000 00:00 0 
7fc0c3d00000-7fc0c3d04000 ---p 00000000 00:00 0 
7fc0c3d04000-7fc0c3e00000 rw-p 00000000 00:00 0 
7fc0c3f00000-7fc0c3f04000 ---p 00000000 00:00 0 
7fc0c3f04000-7fc0c4000000 rw-p 00000000 00:00 0 
7fc0c4000000-7fc0c4021000 rw-p 00000000 00:00 0 
7fc0c4021000-7fc0c8000000 ---p 00000000 00:00 0 
7fc0c8000000-7fc0c8021000 rw-p 00000000 00:00 0 
7fc0c8021000-7fc0cc000000 ---p 00000000 00:00 0 
7fc0cc100000-7fc0cc104000 ---p 00000000 00:00 0 
7fc0cc104000-7fc0cc200000 rw-p 00000000 00:00 0 
7fc0cc300000-7fc0cc304000 ---p 00000000 00:00 0 
7fc0cc304000-7fc0cc400000 rw-p 00000000 00:00 0 
7fc0cc500000-7fc0cc504000 ---p 00000000 00:00 0 
7fc0cc504000-7fc0cc600000 rw-p 00000000 00:00 0 
7fc0cc700000-7fc0cc704000 ---p 00000000 00:00 0 
7fc0cc704000-7fc0cc800000 rw-p 00000000 00:00 0 
7fc0cd468000-7fc0cd900000 rw-p 00000000 00:00 0 
7fc0cda00000-7fc0cfb6a000 r-xp 00000000 00:13cc 4611686019135190040      /nix/store/gpxl5qgg8kicmcvivwmybwjlpf7wh20l-graalvm17-ce-22.3.0/lib/libjvmcicompiler.so
7fc0cfb6a000-7fc0cfd69000 ---p 0216a000 00:13cc 4611686019135190040      /nix/store/gpxl5qgg8kicmcvivwmybwjlpf7wh20l-graalvm17-ce-22.3.0/lib/libjvmcicompiler.so
7fc0cfd69000-7fc0cfd6a000 r--p 02169000 00:13cc 4611686019135190040      /nix/store/gpxl5qgg8kicmcvivwmybwjlpf7wh20l-graalvm17-ce-22.3.0/lib/libjvmcicompiler.so
7fc0cfd6a000-7fc0cfd6c000 rw-p 0216a000 00:13cc 4611686019135190040      /nix/store/gpxl5qgg8kicmcvivwmybwjlpf7wh20l-graalvm17-ce-22.3.0/lib/libjvmcicompiler.so
7fc0cfd6c000-7fc0cfd6d000 rw-p 00000000 00:00 0 
7fc0cfd6d000-7fc0cfd72000 rw-p 023c3000 00:13cc 4611686019135190040      /nix/store/gpxl5qgg8kicmcvivwmybwjlpf7wh20l-graalvm17-ce-22.3.0/lib/libjvmcicompiler.so
7fc0cfdfe000-7fc0cfe02000 ---p 00000000 00:00 0 
7fc0cfe02000-7fc0cfefe000 rw-p 00000000 00:00 0 
7fc0cfefe000-7fc0cfeff000 ---p 00000000 00:00 0 
7fc0cfeff000-7fc0d0000000 rw-p 00000000 00:00 0 
7fc0d0000000-7fc0d0021000 rw-p 00000000 00:00 0 
7fc0d0021000-7fc0d4000000 ---p 00000000 00:00 0 
7fc0d4000000-7fc0d4021000 rw-p 00000000 00:00 0 
7fc0d4021000-7fc0d8000000 ---p 00000000 00:00 0 
7fc0d8000000-7fc0d80f0000 rw-p 00000000 00:00 0 
7fc0d80f0000-7fc0dc000000 ---p 00000000 00:00 0 
7fc0dc000000-7fc0dcb3a000 rw-p 00000000 00:00 0 
7fc0dcb3a000-7fc0e0000000 ---p 00000000 00:00 0 
7fc0e0000000-7fc0e0021000 rw-p 00000000 00:00 0 
7fc0e0021000-7fc0e4000000 ---p 00000000 00:00 0 
7fc0e4000000-7fc0e4021000 rw-p 00000000 00:00 0 
7fc0e4021000-7fc0e8000000 ---p 00000000 00:00 0 
7fc0e8000000-7fc0e8021000 rw-p 00000000 00:00 0 
7fc0e8021000-7fc0ec000000 ---p 00000000 00:00 0 
7fc0ec000000-7fc0ec021000 rw-p 00000000 00:00 0 
7fc0ec021000-7fc0f0000000 ---p 00000000 00:00 0 
7fc0f0000000-7fc0f0021000 rw-p 00000000 00:00 0 
7fc0f0021000-7fc0f4000000 ---p 00000000 00:00 0 
7fc0f4000000-7fc0f4021000 rw-p 00000000 00:00 0 
7fc0f4021000-7fc0f8000000 ---p 00000000 00:00 0 
7fc0f8000000-7fc0f8093000 rw-p 00000000 00:00 0 
7fc0f8093000-7fc0fc000000 ---p 00000000 00:00 0 
7fc0fc018000-7fc0fc01c000 ---p 00000000 00:00 0 
7fc0fc01c000-7fc0fc118000 rw-p 00000000 00:00 0 
7fc0fc118000-7fc0fc11c000 ---p 00000000 00:00 0 
7fc0fc11c000-7fc0fc218000 rw-p 00000000 00:00 0 
7fc0fc218000-7fc0fc21c000 ---p 00000000 00:00 0 
7fc0fc21c000-7fc0fc318000 rw-p 00000000 00:00 0 
7fc0fc318000-7fc0fc31c000 ---p 00000000 00:00 0 
7fc0fc31c000-7fc0fc518000 rw-p 00000000 00:00 0 
7fc0fc518000-7fc0fc51c000 ---p 00000000 00:00 0 
7fc0fc51c000-7fc0fc718000 rw-p 00000000 00:00 0 
7fc0fc718000-7fc0fc71c000 ---p 00000000 00:00 0 
7fc0fc71c000-7fc0fc818000 rw-p 00000000 00:00 0 
7fc0fc818000-7fc0fc81c000 ---p 00000000 00:00 0 
7fc0fc81c000-7fc0fc918000 rw-p 00000000 00:00 0 
7fc0fc918000-7fc0fc91c000 ---p 00000000 00:00 0 
7fc0fc91c000-7fc0fca18000 rw-p 00000000 00:00 0 
7fc0fca18000-7fc0fccfe000 r--p 00000000 00:99f 28444448                  /usr/lib/locale/locale-archive
7fc0fccfe000-7fc0fcd02000 ---p 00000000 00:00 0 
7fc0fcd02000-7fc0fcdfe000 rw-p 00000000 00:00 0 
7fc0fcdfe000-7fc0fce02000 ---p 00000000 00:00 0 
7fc0fce02000-7fc0fcefe000 rw-p 00000000 00:00 0 
7fc0fcefe000-7fc0fceff000 ---p 00000000 00:00 0 
7fc0fceff000-7fc0fd400000 rw-p 00000000 00:00 0 
7fc0fd400000-7fc0fd700000 rw-p 00000000 00:00 0 
7fc0fd700000-7fc0fd800000 rw-p 00000000 00:00 0 
7fc0fd85b000-7fc0fd85d000 r-xp 00000000 00:13cc 4611686019135190017      /nix/store/gpxl5qgg8kicmcvivwmybwjlpf7wh20l-graalvm17-ce-22.3.0/lib/libextnet.so
7fc0fd85d000-7fc0fd85e000 r--p 00001000 00:13cc 4611686019135190017      /nix/store/gpxl5qgg8kicmcvivwmybwjlpf7wh20l-graalvm17-ce-22.3.0/lib/libextnet.so
7fc0fd85e000-7fc0fd85f000 rw-p 00002000 00:13cc 4611686019135190017      /nix/store/gpxl5qgg8kicmcvivwmybwjlpf7wh20l-graalvm17-ce-22.3.0/lib/libextnet.so
7fc0fd85f000-7fc0fd860000 rw-p 00004000 00:13cc 4611686019135190017      /nix/store/gpxl5qgg8kicmcvivwmybwjlpf7wh20l-graalvm17-ce-22.3.0/lib/libextnet.so
7fc0fd860000-7fc0fd864000 ---p 00000000 00:00 0 
7fc0fd864000-7fc0fd882000 rw-p 00000000 00:00 0 
7fc0fd882000-7fc0fd889000 r-xp 00000000 00:13cc 4611686019135192580      /nix/store/gpxl5qgg8kicmcvivwmybwjlpf7wh20l-graalvm17-ce-22.3.0/lib/libzip.so
7fc0fd889000-7fc0fd88a000 ---p 00007000 00:13cc 4611686019135192580      /nix/store/gpxl5qgg8kicmcvivwmybwjlpf7wh20l-graalvm17-ce-22.3.0/lib/libzip.so
7fc0fd88a000-7fc0fd88b000 r--p 00007000 00:13cc 4611686019135192580      /nix/store/gpxl5qgg8kicmcvivwmybwjlpf7wh20l-graalvm17-ce-22.3.0/lib/libzip.so
7fc0fd88b000-7fc0fd88c000 rw-p 00008000 00:13cc 4611686019135192580      /nix/store/gpxl5qgg8kicmcvivwmybwjlpf7wh20l-graalvm17-ce-22.3.0/lib/libzip.so
7fc0fd88c000-7fc0fd88e000 rw-p 0000b000 00:13cc 4611686019135192580      /nix/store/gpxl5qgg8kicmcvivwmybwjlpf7wh20l-graalvm17-ce-22.3.0/lib/libzip.so
7fc0fd88e000-7fc0fd8a3000 r-xp 00000000 00:13cc 4611686019135192570      /nix/store/gpxl5qgg8kicmcvivwmybwjlpf7wh20l-graalvm17-ce-22.3.0/lib/libnet.so
7fc0fd8a3000-7fc0fd8a4000 ---p 00015000 00:13cc 4611686019135192570      /nix/store/gpxl5qgg8kicmcvivwmybwjlpf7wh20l-graalvm17-ce-22.3.0/lib/libnet.so
7fc0fd8a4000-7fc0fd8a5000 r--p 00015000 00:13cc 4611686019135192570      /nix/store/gpxl5qgg8kicmcvivwmybwjlpf7wh20l-graalvm17-ce-22.3.0/lib/libnet.so
7fc0fd8a5000-7fc0fd8a6000 rw-p 00016000 00:13cc 4611686019135192570      /nix/store/gpxl5qgg8kicmcvivwmybwjlpf7wh20l-graalvm17-ce-22.3.0/lib/libnet.so
7fc0fd8a6000-7fc0fd8a9000 rw-p 0001b000 00:13cc 4611686019135192570      /nix/store/gpxl5qgg8kicmcvivwmybwjlpf7wh20l-graalvm17-ce-22.3.0/lib/libnet.so
7fc0fd8a9000-7fc0fd8bc000 r-xp 00000000 00:13cc 4611686019135192571      /nix/store/gpxl5qgg8kicmcvivwmybwjlpf7wh20l-graalvm17-ce-22.3.0/lib/libnio.so
7fc0fd8bc000-7fc0fd8bd000 r--p 00012000 00:13cc 4611686019135192571      /nix/store/gpxl5qgg8kicmcvivwmybwjlpf7wh20l-graalvm17-ce-22.3.0/lib/libnio.so
7fc0fd8bd000-7fc0fd8be000 rw-p 00013000 00:13cc 4611686019135192571      /nix/store/gpxl5qgg8kicmcvivwmybwjlpf7wh20l-graalvm17-ce-22.3.0/lib/libnio.so
7fc0fd8be000-7fc0fd8c3000 rw-p 00019000 00:13cc 4611686019135192571      /nix/store/gpxl5qgg8kicmcvivwmybwjlpf7wh20l-graalvm17-ce-22.3.0/lib/libnio.so
7fc0fd8c3000-7fc0fd991000 r-xp 00000000 00:13cc 4611686019135190036      /nix/store/gpxl5qgg8kicmcvivwmybwjlpf7wh20l-graalvm17-ce-22.3.0/lib/libjsvml.so
7fc0fd991000-7fc0fd992000 r--p 000cd000 00:13cc 4611686019135190036      /nix/store/gpxl5qgg8kicmcvivwmybwjlpf7wh20l-graalvm17-ce-22.3.0/lib/libjsvml.so
7fc0fd992000-7fc0fd993000 rw-p 000ce000 00:13cc 4611686019135190036      /nix/store/gpxl5qgg8kicmcvivwmybwjlpf7wh20l-graalvm17-ce-22.3.0/lib/libjsvml.so
7fc0fd993000-7fc0ff1c5000 rw-p 00000000 00:00 0 
7fc0ff1c5000-7fc0ff1c6000 ---p 00000000 00:00 0 
7fc0ff1c6000-7fc0ff371000 rw-p 00000000 00:00 0 
7fc0ff371000-7fc0ff398000 rw-p 00000000 00:00 0 
7fc0ff398000-7fc0ff3c7000 ---p 00000000 00:00 0 
7fc0ff3c7000-7fc0ff3ce000 rw-p 00000000 00:00 0 
7fc0ff3ce000-7fc0ff4b3000 ---p 00000000 00:00 0 
7fc0ff4b3000-7fc0ff723000 rwxp 00000000 00:00 0 
7fc0ff723000-7fc0ffa42000 ---p 00000000 00:00 0 
7fc0ffa42000-7fc100982000 rwxp 00000000 00:00 0 
7fc100982000-7fc106f7a000 ---p 00000000 00:00 0 
7fc106f7a000-7fc10723a000 rwxp 00000000 00:00 0 
7fc10723a000-7fc10e4b3000 ---p 00000000 00:00 0 
7fc10e4b3000-7fc118000000 r--s 00000000 00:13cc 4611686019135192581      /nix/store/gpxl5qgg8kicmcvivwmybwjlpf7wh20l-graalvm17-ce-22.3.0/lib/modules
7fc118000000-7fc118622000 rw-p 00000000 00:00 0 
7fc118622000-7fc11c000000 ---p 00000000 00:00 0 
7fc11c002000-7fc11c0c7000 rw-p 00000000 00:00 0 
7fc11c0c7000-7fc11c193000 ---p 00000000 00:00 0 
7fc11c193000-7fc11c198000 rw-p 00000000 00:00 0 
7fc11c198000-7fc11c19f000 ---p 00000000 00:00 0 
7fc11c19f000-7fc11c1c3000 r-xp 00000000 00:13cc 4611686019135190028      /nix/store/gpxl5qgg8kicmcvivwmybwjlpf7wh20l-graalvm17-ce-22.3.0/lib/libjava.so
7fc11c1c3000-7fc11c1c4000 ---p 00024000 00:13cc 4611686019135190028      /nix/store/gpxl5qgg8kicmcvivwmybwjlpf7wh20l-graalvm17-ce-22.3.0/lib/libjava.so
7fc11c1c4000-7fc11c1c5000 r--p 00024000 00:13cc 4611686019135190028      /nix/store/gpxl5qgg8kicmcvivwmybwjlpf7wh20l-graalvm17-ce-22.3.0/lib/libjava.so
7fc11c1c5000-7fc11c1c6000 rw-p 00025000 00:13cc 4611686019135190028      /nix/store/gpxl5qgg8kicmcvivwmybwjlpf7wh20l-graalvm17-ce-22.3.0/lib/libjava.so
7fc11c1c6000-7fc11c1c7000 rw-p 00000000 00:00 0 
7fc11c1c7000-7fc11c1ce000 rw-p 0002f000 00:13cc 4611686019135190028      /nix/store/gpxl5qgg8kicmcvivwmybwjlpf7wh20l-graalvm17-ce-22.3.0/lib/libjava.so
7fc11c1ce000-7fc11c1d6000 rw-s 00000000 00:42f 350                       /tmp/hsperfdata_runner/31
7fc11c1d6000-7fc11c1d7000 ---p 00000000 00:00 0 
7fc11c1d7000-7fc11c1d8000 r--p 00000000 00:00 0 
7fc11c1d8000-7fc11c1d9000 rwxp 00000000 00:00 0 
7fc11c1d9000-7fc11c1f4000 r-xp 00000000 00:13cc 4611686019135190032      /nix/store/gpxl5qgg8kicmcvivwmybwjlpf7wh20l-graalvm17-ce-22.3.0/lib/libjimage.so
7fc11c1f4000-7fc11c1f5000 ---p 0001b000 00:13cc 4611686019135190032      /nix/store/gpxl5qgg8kicmcvivwmybwjlpf7wh20l-graalvm17-ce-22.3.0/lib/libjimage.so
7fc11c1f5000-7fc11c1f7000 r--p 0001b000 00:13cc 4611686019135190032      /nix/store/gpxl5qgg8kicmcvivwmybwjlpf7wh20l-graalvm17-ce-22.3.0/lib/libjimage.so
7fc11c1f7000-7fc11c1f8000 rw-p 0001d000 00:13cc 4611686019135190032      /nix/store/gpxl5qgg8kicmcvivwmybwjlpf7wh20l-graalvm17-ce-22.3.0/lib/libjimage.so
7fc11c1f8000-7fc11c1f9000 rw-p 00024000 00:13cc 4611686019135190032      /nix/store/gpxl5qgg8kicmcvivwmybwjlpf7wh20l-graalvm17-ce-22.3.0/lib/libjimage.so
7fc11c1f9000-7fc11c1fd000 ---p 00000000 00:00 0 
7fc11c1fd000-7fc11c2f9000 rw-p 00000000 00:00 0 
7fc11c2f9000-7fc11c307000 r--p 00000000 00:13cc 4611686019027979927      /nix/store/4nlgxhb09sdr51nc9hdm8az5b08vzkgx-glibc-2.35-163/lib/libm.so.6
7fc11c307000-7fc11c37a000 r-xp 0000e000 00:13cc 4611686019027979927      /nix/store/4nlgxhb09sdr51nc9hdm8az5b08vzkgx-glibc-2.35-163/lib/libm.so.6
7fc11c37a000-7fc11c3d7000 r--p 00081000 00:13cc 4611686019027979927      /nix/store/4nlgxhb09sdr51nc9hdm8az5b08vzkgx-glibc-2.35-163/lib/libm.so.6
7fc11c3d7000-7fc11c3d8000 r--p 000dd000 00:13cc 4611686019027979927      /nix/store/4nlgxhb09sdr51nc9hdm8az5b08vzkgx-glibc-2.35-163/lib/libm.so.6
7fc11c3d8000-7fc11c3d9000 rw-p 000de000 00:13cc 4611686019027979927      /nix/store/4nlgxhb09sdr51nc9hdm8az5b08vzkgx-glibc-2.35-163/lib/libm.so.6
7fc11c3d9000-7fc11c3da000 r--p 00000000 00:13cc 4611686019027979946      /nix/store/4nlgxhb09sdr51nc9hdm8az5b08vzkgx-glibc-2.35-163/lib/librt.so.1
7fc11c3da000-7fc11c3db000 r-xp 00001000 00:13cc 4611686019027979946      /nix/store/4nlgxhb09sdr51nc9hdm8az5b08vzkgx-glibc-2.35-163/lib/librt.so.1
7fc11c3db000-7fc11c3dc000 r--p 00002000 00:13cc 4611686019027979946      /nix/store/4nlgxhb09sdr51nc9hdm8az5b08vzkgx-glibc-2.35-163/lib/librt.so.1
7fc11c3dc000-7fc11c3dd000 r--p 00002000 00:13cc 4611686019027979946      /nix/store/4nlgxhb09sdr51nc9hdm8az5b08vzkgx-glibc-2.35-163/lib/librt.so.1
7fc11c3dd000-7fc11c3de000 rw-p 00003000 00:13cc 4611686019027979946      /nix/store/4nlgxhb09sdr51nc9hdm8az5b08vzkgx-glibc-2.35-163/lib/librt.so.1
7fc11c3de000-7fc11d4f1000 r-xp 00000000 00:13cc 4611686019135360866      /nix/store/gpxl5qgg8kicmcvivwmybwjlpf7wh20l-graalvm17-ce-22.3.0/lib/server/libjvm.so
7fc11d4f1000-7fc11d4f2000 ---p 01113000 00:13cc 4611686019135360866      /nix/store/gpxl5qgg8kicmcvivwmybwjlpf7wh20l-graalvm17-ce-22.3.0/lib/server/libjvm.so
7fc11d4f2000-7fc11d5a7000 r--p 01113000 00:13cc 4611686019135360866      /nix/store/gpxl5qgg8kicmcvivwmybwjlpf7wh20l-graalvm17-ce-22.3.0/lib/server/libjvm.so
7fc11d5a7000-7fc11d5db000 rw-p 011c8000 00:13cc 4611686019135360866      /nix/store/gpxl5qgg8kicmcvivwmybwjlpf7wh20l-graalvm17-ce-22.3.0/lib/server/libjvm.so
7fc11d5db000-7fc11d637000 rw-p 00000000 00:00 0 
7fc11d637000-7fc11d65f000 r--p 00000000 00:13cc 4611686019027979918      /nix/store/4nlgxhb09sdr51nc9hdm8az5b08vzkgx-glibc-2.35-163/lib/libc.so.6
7fc11d65f000-7fc11d7d5000 r-xp 00028000 00:13cc 4611686019027979918      /nix/store/4nlgxhb09sdr51nc9hdm8az5b08vzkgx-glibc-2.35-163/lib/libc.so.6
7fc11d7d5000-7fc11d82d000 r--p 0019e000 00:13cc 4611686019027979918      /nix/store/4nlgxhb09sdr51nc9hdm8az5b08vzkgx-glibc-2.35-163/lib/libc.so.6
7fc11d82d000-7fc11d831000 r--p 001f6000 00:13cc 4611686019027979918      /nix/store/4nlgxhb09sdr51nc9hdm8az5b08vzkgx-glibc-2.35-163/lib/libc.so.6
7fc11d831000-7fc11d833000 rw-p 001fa000 00:13cc 4611686019027979918      /nix/store/4nlgxhb09sdr51nc9hdm8az5b08vzkgx-glibc-2.35-163/lib/libc.so.6
7fc11d833000-7fc11d842000 rw-p 00000000 00:00 0 
7fc11d842000-7fc11d843000 r--p 00000000 00:13cc 4611686019027979923      /nix/store/4nlgxhb09sdr51nc9hdm8az5b08vzkgx-glibc-2.35-163/lib/libdl.so.2
7fc11d843000-7fc11d844000 r-xp 00001000 00:13cc 4611686019027979923      /nix/store/4nlgxhb09sdr51nc9hdm8az5b08vzkgx-glibc-2.35-163/lib/libdl.so.2
7fc11d844000-7fc11d845000 r--p 00002000 00:13cc 4611686019027979923      /nix/store/4nlgxhb09sdr51nc9hdm8az5b08vzkgx-glibc-2.35-163/lib/libdl.so.2
7fc11d845000-7fc11d846000 r--p 00002000 00:13cc 4611686019027979923      /nix/store/4nlgxhb09sdr51nc9hdm8az5b08vzkgx-glibc-2.35-163/lib/libdl.so.2
7fc11d846000-7fc11d847000 rw-p 00003000 00:13cc 4611686019027979923      /nix/store/4nlgxhb09sdr51nc9hdm8az5b08vzkgx-glibc-2.35-163/lib/libdl.so.2
7fc11d847000-7fc11d848000 r--p 00000000 00:13cc 4611686019027979942      /nix/store/4nlgxhb09sdr51nc9hdm8az5b08vzkgx-glibc-2.35-163/lib/libpthread.so.0
7fc11d848000-7fc11d849000 r-xp 00001000 00:13cc 4611686019027979942      /nix/store/4nlgxhb09sdr51nc9hdm8az5b08vzkgx-glibc-2.35-163/lib/libpthread.so.0
7fc11d849000-7fc11d84a000 r--p 00002000 00:13cc 4611686019027979942      /nix/store/4nlgxhb09sdr51nc9hdm8az5b08vzkgx-glibc-2.35-163/lib/libpthread.so.0
7fc11d84a000-7fc11d84b000 r--p 00002000 00:13cc 4611686019027979942      /nix/store/4nlgxhb09sdr51nc9hdm8az5b08vzkgx-glibc-2.35-163/lib/libpthread.so.0
7fc11d84b000-7fc11d84c000 rw-p 00003000 00:13cc 4611686019027979942      /nix/store/4nlgxhb09sdr51nc9hdm8az5b08vzkgx-glibc-2.35-163/lib/libpthread.so.0
7fc11d84c000-7fc11d85a000 r-xp 00000000 00:13cc 4611686019135190033      /nix/store/gpxl5qgg8kicmcvivwmybwjlpf7wh20l-graalvm17-ce-22.3.0/lib/libjli.so
7fc11d85a000-7fc11d85b000 ---p 0000e000 00:13cc 4611686019135190033      /nix/store/gpxl5qgg8kicmcvivwmybwjlpf7wh20l-graalvm17-ce-22.3.0/lib/libjli.so
7fc11d85b000-7fc11d85c000 r--p 0000e000 00:13cc 4611686019135190033      /nix/store/gpxl5qgg8kicmcvivwmybwjlpf7wh20l-graalvm17-ce-22.3.0/lib/libjli.so
7fc11d85c000-7fc11d85d000 rw-p 0000f000 00:13cc 4611686019135190033      /nix/store/gpxl5qgg8kicmcvivwmybwjlpf7wh20l-graalvm17-ce-22.3.0/lib/libjli.so
7fc11d85d000-7fc11d85e000 rw-p 00012000 00:13cc 4611686019135190033      /nix/store/gpxl5qgg8kicmcvivwmybwjlpf7wh20l-graalvm17-ce-22.3.0/lib/libjli.so
7fc11d85e000-7fc11d861000 r--p 00000000 00:13cc 4611686019106210071      /nix/store/026hln0aq1hyshaxsdvhg0kmcm6yf45r-zlib-1.2.13/lib/libz.so.1.2.13
7fc11d861000-7fc11d873000 r-xp 00003000 00:13cc 4611686019106210071      /nix/store/026hln0aq1hyshaxsdvhg0kmcm6yf45r-zlib-1.2.13/lib/libz.so.1.2.13
7fc11d873000-7fc11d87a000 r--p 00015000 00:13cc 4611686019106210071      /nix/store/026hln0aq1hyshaxsdvhg0kmcm6yf45r-zlib-1.2.13/lib/libz.so.1.2.13
7fc11d87a000-7fc11d87b000 r--p 0001b000 00:13cc 4611686019106210071      /nix/store/026hln0aq1hyshaxsdvhg0kmcm6yf45r-zlib-1.2.13/lib/libz.so.1.2.13
7fc11d87b000-7fc11d87c000 rw-p 0001c000 00:13cc 4611686019106210071      /nix/store/026hln0aq1hyshaxsdvhg0kmcm6yf45r-zlib-1.2.13/lib/libz.so.1.2.13
7fc11d87c000-7fc11d87e000 rw-p 00000000 00:00 0 
7fc11d87e000-7fc11d880000 r--p 00000000 00:13cc 4611686019027979912      /nix/store/4nlgxhb09sdr51nc9hdm8az5b08vzkgx-glibc-2.35-163/lib/ld-linux-x86-64.so.2
7fc11d880000-7fc11d8a7000 r-xp 00002000 00:13cc 4611686019027979912      /nix/store/4nlgxhb09sdr51nc9hdm8az5b08vzkgx-glibc-2.35-163/lib/ld-linux-x86-64.so.2
7fc11d8a7000-7fc11d8b3000 r--p 00029000 00:13cc 4611686019027979912      /nix/store/4nlgxhb09sdr51nc9hdm8az5b08vzkgx-glibc-2.35-163/lib/ld-linux-x86-64.so.2
7fc11d8b3000-7fc11d8b5000 r--p 00034000 00:13cc 4611686019027979912      /nix/store/4nlgxhb09sdr51nc9hdm8az5b08vzkgx-glibc-2.35-163/lib/ld-linux-x86-64.so.2
7fc11d8b5000-7fc11d8b7000 rw-p 00036000 00:13cc 4611686019027979912      /nix/store/4nlgxhb09sdr51nc9hdm8az5b08vzkgx-glibc-2.35-163/lib/ld-linux-x86-64.so.2
7ffe13c39000-7ffe13c5d000 rw-p 00000000 00:00 0                          [stack]
7ffe13de1000-7ffe13de5000 r--p 00000000 00:00 0                          [vvar]
7ffe13de5000-7ffe13de7000 r-xp 00000000 00:00 0                          [vdso]
ffffffffff600000-ffffffffff601000 --xp 00000000 00:00 0                  [vsyscall]


VM Arguments:
jvm_args: -XX:ThreadPriorityPolicy=1 -XX:+UnlockExperimentalVMOptions -XX:+EnableJVMCIProduct -XX:JVMCIThreadsPerNativeLibraryRuntime=1 -XX:-UnlockExperimentalVMOptions -Declipse.application=org.eclipse.jdt.ls.core.id1 -Dosgi.bundles.defaultStartLevel=4 -Declipse.product=org.eclipse.jdt.ls.core.product -Dlog.level=ALL -Xverify:none -XX:+UseParallelGC -XX:GCTimeRatio=4 -XX:AdaptiveSizePolicyWeight=90 -Dsun.zip.disableMemoryMapping=true -Xmx512m -Xms100m 
java_command: /nix/store/m6gcpi1ii6rghy04cjwjddcavv7i90df-jdt-language-server-1.9.0/share/java/plugins/org.eclipse.equinox.launcher_1.6.400.v20210924-0641.jar --add-modules=ALL-SYSTEM --add-opens java.base/java.util=ALL-UNNAMED --add-opens java.base/java.lang=ALL-UNNAMED -configuration /home/runner/.cache/jdt-language-server/config -data /home/runner/.cache/jdt-language-server/data/home/runner/Inventory-System
java_class_path (initial): /nix/store/m6gcpi1ii6rghy04cjwjddcavv7i90df-jdt-language-server-1.9.0/share/java/plugins/org.eclipse.equinox.launcher_1.6.400.v20210924-0641.jar
Launcher Type: SUN_STANDARD

[Global flags]
    uintx AdaptiveSizePolicyWeight                 = 90                                        {product} {command line}
     intx CICompilerCount                          = 2                                         {product} {ergonomic}
     bool EnableJVMCIProduct                       = true                                {JVMCI product} {jimage}
    uintx GCTimeRatio                              = 4                                         {product} {command line}
   size_t InitialHeapSize                          = 104857600                                 {product} {command line}
     uint JVMCIThreadsPerNativeLibraryRuntime      = 1                                   {JVMCI product} {jimage}
   size_t MaxHeapSize                              = 536870912                                 {product} {command line}
   size_t MaxNewSize                               = 178782208                                 {product} {ergonomic}
   size_t MinHeapDeltaBytes                        = 524288                                    {product} {ergonomic}
   size_t MinHeapSize                              = 104857600                                 {product} {command line}
   size_t NewSize                                  = 34603008                                  {product} {ergonomic}
    uintx NonNMethodCodeHeapSize                   = 5826188                                {pd product} {ergonomic}
    uintx NonProfiledCodeHeapSize                  = 122916026                              {pd product} {ergonomic}
   size_t OldSize                                  = 70254592                                  {product} {ergonomic}
    uintx ProfiledCodeHeapSize                     = 122916026                              {pd product} {ergonomic}
    uintx ReservedCodeCacheSize                    = 251658240                              {pd product} {ergonomic}
     bool SegmentedCodeCache                       = true                                      {product} {ergonomic}
   size_t SoftMaxHeapSize                          = 536870912                              {manageable} {ergonomic}
     intx ThreadPriorityPolicy                     = 1                                         {product} {jimage}
     bool UseCompressedClassPointers               = true                           {product lp64_product} {ergonomic}
     bool UseCompressedOops                        = true                           {product lp64_product} {ergonomic}
     bool UseParallelGC                            = true                                      {product} {command line}

Logging:
Log output configuration:
 #0: stdout all=warning uptime,level,tags
 #1: stderr all=off uptime,level,tags

Environment Variables:
JAVA_HOME=/nix/store/gpxl5qgg8kicmcvivwmybwjlpf7wh20l-graalvm17-ce-22.3.0
PATH=/nix/store/1d6ian3r8kdzspw8hacjhl3xkp40g1lj-binutils-wrapper-2.39/bin:/nix/store/dq0xwmsk1g0i2ayg6pb7y87na2knzylh-gcc-wrapper-11.3.0/bin:/nix/store/bap4d0lpcrhpwmpb8ayjcgkmvfj62lnq-bash-interactive-5.1-p16/bin:/nix/store/pr5n59mb4jzmfx6kanwxly0l07p861fg-patchelf-0.15.0/bin:/nix/store/1gf2flfqnpqbr1b4p4qz2f72y42bs56r-gcc-11.3.0/bin:/nix/store/57xv61c5zi8pphjbcwxxjlgc34p61ic9-glibc-2.35-163-bin/bin:/nix/store/a7gvj343m05j2s32xcnwr35v31ynlypr-coreutils-9.1/bin:/nix/store/039g378vc3pc3dvi9dzdlrd0i4q93qwf-binutils-2.39/bin:/nix/store/gpxl5qgg8kicmcvivwmybwjlpf7wh20l-graalvm17-ce-22.3.0/bin:/nix/store/6z9ag3ihc8mq2hzsw48lhbznvzny65nz-apache-maven-3.8.6/bin:/nix/store/m6gcpi1ii6rghy04cjwjddcavv7i90df-jdt-language-server-1.9.0/bin:/nix/store/84xs5alhs01zrbr4ywm05kxbjbp5590l-java-debug/bin:/nix/store/mydc6f4k2z73xlcz7ilif3v2lcaiqvza-findutils-4.9.0/bin:/nix/store/j9p3g8472iijd50vhdprx0nmk2fqn5gv-diffutils-3.8/bin:/nix/store/89zs7rms6x00xfq4dq6m7mjnhkr8a6r4-gnused-4.8/bin:/nix/store/86bp03jkmsl6f92w0yzg4s59g5mhxwmy-gnugrep-3.7/bin:/nix/store/hwcdqw4jrjnd37wxqgsd47hd0j8bnj09-gawk-5.1.1/bin:/nix/store/cfbhw8r8ags41vwqaz47r583d0p4h4a1-gnutar-1.34/bin:/nix/store/p3m1ndl1lapwrlh698bnb5lvvxh67378-gzip-1.12/bin:/nix/store/a8mhcagrsly7c7mpjrpsnaahk4aax056-bzip2-1.0.8-bin/bin:/nix/store/mblgz65m3zv9x548a3d5m96fj2pbwr09-gnumake-4.3/bin:/nix/store/dsd5gz46hdbdk2rfdimqddhq6m8m8fqs-bash-5.1-p16/bin:/nix/store/v7ljksji50mg3w61dykaa3n3y79n6nil-patch-2.7.6/bin:/nix/store/zlcnmqq14jz5x9439jf937mvayyl63da-xz-5.2.7-bin/bin:/nix/store/y6aj732zm9m87c82fpvf103a1xb22blp-file-5.43/bin:/nix/store/i4kzir3m7mrisxmf5xvlnkw01x4qaqr4-prybar-elisp-0.0.0-e0d9a52/bin:/nix/store/lwwivxf6h7x3cvxp9zv8sj0mv7dak99r-prybar-lua-0.0.0-e0d9a52/bin:/nix/store/gxj28g1cg4hq3qanmjv07156h800qr58-prybar-python3-0.0.0-e0d9a52/bin:/nix/store/hshkjnxrgidigf8x75vg6lqng2xlx9i3-prybar-sqlite-0.0.0-e0d9a52/bin:/nix/store/c4w01bpjgyy5ixmwdk8m1pw87zq4sl26-prybar-tcl-0.0.0-e0d9a52/bin:/nix/store/hpbvrlwd5viqmvcaisb3x0118i913a9n-st
LD_LIBRARY_PATH=/nix/store/a4pff549sk2idnkpzk5nsfps3mdkdnvm-cups-2.4.2-lib/lib:/nix/store/72mqxxhh3cy5yifh92wh2yb8cl2hikyy-cairo-1.16.0/lib:/nix/store/2k366jrbsra97gjfxwvrhvixjfxdach5-glib-2.74.1/lib:/nix/store/2j2znigd8ak37rlwh9khz0ry3clqlw1l-gtk+3-3.24.34/lib:/nix/store/hisqvx32cd57apbpcsnkpx6k3549wql1-libglvnd-1.4.0/lib:/nix/store/p36pgcv991mq5srvg765b78yqpxvk3qs-mesa-21.3.3-drivers/lib:/nix/store/mav4251if1ahjq5vkpwycyyvnmy459c4-pulseaudio-14.2/lib
DISPLAY=:0
LANG=en_US.UTF-8

Signal Handlers:
   SIGSEGV: crash_handler in libjvm.so, mask=11100100010111111101111111111110, flags=SA_RESTART|SA_SIGINFO
    SIGBUS: crash_handler in libjvm.so, mask=11100100010111111101111111111110, flags=SA_RESTART|SA_SIGINFO
    SIGFPE: crash_handler in libjvm.so, mask=11100100010111111101111111111110, flags=SA_RESTART|SA_SIGINFO
   SIGPIPE: IsolateEnterStub_IgnoreSIGPIPEStartupHook_noopSignalHandler_8f19bff2f35b5f630d83b364d6b2339320d4ec70_216e8361c6bc87a8f89f58cc10d3b2fd4415bf87 in libjvmcicompiler.so, mask=00000000000000000000000000000000, flags=SA_RESTART
  *** Handler was modified!
  *** Expected: javaSignalHandler in libjvm.so, mask=11100100110111111111111111111110, flags=SA_RESTART|SA_SIGINFO
   SIGXFSZ: javaSignalHandler in libjvm.so, mask=11100100010111111101111111111110, flags=SA_RESTART|SA_SIGINFO
    SIGILL: crash_handler in libjvm.so, mask=11100100010111111101111111111110, flags=SA_RESTART|SA_SIGINFO
   SIGUSR2: SR_handler in libjvm.so, mask=00000000000000000000000000000000, flags=SA_RESTART|SA_SIGINFO
    SIGHUP: UserHandler in libjvm.so, mask=11100100010111111101111111111110, flags=SA_RESTART|SA_SIGINFO
    SIGINT: UserHandler in libjvm.so, mask=11100100010111111101111111111110, flags=SA_RESTART|SA_SIGINFO
   SIGTERM: UserHandler in libjvm.so, mask=11100100010111111101111111111110, flags=SA_RESTART|SA_SIGINFO
   SIGQUIT: UserHandler in libjvm.so, mask=11100100010111111101111111111110, flags=SA_RESTART|SA_SIGINFO
  *** Handler was modified!
  *** Expected: javaSignalHandler in libjvm.so, mask=11100100110111111111111111111110, flags=SA_RESTART|SA_SIGINFO
   SIGTRAP: crash_handler in libjvm.so, mask=11100100010111111101111111111110, flags=SA_RESTART|SA_SIGINFO


---------------  S Y S T E M  ---------------

OS:
DISTRIB_ID=Ubuntu
DISTRIB_RELEASE=20.04
DISTRIB_CODENAME=focal
DISTRIB_DESCRIPTION="Ubuntu 20.04.2 LTS"
uname: Linux 5.15.0-1030-gcp #37~20.04.1-Ubuntu SMP Mon Feb 20 04:30:57 UTC 2023 x86_64
OS uptime: 0 days 15:53 hours
libc: glibc 2.35 NPTL 2.35 
rlimit (soft/hard): STACK 8192k/infinity , CORE infinity/infinity , NPROC infinity/infinity , NOFILE 5242/5242 , AS infinity/infinity , CPU infinity/infinity , DATA infinity/infinity , FSIZE infinity/infinity , MEMLOCK 64k/64k
load average: 22.69 17.06 16.23

/proc/meminfo:
MemTotal:       65852732 kB
MemFree:        11107440 kB
MemAvailable:   39265892 kB
Buffers:         4293308 kB
Cached:         22097268 kB
SwapCached:            0 kB
Active:         12817736 kB
Inactive:       36460512 kB
Active(anon):      16040 kB
Inactive(anon): 22571760 kB
Active(file):   12801696 kB
Inactive(file): 13888752 kB
Unevictable:       43196 kB
Mlocked:           43196 kB
SwapTotal:             0 kB
SwapFree:              0 kB
Dirty:              4672 kB
Writeback:             0 kB
AnonPages:      20975944 kB
Mapped:          2065008 kB
Shmem:             63172 kB
KReclaimable:    2194604 kB
Slab:            4362032 kB
SReclaimable:    2194604 kB
SUnreclaim:      2167428 kB
KernelStack:      412804 kB
PageTables:       228576 kB
NFS_Unstable:          0 kB
Bounce:                0 kB
WritebackTmp:          0 kB
CommitLimit:    32926364 kB
Committed_AS:   80173348 kB
VmallocTotal:   34359738367 kB
VmallocUsed:      463440 kB
VmallocChunk:          0 kB
Percpu:            79680 kB
HardwareCorrupted:     0 kB
AnonHugePages:   2131968 kB
ShmemHugePages:        0 kB
ShmemPmdMapped:        0 kB
FileHugePages:         0 kB
FilePmdMapped:         0 kB
HugePages_Total:       0
HugePages_Free:        0
HugePages_Rsvd:        0
HugePages_Surp:        0
Hugepagesize:       2048 kB
Hugetlb:               0 kB
DirectMap4k:     6124352 kB
DirectMap2M:    54689792 kB
DirectMap1G:     8388608 kB

/sys/kernel/mm/transparent_hugepage/enabled: always [madvise] never
/sys/kernel/mm/transparent_hugepage/defrag (defrag/compaction efforts parameter): always defer defer+madvise [madvise] never

Process Memory:
Virtual Size: 5459192K (peak: 5495772K)
Resident Set Size: 781196K (peak: 817632K) (anon: 584100K, file: 197096K, shmem: 0K)
Swapped out: 0K
C-Heap outstanding allocations: 44568K, retained: 17903K
glibc malloc tunables: (default)

/proc/sys/kernel/threads-max (system-wide limit on the number of threads): 514406
/proc/sys/vm/max_map_count (maximum number of memory map areas a process may have): 65530
/proc/sys/kernel/pid_max (system-wide limit on number of process identifiers): 4194304

container (cgroup) information:
container_type: cgroupv1
cpu_cpuset_cpus: 2-7
cpu_memory_nodes: 0
active_processor_count: 1
cpu_quota: 50000
cpu_period: 100000
cpu_shares: 512
memory_limit_in_bytes: 1048576 k
memory_and_swap_limit_in_bytes: 1048576 k
memory_soft_limit_in_bytes: 524288 k
memory_usage_in_bytes: 629756 k
memory_max_usage_in_bytes: 689968 k
maximum number of tasks: 1000
current number of tasks: 48

KVM virtualization detected
Steal ticks since vm start: 0
Steal ticks percentage since vm start:  0.000

CPU: total 8 (initial active 1) (8 cores per cpu, 2 threads per core) family 23 model 49 stepping 0 microcode 0xffffffff, cx8, cmov, fxsr, ht, mmx, 3dnowpref, sse, sse2, sse3, ssse3, sse4a, sse4.1, sse4.2, popcnt, lzcnt, tsc, tscinvbit, avx, avx2, aes, clmul, bmi1, bmi2, adx, sha, fma, vzeroupper, clflush, clflushopt, hv
CPU Model and flags from /proc/cpuinfo:
model name	: AMD EPYC 7B12
flags		: fpu vme de pse tsc msr pae mce cx8 apic sep mtrr pge mca cmov pat pse36 clflush mmx fxsr sse sse2 ht syscall nx mmxext fxsr_opt pdpe1gb rdtscp lm constant_tsc rep_good nopl nonstop_tsc cpuid extd_apicid tsc_known_freq pni pclmulqdq ssse3 fma cx16 sse4_1 sse4_2 movbe popcnt aes xsave avx f16c rdrand hypervisor lahf_lm cmp_legacy cr8_legacy abm sse4a misalignsse 3dnowprefetch osvw topoext ssbd ibrs ibpb stibp vmmcall fsgsbase tsc_adjust bmi1 avx2 smep bmi2 rdseed adx smap clflushopt clwb sha_ni xsaveopt xsavec xgetbv1 clzero xsaveerptr arat npt nrip_save umip rdpid

Online cpus: 0-7
Offline cpus: 
BIOS frequency limitation: <Not Available>
Frequency switch latency (ns): <Not Available>
Available cpu frequencies: <Not Available>
Current governor: <Not Available>
Core performance/turbo boost: <Not Available>

Memory: 4k page, physical 1048576k(418816k free), swap 0k(0k free)
Page Sizes: 4k

vm_info: OpenJDK 64-Bit Server VM (17.0.5+8-jvmci-22.3-b08) for linux-amd64 JRE (17.0.5+8-jvmci-22.3-b08), built on Oct 19 2022 09:01:27 by "buildslave" with gcc 10.3.0

END.
