#
# A fatal error has been detected by the Java Runtime Environment:
#
#  Internal Error (jvmciRuntime.cpp:1609), pid=22, tid=36
#  fatal error: Fatal exception in JVMCI: Error calling jdk.vm.ci.services.Services.serializeSavedProperties
#
# JRE version: OpenJDK Runtime Environment GraalVM CE 22.3.0 (17.0.5+8) (build 17.0.5+8-jvmci-22.3-b08)
# Java VM: OpenJDK 64-Bit Server VM GraalVM CE 22.3.0 (17.0.5+8-jvmci-22.3-b08, mixed mode, sharing, tiered, jvmci, jvmci compiler, compressed oops, compressed class ptrs, parallel gc, linux-amd64)
# Problematic frame:
# V  [libjvm.so+0x972714]  JVMCIRuntime::fatal_exception(JVMCIEnv*, char const*)+0x74
#
# Core dump will be written. Default location: Core dumps may be processed with "/usr/share/apport/apport -p%p -s%s -c%c -d%d -P%P -u%u -g%g -- %E" (or dumping to /home/runner/Inventory-System/core.22)
#
# If you would like to submit a bug report, please visit:
#   https://github.com/oracle/graal/issues
#

---------------  S U M M A R Y ------------

Command Line: -XX:ThreadPriorityPolicy=1 -XX:+UnlockExperimentalVMOptions -XX:+EnableJVMCIProduct -XX:JVMCIThreadsPerNativeLibraryRuntime=1 -XX:-UnlockExperimentalVMOptions -Declipse.application=org.eclipse.jdt.ls.core.id1 -Dosgi.bundles.defaultStartLevel=4 -Declipse.product=org.eclipse.jdt.ls.core.product -Dlog.level=ALL -Xverify:none -XX:+UseParallelGC -XX:GCTimeRatio=4 -XX:AdaptiveSizePolicyWeight=90 -Dsun.zip.disableMemoryMapping=true -Xmx512m -Xms100m /nix/store/m6gcpi1ii6rghy04cjwjddcavv7i90df-jdt-language-server-1.9.0/share/java/plugins/org.eclipse.equinox.launcher_1.6.400.v20210924-0641.jar --add-modules=ALL-SYSTEM --add-opens java.base/java.util=ALL-UNNAMED --add-opens java.base/java.lang=ALL-UNNAMED -configuration /home/runner/.cache/jdt-language-server/config -data /home/runner/.cache/jdt-language-server/data/home/runner/Inventory-System

Host: AMD EPYC 7B12, 8 cores, 1G, Ubuntu 20.04.2 LTS
Time: Tue Mar 28 01:17:44 2023 UTC elapsed time: 764.601234 seconds (0d 0h 12m 44s)

---------------  T H R E A D  ---------------

Current thread (0x00007f94e00b21e0):  JavaThread "JVMCI-native CompilerThread0" daemon [_thread_in_vm, id=36, stack(0x00007f94e4e1a000,0x00007f94e501a000)]


Current CompileTask:
JVMCI-native: 764602 8818       4       java.util.HashMap::put (13 bytes)

Stack: [0x00007f94e4e1a000,0x00007f94e501a000],  sp=0x00007f94e5018380,  free space=2040k
Native frames: (J=compiled Java code, j=interpreted, Vv=VM code, C=native code)
V  [libjvm.so+0x972714]  JVMCIRuntime::fatal_exception(JVMCIEnv*, char const*)+0x74
V  [libjvm.so+0x93e2fe]  JVMCIEnv::copy_saved_properties()+0x14e
V  [libjvm.so+0x9732a9]  JVMCIRuntime::initialize(JVMCIEnv*)+0xb19
V  [libjvm.so+0x9738a2]  JVMCIRuntime::get_HotSpotJVMCIRuntime(JVMCIEnv*)+0x12
V  [libjvm.so+0x9749f2]  JVMCIRuntime::compile_method(JVMCIEnv*, JVMCICompiler*, methodHandle const&, int)+0xd2
V  [libjvm.so+0x5b0d20]  CompileBroker::invoke_compiler_on_method(CompileTask*)+0x1470
V  [libjvm.so+0x5b12e8]  CompileBroker::compiler_thread_loop()+0x528
V  [libjvm.so+0xd82460]  JavaThread::thread_main_inner()+0xd0
V  [libjvm.so+0xd85a40]  Thread::call_run()+0xc0
V  [libjvm.so+0xbdb1e1]  thread_native_entry(Thread*)+0xe1

Register to memory mapping:

RAX=0x00007f94e7f07000 points into unknown readable memory: 0x0000000000000058 | 58 00 00 00 00 00 00 00
RBX=0x00007f94e9002398: <offset 0x0000000000ef5398> in /nix/store/gpxl5qgg8kicmcvivwmybwjlpf7wh20l-graalvm17-ce-22.3.0/lib/server/libjvm.so at 0x00007f94e810d000
RCX=0x00007f94e8fba1e8: <offset 0x0000000000ead1e8> in /nix/store/gpxl5qgg8kicmcvivwmybwjlpf7wh20l-graalvm17-ce-22.3.0/lib/server/libjvm.so at 0x00007f94e810d000
RDX=0x0000000000000649 is an unknown value
RSP=0x00007f94e5018380 is pointing into the stack for thread: 0x00007f94e00b21e0
RBP=0x00007f94e50183a0 is pointing into the stack for thread: 0x00007f94e00b21e0
RSI=0x00007f94e9002c48: <offset 0x0000000000ef5c48> in /nix/store/gpxl5qgg8kicmcvivwmybwjlpf7wh20l-graalvm17-ce-22.3.0/lib/server/libjvm.so at 0x00007f94e810d000
RDI=0x00000000e0000000 is an oop: java.lang.String 
{0x00000000e0000000} - klass: 'java/lang/String'
 - string: "resolution"
R8 =0x00007f94e9002398: <offset 0x0000000000ef5398> in /nix/store/gpxl5qgg8kicmcvivwmybwjlpf7wh20l-graalvm17-ce-22.3.0/lib/server/libjvm.so at 0x00007f94e810d000
R9 =0x00007f94e5018330 is pointing into the stack for thread: 0x00007f94e00b21e0
R10=0x00007f94e5019948 is pointing into the stack for thread: 0x00007f94e00b21e0
R11=0x0000000000000293 is an unknown value
R12=0x0 is NULL
R13=0x00007f94e00b21e0 is a thread
R14=0x00007f94e0000b80 points into unknown readable memory: 0x00007f94e9233a38 | 38 3a 23 e9 94 7f 00 00
R15=0x00007f94e9341e40: <offset 0x0000000001234e40> in /nix/store/gpxl5qgg8kicmcvivwmybwjlpf7wh20l-graalvm17-ce-22.3.0/lib/server/libjvm.so at 0x00007f94e810d000


Registers:
RAX=0x00007f94e7f07000, RBX=0x00007f94e9002398, RCX=0x00007f94e8fba1e8, RDX=0x0000000000000649
RSP=0x00007f94e5018380, RBP=0x00007f94e50183a0, RSI=0x00007f94e9002c48, RDI=0x00000000e0000000
R8 =0x00007f94e9002398, R9 =0x00007f94e5018330, R10=0x00007f94e5019948, R11=0x0000000000000293
R12=0x0000000000000000, R13=0x00007f94e00b21e0, R14=0x00007f94e0000b80, R15=0x00007f94e9341e40
RIP=0x00007f94e8a7f714, EFLAGS=0x0000000000010206, CSGSFS=0x002b000000000033, ERR=0x0000000000000006
  TRAPNO=0x000000000000000e

Top of Stack: (sp=0x00007f94e5018380)
0x00007f94e5018380:   00007f94e5018940 00007f94e00b21e0
0x00007f94e5018390:   00007f94e68988c8 0000000800c40fc0
0x00007f94e50183a0:   00007f94e5018500 00007f94e8a4b2fe
0x00007f94e50183b0:   00007f94e50183e0 00007f94e5018440 

Instructions: (pc=0x00007f94e8a7f714)
0x00007f94e8a7f614:   30 e8 f6 cf e8 ff 4c 89 e7 e8 2e 48 d1 ff 84 db
0x00007f94e8a7f624:   75 2a 4d 85 ed 74 04 4d 8b 6d 00 48 83 c4 08 44
0x00007f94e8a7f634:   89 f9 4c 89 f2 4c 89 ee 5b 4c 89 e7 41 5c 41 5d
0x00007f94e8a7f644:   41 5e 41 5f 5d e9 e2 47 d1 ff 66 90 48 83 c4 08
0x00007f94e8a7f654:   5b 41 5c 41 5d 41 5e 41 5f 5d c3 90 31 d2 be 08
0x00007f94e8a7f664:   00 00 00 4c 89 ff e8 b1 78 a3 ff 49 89 c5 e9 37
0x00007f94e8a7f674:   ff ff ff 66 0f 1f 84 00 00 00 00 00 48 8b 7a 08
0x00007f94e8a7f684:   e9 6d ff ff ff 0f 1f 80 00 00 00 00 e8 5b 48 0a
0x00007f94e8a7f694:   00 84 c0 75 89 e9 6a ff ff ff 66 90 55 48 89 e5
0x00007f94e8a7f6a4:   41 56 41 55 41 54 49 89 fc 53 48 89 f3 66 48 8d
0x00007f94e8a7f6b4:   3d 27 5e 85 00 66 66 48 e8 df 43 8d ff 4c 8b 28
0x00007f94e8a7f6c4:   8b 05 be 72 8a 00 85 c0 75 14 ba 01 00 00 00 48
0x00007f94e8a7f6d4:   8d 0d ae 72 8a 00 f0 0f b1 11 85 c0 74 4e be c8
0x00007f94e8a7f6e4:   00 00 00 4c 89 ef e8 01 0b 41 00 48 8d 05 12 ac
0x00007f94e8a7f6f4:   85 00 49 89 d8 48 8d 0d e8 aa 53 00 ba 49 06 00
0x00007f94e8a7f704:   00 48 8d 35 3c 35 58 00 bf 00 00 00 e0 48 8b 00
0x00007f94e8a7f714:   c6 00 58 31 c0 e8 e2 91 c6 ff 5b 41 5c 41 5d 41
0x00007f94e8a7f724:   5e 5d e9 55 34 26 00 0f 1f 44 00 00 48 8d 05 81
0x00007f94e8a7f734:   a3 8b 00 48 89 df 4c 8b 30 e8 9e 43 8d ff 48 89
0x00007f94e8a7f744:   de 48 89 c2 49 8b 06 4c 89 f7 ff 50 08 4c 89 f7
0x00007f94e8a7f754:   e8 a7 5c 27 00 4d 85 e4 74 12 be 01 00 00 00 4c
0x00007f94e8a7f764:   89 e7 e8 35 43 fc ff eb 82 0f 1f 00 be 01 00 00
0x00007f94e8a7f774:   00 4c 89 ef e8 d3 fd ff ff e9 6d ff ff ff 66 66
0x00007f94e8a7f784:   2e 0f 1f 84 00 00 00 00 00 0f 1f 00 55 48 89 e5
0x00007f94e8a7f794:   41 57 41 56 41 55 41 54 53 48 81 ec 08 02 00 00
0x00007f94e8a7f7a4:   64 48 8b 04 25 28 00 00 00 48 89 45 c8 8b 07 83
0x00007f94e8a7f7b4:   f8 02 0f 84 11 04 00 00 4c 8b 6f 18 49 89 ff 49
0x00007f94e8a7f7c4:   89 f4 4d 85 ed 74 14 4c 89 ef e8 5d 57 22 00 41
0x00007f94e8a7f7d4:   8b 07 83 f8 02 0f 84 19 04 00 00 48 8d 1d 9a 06
0x00007f94e8a7f7e4:   8a 00 4c 8d 35 0b 3c 58 00 eb 38 90 48 85 d2 7f
0x00007f94e8a7f7f4:   0d 48 8d 05 b4 c0 85 00 48 83 38 00 7e 0e 41 8b
0x00007f94e8a7f804:   77 2c 4c 89 f7 31 c0 e8 a0 b2 f7 ff 49 8b 7f 18 


Stack slot to memory mapping:
stack at sp + 0 slots: 0x00007f94e5018940 is pointing into the stack for thread: 0x00007f94e00b21e0
stack at sp + 1 slots: 0x00007f94e00b21e0 is a thread
stack at sp + 2 slots: 0x00007f94e68988c8 points into unknown readable memory: 0x65730018e552ffff | ff ff 52 e5 18 00 73 65
stack at sp + 3 slots: 0x0000000800c40fc0 is a pointer to class: 
jdk.vm.ci.services.Services {0x0000000800c40fc0}
 - instance size:     2
 - klass size:        65
 - access:            public final synchronized 
 - state:             fully_initialized
 - name:              'jdk/vm/ci/services/Services'
 - super:             'java/lang/Object'
 - sub:               
 - arrays:            NULL
 - methods:           Array<T>(0x00007f94e583af38)
 - method ordering:   Array<T>(0x0000000800928960)
 - default_methods:   Array<T>(0x0000000000000000)
 - local interfaces:  Array<T>(0x00000008005ce810)
 - trans. interfaces: Array<T>(0x00000008005ce810)
 - constants:         constant pool [427] {0x00007f94e583a018} for 'jdk/vm/ci/services/Services' cache=0x00007f94e583c208
 - class loader data:  loader data: 0x00007f94e00283f0 of 'bootstrap'
 - source file:       'Services.java'
 - class annotations:       Array<T>(0x0000000000000000)
 - class type annotations:  Array<T>(0x0000000000000000)
 - field annotations:       Array<T>(0x0000000000000000)
 - field type annotations:  Array<T>(0x0000000000000000)
 - inner classes:     Array<T>(0x00007f94e583c1d8)
 - nest members:     Array<T>(0x00007f94e583c1f8)
 - permitted subclasses:     Array<T>(0x00000008005ce7a0)
 - java mirror:       a 'java/lang/Class'{0x00000000e014a188} = 'jdk/vm/ci/services/Services'
 - vtable length      5  (start addr: 0x0000000800c41190)
 - itable length      2 (start addr: 0x0000000800c411b8)
 - ---- static fields (3 words):
 - public static final 'IS_BUILDING_NATIVE_IMAGE' 'Z' @128 
 - public static final 'IS_IN_NATIVE_IMAGE' 'Z' @129 
 - private static volatile 'savedProperties' 'Ljava/util/Map;' @112 
 - static final 'JVMCI_ENABLED' 'Z' @130 
 - private static final 'servicesCache' 'Ljava/util/Map;' @116 
 - private static final 'MAX_UNICODE_IN_UTF8_LENGTH' 'I' @120 
 - private static final 'MAX_UTF8_PROPERTY_STRING_LENGTH' 'I' @124 
 - ---- non-static fields (0 words):
 - non-static oop maps: 
stack at sp + 4 slots: 0x00007f94e5018500 is pointing into the stack for thread: 0x00007f94e00b21e0
stack at sp + 5 slots: 0x00007f94e8a4b2fe: <offset 0x000000000093e2fe> in /nix/store/gpxl5qgg8kicmcvivwmybwjlpf7wh20l-graalvm17-ce-22.3.0/lib/server/libjvm.so at 0x00007f94e810d000
stack at sp + 6 slots: 0x00007f94e50183e0 is pointing into the stack for thread: 0x00007f94e00b21e0
stack at sp + 7 slots: 0x00007f94e5018440 is pointing into the stack for thread: 0x00007f94e00b21e0


---------------  P R O C E S S  ---------------

Threads class SMR info:
_java_thread_list=0x00007f9448199000, length=28, elements={
0x00007f94e0026690, 0x00007f94e00a64d0, 0x00007f94e00a7910, 0x00007f94e00ae050,
0x00007f94e00af400, 0x00007f94e00b07f0, 0x00007f94e00b21e0, 0x00007f94e00b36f0,
0x00007f94e00b4b40, 0x00007f94e00dfd60, 0x00007f94e0127db0, 0x00007f94e0323020,
0x00007f94e03561f0, 0x00007f94e0358b00, 0x00007f94e033d3a0, 0x00007f947801a770,
0x00007f94782a0fc0, 0x00007f9478481600, 0x00007f9464000ff0, 0x00007f947863c520,
0x00007f94e0454290, 0x00007f94e03e44d0, 0x00007f945c001130, 0x00007f9440001200,
0x00007f944c44ff20, 0x00007f9448153150, 0x00007f94481536d0, 0x00007f9448038cd0
}

Java Threads: ( => current thread )
  0x00007f94e0026690 JavaThread "main" [_thread_blocked, id=28, stack(0x00007f94e7f28000,0x00007f94e8028000)]
  0x00007f94e00a64d0 JavaThread "Reference Handler" daemon [_thread_blocked, id=31, stack(0x00007f94e5700000,0x00007f94e5800000)]
  0x00007f94e00a7910 JavaThread "Finalizer" daemon [_thread_blocked, id=32, stack(0x00007f94e5600000,0x00007f94e5700000)]
  0x00007f94e00ae050 JavaThread "Signal Dispatcher" daemon [_thread_blocked, id=33, stack(0x00007f94e521a000,0x00007f94e531a000)]
  0x00007f94e00af400 JavaThread "Service Thread" daemon [_thread_blocked, id=34, stack(0x00007f94e511a000,0x00007f94e521a000)]
  0x00007f94e00b07f0 JavaThread "Monitor Deflation Thread" daemon [_thread_blocked, id=35, stack(0x00007f94e501a000,0x00007f94e511a000)]
=>0x00007f94e00b21e0 JavaThread "JVMCI-native CompilerThread0" daemon [_thread_in_vm, id=36, stack(0x00007f94e4e1a000,0x00007f94e501a000)]
  0x00007f94e00b36f0 JavaThread "C1 CompilerThread0" daemon [_thread_blocked, id=37, stack(0x00007f94e4c1a000,0x00007f94e4e1a000)]
  0x00007f94e00b4b40 JavaThread "Sweeper thread" daemon [_thread_blocked, id=38, stack(0x00007f94e4b1a000,0x00007f94e4c1a000)]
  0x00007f94e00dfd60 JavaThread "Common-Cleaner" daemon [_thread_blocked, id=40, stack(0x00007f94e4a1a000,0x00007f94e4b1a000)]
  0x00007f94e0127db0 JavaThread "Notification Thread" daemon [_thread_blocked, id=42, stack(0x00007f94e491a000,0x00007f94e4a1a000)]
  0x00007f94e0323020 JavaThread "Active Thread: Equinox Container: dfead142-b5f5-4837-a14d-2ed1a7d230ef" [_thread_blocked, id=46, stack(0x00007f94e4400000,0x00007f94e4500000)]
  0x00007f94e03561f0 JavaThread "Framework Event Dispatcher: Equinox Container: dfead142-b5f5-4837-a14d-2ed1a7d230ef" daemon [_thread_blocked, id=47, stack(0x00007f94e4200000,0x00007f94e4300000)]
  0x00007f94e0358b00 JavaThread "Start Level: Equinox Container: dfead142-b5f5-4837-a14d-2ed1a7d230ef" daemon [_thread_blocked, id=48, stack(0x00007f94e4000000,0x00007f94e4100000)]
  0x00007f94e033d3a0 JavaThread "Refresh Thread: Equinox Container: dfead142-b5f5-4837-a14d-2ed1a7d230ef" daemon [_thread_blocked, id=49, stack(0x00007f94c73b3000,0x00007f94c74b3000)]
  0x00007f947801a770 JavaThread "SCR Component Actor" daemon [_thread_blocked, id=50, stack(0x00007f94c4f00000,0x00007f94c5000000)]
  0x00007f94782a0fc0 JavaThread "Worker-JM" [_thread_blocked, id=52, stack(0x00007f94c4b00000,0x00007f94c4c00000)]
  0x00007f9478481600 JavaThread "Java indexing" daemon [_thread_blocked, id=55, stack(0x00007f94c4500000,0x00007f94c4600000)]
  0x00007f9464000ff0 JavaThread "Worker-2: Java indexing... " [_thread_blocked, id=56, stack(0x00007f94c4300000,0x00007f94c4400000)]
  0x00007f947863c520 JavaThread "Bundle File Closer" daemon [_thread_blocked, id=57, stack(0x00007f94c4100000,0x00007f94c4200000)]
  0x00007f94e0454290 JavaThread "pool-3-thread-1" [_thread_blocked, id=58, stack(0x00007f948ed00000,0x00007f948ee00000)]
  0x00007f94e03e44d0 JavaThread "pool-2-thread-1" [_thread_blocked, id=59, stack(0x00007f948eb00000,0x00007f948ec00000)]
  0x00007f945c001130 JavaThread "Worker-3" [_thread_blocked, id=60, stack(0x00007f948e900000,0x00007f948ea00000)]
  0x00007f9440001200 JavaThread "Worker-5" [_thread_blocked, id=64, stack(0x00007f94c4c00000,0x00007f94c4d00000)]
  0x00007f944c44ff20 JavaThread "Okio Watchdog" daemon [_thread_blocked, id=69, stack(0x00007f948ec00000,0x00007f948ed00000)]
  0x00007f9448153150 JavaThread "Thread-4" [_thread_blocked, id=145, stack(0x00007f94c4700000,0x00007f94c4800000)]
  0x00007f94481536d0 JavaThread "Thread-5" [_thread_blocked, id=169, stack(0x00007f94c4e00000,0x00007f94c4f00000)]
  0x00007f9448038cd0 JavaThread "Thread-6" [_thread_blocked, id=397, stack(0x00007f94e45de000,0x00007f94e46de000)]

Other Threads:
  0x00007f94e00a1c10 VMThread "VM Thread" [stack: 0x00007f94e6041000,0x00007f94e6141000] [id=30] _threads_hazard_ptr=0x00007f9448199000
  0x00007f94e0129750 WatcherThread [stack: 0x00007f94e481a000,0x00007f94e491a000] [id=43]
  0x00007f94e003df30 GCTaskThread "GC Thread#0" [stack: 0x00007f94e7aeb000,0x00007f94e7beb000] [id=29]

Threads with active compile tasks:
JVMCI-native CompilerThread0   764884 8818       4       java.util.HashMap::put (13 bytes)

VM state: synchronizing (normal execution)

VM Mutex/Monitor currently owned by a thread:  ([mutex/lock_event])
[0x00007f94e0023840] Threads_lock - owner thread: 0x00007f94e00a1c10
[0x00007f94e0023ff0] Heap_lock - owner thread: 0x00007f9448153150

OutOfMemory and StackOverflow Exception counts:
OutOfMemoryError java_heap_errors=4
LinkageErrors=66

Heap address: 0x00000000e0000000, size: 512 MB, Compressed Oops mode: 32-bit

CDS archive(s) mapped at: [0x0000000800000000-0x0000000800bc8000-0x0000000800bc8000), size 12353536, SharedBaseAddress: 0x0000000800000000, ArchiveRelocationMode: 0.
Compressed class space mapped at: 0x0000000800c00000-0x0000000840c00000, reserved size: 1073741824
Narrow klass base: 0x0000000800000000, Narrow klass shift: 0, Narrow klass range: 0x100000000

GC Precious Log:
 CPUs: 8 total, 1 available
 Memory: 1024M
 Large Page Support: Disabled
 NUMA Support: Disabled
 Compressed Oops: Enabled (32-bit)
 Alignments: Space 512K, Generation 512K, Heap 2M
 Heap Min Capacity: 100M
 Heap Initial Capacity: 100M
 Heap Max Capacity: 512M
 Pre-touch: Disabled
 Parallel Workers: 1

Heap:
 PSYoungGen      total 48128K, used 28671K [0x00000000f5580000, 0x00000000fc480000, 0x0000000100000000)
  eden space 28672K, 99% used [0x00000000f5580000,0x00000000f717fff8,0x00000000f7180000)
  from space 19456K, 0% used [0x00000000f9a80000,0x00000000f9a80000,0x00000000fad80000)
  to   space 41984K, 0% used [0x00000000f7180000,0x00000000f7180000,0x00000000f9a80000)
 ParOldGen       total 349696K, used 349695K [0x00000000e0000000, 0x00000000f5580000, 0x00000000f5580000)
  object space 349696K, 99% used [0x00000000e0000000,0x00000000f557ffb8,0x00000000f5580000)
 Metaspace       used 59595K, committed 60736K, reserved 1105920K
  class space    used 5930K, committed 6400K, reserved 1048576K

Card table byte_map: [0x00007f94e7beb000,0x00007f94e7cec000] _byte_map_base: 0x00007f94e74eb000

Marking Bits: (ParMarkBitMap*) 0x00007f94e933b4c0
 Begin Bits: [0x00007f94e6a3e000, 0x00007f94e723e000)
 End Bits:   [0x00007f94e723e000, 0x00007f94e7a3e000)

Polling page: 0x00007f94e7f05000

Metaspace:

Usage:
  Non-class:     52.41 MB used.
      Class:      5.79 MB used.
       Both:     58.20 MB used.

Virtual space:
  Non-class space:       56.00 MB reserved,      53.06 MB ( 95%) committed,  7 nodes.
      Class space:        1.00 GB reserved,       6.25 MB ( <1%) committed,  1 nodes.
             Both:        1.05 GB reserved,      59.31 MB (  5%) committed. 

Chunk freelists:
   Non-Class:  2.41 MB
       Class:  1.85 MB
        Both:  4.26 MB

MaxMetaspaceSize: unlimited
CompressedClassSpaceSize: 1.00 GB
Initial GC threshold: 21.00 MB
Current GC threshold: 98.88 MB
CDS: on
MetaspaceReclaimPolicy: balanced
 - commit_granule_bytes: 65536.
 - commit_granule_words: 8192.
 - virtual_space_node_default_size: 1048576.
 - enlarge_chunks_in_place: 1.
 - new_chunks_are_fully_committed: 0.
 - uncommit_free_chunks: 1.
 - use_allocation_guard: 0.
 - handle_deallocations: 1.


Internal statistics:

num_allocs_failed_limit: 6.
num_arena_births: 500.
num_arena_deaths: 150.
num_vsnodes_births: 8.
num_vsnodes_deaths: 0.
num_space_committed: 948.
num_space_uncommitted: 0.
num_chunks_returned_to_freelist: 213.
num_chunks_taken_from_freelist: 2815.
num_chunk_merges: 88.
num_chunk_splits: 1839.
num_chunks_enlarged: 1173.
num_purges: 16.
num_inconsistent_stats: 0.

CodeHeap 'non-profiled nmethods': size=120036Kb used=2461Kb max_used=2461Kb free=117574Kb
 bounds [0x00007f94cef7a000, 0x00007f94cf1ea000, 0x00007f94d64b3000]
CodeHeap 'profiled nmethods': size=120032Kb used=13950Kb max_used=15949Kb free=106082Kb
 bounds [0x00007f94c7a42000, 0x00007f94c89e2000, 0x00007f94cef7a000]
CodeHeap 'non-nmethods': size=5692Kb used=1399Kb max_used=1400Kb free=4292Kb
 bounds [0x00007f94c74b3000, 0x00007f94c7723000, 0x00007f94c7a42000]
 total_blobs=7488 nmethods=6753 adapters=633
 compilation: enabled
              stopped_count=0, restarted_count=0
 full_count=0

JVMCI Events (20 events):
Event: 618.128 Thread 0x00007f94e00b21e0 compacted oop handles in JVMCI runtime 0 from 55 to 55
Event: 618.128 Thread 0x00007f94e00b21e0 releasing handles for JVMCI runtime 0: oop handles=55, metadata handles={total=128, live=127, blocks=33}
Event: 618.128 Thread 0x00007f94e00b21e0 detached from JVMCI runtime 0
Event: 638.002 Thread 0x00007f94e00b21e0 attached to JVMCI runtime 0
Event: 638.003 Thread 0x00007f94e00b21e0 created JavaVM[5]@0x00007f948df9e340 for JVMCI runtime 0
Event: 638.003 Thread 0x00007f94e00b21e0 initializing JVMCI runtime 0
Event: 638.003 Thread 0x00007f94e00b21e0 done waiting for JavaVM references initialization in JVMCI runtime 0
Event: 657.292 Thread 0x00007f94e00b21e0 initialized JVMCI runtime 0
Event: 677.899 Thread 0x00007f94e00b21e0 compacted oop handles in JVMCI runtime 0 from 67 to 65
Event: 679.282 Thread 0x00007f94e00b21e0 detaching from JVMCI runtime 0: releasing idle compiler thread (0 other threads still attached)
Event: 679.282 Thread 0x00007f94e00b21e0 shutting down HotSpotJVMCIRuntime for JVMCI runtime 0
Event: 679.282 Thread 0x00007f94e00b21e0 shut down JVMCI runtime 0
Event: 679.291 Thread 0x00007f94e00b21e0 destroyed JavaVM[5]@0x00007f948df9e340 for JVMCI runtime 0
Event: 679.291 Thread 0x00007f94e00b21e0 compacted oop handles in JVMCI runtime 0 from 65 to 65
Event: 679.291 Thread 0x00007f94e00b21e0 releasing handles for JVMCI runtime 0: oop handles=65, metadata handles={total=128, live=124, blocks=33}
Event: 679.291 Thread 0x00007f94e00b21e0 detached from JVMCI runtime 0
Event: 690.295 Thread 0x00007f94e00b21e0 attached to JVMCI runtime 0
Event: 690.296 Thread 0x00007f94e00b21e0 created JavaVM[6]@0x00007f948df9e340 for JVMCI runtime 0
Event: 690.296 Thread 0x00007f94e00b21e0 initializing JVMCI runtime 0
Event: 690.296 Thread 0x00007f94e00b21e0 done waiting for JavaVM references initialization in JVMCI runtime 0

Compilation events (20 events):
Event: 619.325 Thread 0x00007f94e00b36f0 nmethod 8811 0x00007f94cf1df710 code [0x00007f94cf1df8a0, 0x00007f94cf1df970]
Event: 638.002 Thread 0x00007f94e00b21e0 8812       4       java.lang.ref.SoftReference::get (29 bytes)
Event: 657.303 Thread 0x00007f94e00b21e0 nmethod 8812 0x00007f94cf1dfa10 code [0x00007f94cf1dfb80, 0x00007f94cf1dfbf0]
Event: 657.303 Thread 0x00007f94e00b21e0 8813       4       java.io.DataOutputStream::writeUTF (411 bytes)
Event: 671.213 Thread 0x00007f94e00b36f0 8814       3       org.eclipse.core.internal.resources.AliasManager$LocationMap$$Lambda$127/0x0000000800d624f0::compare (14 bytes)
Event: 676.543 Thread 0x00007f94e00b36f0 nmethod 8814 0x00007f94c837b590 code [0x00007f94c837b840, 0x00007f94c837d290]
Event: 676.543 Thread 0x00007f94e00b36f0 8816       3       java.util.concurrent.ThreadPoolExecutor::runStateAtLeast (11 bytes)
Event: 676.543 Thread 0x00007f94e00b36f0 nmethod 8816 0x00007f94c8468310 code [0x00007f94c84684a0, 0x00007f94c84685f0]
Event: 677.899 Thread 0x00007f94e00b21e0 nmethod 8813 0x00007f94cf1dfd10 code [0x00007f94cf1dff60, 0x00007f94cf1e1070]
Event: 686.199 Thread 0x00007f94e00b36f0 8817       3       org.eclipse.jdt.ls.core.internal.handlers.ProgressReporterManager$ProgressReporter::sendProgress (78 bytes)
Event: 687.612 Thread 0x00007f94e00b36f0 nmethod 8817 0x00007f94c7b56d10 code [0x00007f94c7b56f00, 0x00007f94c7b57870]
Event: 690.295 Thread 0x00007f94e00b21e0 8818       4       java.util.HashMap::put (13 bytes)
Event: 702.094 Thread 0x00007f94e00b36f0 8819       3       org.eclipse.core.internal.filesystem.FileStoreUtil::compareSlashFirst (108 bytes)
Event: 702.097 Thread 0x00007f94e00b36f0 nmethod 8819 0x00007f94c82d1910 code [0x00007f94c82d1c60, 0x00007f94c82d31d0]
Event: 720.801 Thread 0x00007f94e00b36f0 8820       3       java.util.logging.LogManager::getProperty (9 bytes)
Event: 720.801 Thread 0x00007f94e00b36f0 nmethod 8820 0x00007f94c81f2a90 code [0x00007f94c81f2c40, 0x00007f94c81f2f60]
Event: 723.583 Thread 0x00007f94e00b36f0 8822       3       java.lang.invoke.LambdaForm$MH/0x0000000800d93000::invoke (25 bytes)
Event: 723.583 Thread 0x00007f94e00b36f0 nmethod 8822 0x00007f94c7dfaa90 code [0x00007f94c7dfac60, 0x00007f94c7dfb250]
Event: 742.170 Thread 0x00007f94e00b36f0 8823       3       org.eclipse.core.internal.filesystem.local.LocalFile::getName (8 bytes)
Event: 742.171 Thread 0x00007f94e00b36f0 nmethod 8823 0x00007f94c84a7e90 code [0x00007f94c84a8040, 0x00007f94c84a81a0]

GC Heap History (20 events):
Event: 745.052 GC heap before
{Heap before GC invocations=619 (full 502):
 PSYoungGen      total 48128K, used 28672K [0x00000000f5580000, 0x00000000fc480000, 0x0000000100000000)
  eden space 28672K, 100% used [0x00000000f5580000,0x00000000f7180000,0x00000000f7180000)
  from space 19456K, 0% used [0x00000000f9a80000,0x00000000f9a80000,0x00000000fad80000)
  to   space 41984K, 0% used [0x00000000f7180000,0x00000000f7180000,0x00000000f9a80000)
 ParOldGen       total 349696K, used 349695K [0x00000000e0000000, 0x00000000f5580000, 0x00000000f5580000)
  object space 349696K, 99% used [0x00000000e0000000,0x00000000f557fff8,0x00000000f5580000)
 Metaspace       used 59595K, committed 60736K, reserved 1105920K
  class space    used 5930K, committed 6400K, reserved 1048576K
}
Event: 746.380 GC heap after
{Heap after GC invocations=619 (full 502):
 PSYoungGen      total 70656K, used 28671K [0x00000000f5580000, 0x00000000fc480000, 0x0000000100000000)
  eden space 28672K, 99% used [0x00000000f5580000,0x00000000f717ffa0,0x00000000f7180000)
  from space 41984K, 0% used [0x00000000f7180000,0x00000000f7180000,0x00000000f9a80000)
  to   space 19456K, 0% used [0x00000000f9a80000,0x00000000f9a80000,0x00000000fad80000)
 ParOldGen       total 349696K, used 349695K [0x00000000e0000000, 0x00000000f5580000, 0x00000000f5580000)
  object space 349696K, 99% used [0x00000000e0000000,0x00000000f557fc50,0x00000000f5580000)
 Metaspace       used 59595K, committed 60736K, reserved 1105920K
  class space    used 5930K, committed 6400K, reserved 1048576K
}
Event: 746.384 GC heap before
{Heap before GC invocations=620 (full 503):
 PSYoungGen      total 70656K, used 28671K [0x00000000f5580000, 0x00000000fc480000, 0x0000000100000000)
  eden space 28672K, 99% used [0x00000000f5580000,0x00000000f717ffd8,0x00000000f7180000)
  from space 41984K, 0% used [0x00000000f7180000,0x00000000f7180000,0x00000000f9a80000)
  to   space 19456K, 0% used [0x00000000f9a80000,0x00000000f9a80000,0x00000000fad80000)
 ParOldGen       total 349696K, used 349695K [0x00000000e0000000, 0x00000000f5580000, 0x00000000f5580000)
  object space 349696K, 99% used [0x00000000e0000000,0x00000000f557fc50,0x00000000f5580000)
 Metaspace       used 59595K, committed 60736K, reserved 1105920K
  class space    used 5930K, committed 6400K, reserved 1048576K
}
Event: 747.671 GC heap after
{Heap after GC invocations=620 (full 503):
 PSYoungGen      total 48128K, used 28671K [0x00000000f5580000, 0x00000000fc480000, 0x0000000100000000)
  eden space 28672K, 99% used [0x00000000f5580000,0x00000000f717ffd8,0x00000000f7180000)
  from space 19456K, 0% used [0x00000000f9a80000,0x00000000f9a80000,0x00000000fad80000)
  to   space 41984K, 0% used [0x00000000f7180000,0x00000000f7180000,0x00000000f9a80000)
 ParOldGen       total 349696K, used 349695K [0x00000000e0000000, 0x00000000f5580000, 0x00000000f5580000)
  object space 349696K, 99% used [0x00000000e0000000,0x00000000f557fc50,0x00000000f5580000)
 Metaspace       used 59595K, committed 60736K, reserved 1105920K
  class space    used 5930K, committed 6400K, reserved 1048576K
}
Event: 747.676 GC heap before
{Heap before GC invocations=621 (full 504):
 PSYoungGen      total 48128K, used 28672K [0x00000000f5580000, 0x00000000fc480000, 0x0000000100000000)
  eden space 28672K, 100% used [0x00000000f5580000,0x00000000f7180000,0x00000000f7180000)
  from space 19456K, 0% used [0x00000000f9a80000,0x00000000f9a80000,0x00000000fad80000)
  to   space 41984K, 0% used [0x00000000f7180000,0x00000000f7180000,0x00000000f9a80000)
 ParOldGen       total 349696K, used 349695K [0x00000000e0000000, 0x00000000f5580000, 0x00000000f5580000)
  object space 349696K, 99% used [0x00000000e0000000,0x00000000f557ffe0,0x00000000f5580000)
 Metaspace       used 59595K, committed 60736K, reserved 1105920K
  class space    used 5930K, committed 6400K, reserved 1048576K
}
Event: 748.917 GC heap after
{Heap after GC invocations=621 (full 504):
 PSYoungGen      total 70656K, used 28672K [0x00000000f5580000, 0x00000000fc480000, 0x0000000100000000)
  eden space 28672K, 100% used [0x00000000f5580000,0x00000000f7180000,0x00000000f7180000)
  from space 41984K, 0% used [0x00000000f7180000,0x00000000f7180000,0x00000000f9a80000)
  to   space 19456K, 0% used [0x00000000f9a80000,0x00000000f9a80000,0x00000000fad80000)
 ParOldGen       total 349696K, used 349695K [0x00000000e0000000, 0x00000000f5580000, 0x00000000f5580000)
  object space 349696K, 99% used [0x00000000e0000000,0x00000000f557ffe0,0x00000000f5580000)
 Metaspace       used 59595K, committed 60736K, reserved 1105920K
  class space    used 5930K, committed 6400K, reserved 1048576K
}
Event: 748.917 GC heap before
{Heap before GC invocations=622 (full 505):
 PSYoungGen      total 70656K, used 28672K [0x00000000f5580000, 0x00000000fc480000, 0x0000000100000000)
  eden space 28672K, 100% used [0x00000000f5580000,0x00000000f7180000,0x00000000f7180000)
  from space 41984K, 0% used [0x00000000f7180000,0x00000000f7180000,0x00000000f9a80000)
  to   space 19456K, 0% used [0x00000000f9a80000,0x00000000f9a80000,0x00000000fad80000)
 ParOldGen       total 349696K, used 349695K [0x00000000e0000000, 0x00000000f5580000, 0x00000000f5580000)
  object space 349696K, 99% used [0x00000000e0000000,0x00000000f557ffe0,0x00000000f5580000)
 Metaspace       used 59595K, committed 60736K, reserved 1105920K
  class space    used 5930K, committed 6400K, reserved 1048576K
}
Event: 750.170 GC heap after
{Heap after GC invocations=622 (full 505):
 PSYoungGen      total 48128K, used 28672K [0x00000000f5580000, 0x00000000fc480000, 0x0000000100000000)
  eden space 28672K, 100% used [0x00000000f5580000,0x00000000f7180000,0x00000000f7180000)
  from space 19456K, 0% used [0x00000000f9a80000,0x00000000f9a80000,0x00000000fad80000)
  to   space 41984K, 0% used [0x00000000f7180000,0x00000000f7180000,0x00000000f9a80000)
 ParOldGen       total 349696K, used 349689K [0x00000000e0000000, 0x00000000f5580000, 0x00000000f5580000)
  object space 349696K, 99% used [0x00000000e0000000,0x00000000f557e7a0,0x00000000f5580000)
 Metaspace       used 59595K, committed 60736K, reserved 1105920K
  class space    used 5930K, committed 6400K, reserved 1048576K
}
Event: 750.170 GC heap before
{Heap before GC invocations=623 (full 506):
 PSYoungGen      total 48128K, used 28672K [0x00000000f5580000, 0x00000000fc480000, 0x0000000100000000)
  eden space 28672K, 100% used [0x00000000f5580000,0x00000000f7180000,0x00000000f7180000)
  from space 19456K, 0% used [0x00000000f9a80000,0x00000000f9a80000,0x00000000fad80000)
  to   space 41984K, 0% used [0x00000000f7180000,0x00000000f7180000,0x00000000f9a80000)
 ParOldGen       total 349696K, used 349692K [0x00000000e0000000, 0x00000000f5580000, 0x00000000f5580000)
  object space 349696K, 99% used [0x00000000e0000000,0x00000000f557f218,0x00000000f5580000)
 Metaspace       used 59595K, committed 60736K, reserved 1105920K
  class space    used 5930K, committed 6400K, reserved 1048576K
}
Event: 751.518 GC heap after
{Heap after GC invocations=623 (full 506):
 PSYoungGen      total 70656K, used 28671K [0x00000000f5580000, 0x00000000fc480000, 0x0000000100000000)
  eden space 28672K, 99% used [0x00000000f5580000,0x00000000f717fdf0,0x00000000f7180000)
  from space 41984K, 0% used [0x00000000f7180000,0x00000000f7180000,0x00000000f9a80000)
  to   space 19456K, 0% used [0x00000000f9a80000,0x00000000f9a80000,0x00000000fad80000)
 ParOldGen       total 349696K, used 349691K [0x00000000e0000000, 0x00000000f5580000, 0x00000000f5580000)
  object space 349696K, 99% used [0x00000000e0000000,0x00000000f557edd0,0x00000000f5580000)
 Metaspace       used 59595K, committed 60736K, reserved 1105920K
  class space    used 5930K, committed 6400K, reserved 1048576K
}
Event: 751.567 GC heap before
{Heap before GC invocations=624 (full 507):
 PSYoungGen      total 70656K, used 28671K [0x00000000f5580000, 0x00000000fc480000, 0x0000000100000000)
  eden space 28672K, 99% used [0x00000000f5580000,0x00000000f717fff8,0x00000000f7180000)
  from space 41984K, 0% used [0x00000000f7180000,0x00000000f7180000,0x00000000f9a80000)
  to   space 19456K, 0% used [0x00000000f9a80000,0x00000000f9a80000,0x00000000fad80000)
 ParOldGen       total 349696K, used 349691K [0x00000000e0000000, 0x00000000f5580000, 0x00000000f5580000)
  object space 349696K, 99% used [0x00000000e0000000,0x00000000f557edd0,0x00000000f5580000)
 Metaspace       used 59595K, committed 60736K, reserved 1105920K
  class space    used 5930K, committed 6400K, reserved 1048576K
}
Event: 752.870 GC heap after
{Heap after GC invocations=624 (full 507):
 PSYoungGen      total 48128K, used 28671K [0x00000000f5580000, 0x00000000fc480000, 0x0000000100000000)
  eden space 28672K, 99% used [0x00000000f5580000,0x00000000f717fff8,0x00000000f7180000)
  from space 19456K, 0% used [0x00000000f9a80000,0x00000000f9a80000,0x00000000fad80000)
  to   space 41984K, 0% used [0x00000000f7180000,0x00000000f7180000,0x00000000f9a80000)
 ParOldGen       total 349696K, used 349691K [0x00000000e0000000, 0x00000000f5580000, 0x00000000f5580000)
  object space 349696K, 99% used [0x00000000e0000000,0x00000000f557edd0,0x00000000f5580000)
 Metaspace       used 59595K, committed 60736K, reserved 1105920K
  class space    used 5930K, committed 6400K, reserved 1048576K
}
Event: 752.870 GC heap before
{Heap before GC invocations=625 (full 508):
 PSYoungGen      total 48128K, used 28671K [0x00000000f5580000, 0x00000000fc480000, 0x0000000100000000)
  eden space 28672K, 99% used [0x00000000f5580000,0x00000000f717fff8,0x00000000f7180000)
  from space 19456K, 0% used [0x00000000f9a80000,0x00000000f9a80000,0x00000000fad80000)
  to   space 41984K, 0% used [0x00000000f7180000,0x00000000f7180000,0x00000000f9a80000)
 ParOldGen       total 349696K, used 349693K [0x00000000e0000000, 0x00000000f5580000, 0x00000000f5580000)
  object space 349696K, 99% used [0x00000000e0000000,0x00000000f557f6d8,0x00000000f5580000)
 Metaspace       used 59595K, committed 60736K, reserved 1105920K
  class space    used 5930K, committed 6400K, reserved 1048576K
}
Event: 754.115 GC heap after
{Heap after GC invocations=625 (full 508):
 PSYoungGen      total 70656K, used 28671K [0x00000000f5580000, 0x00000000fc480000, 0x0000000100000000)
  eden space 28672K, 99% used [0x00000000f5580000,0x00000000f717fed8,0x00000000f7180000)
  from space 41984K, 0% used [0x00000000f7180000,0x00000000f7180000,0x00000000f9a80000)
  to   space 19456K, 0% used [0x00000000f9a80000,0x00000000f9a80000,0x00000000fad80000)
 ParOldGen       total 349696K, used 349693K [0x00000000e0000000, 0x00000000f5580000, 0x00000000f5580000)
  object space 349696K, 99% used [0x00000000e0000000,0x00000000f557f5e0,0x00000000f5580000)
 Metaspace       used 59595K, committed 60736K, reserved 1105920K
  class space    used 5930K, committed 6400K, reserved 1048576K
}
Event: 754.115 GC heap before
{Heap before GC invocations=626 (full 509):
 PSYoungGen      total 70656K, used 28671K [0x00000000f5580000, 0x00000000fc480000, 0x0000000100000000)
  eden space 28672K, 99% used [0x00000000f5580000,0x00000000f717fff8,0x00000000f7180000)
  from space 41984K, 0% used [0x00000000f7180000,0x00000000f7180000,0x00000000f9a80000)
  to   space 19456K, 0% used [0x00000000f9a80000,0x00000000f9a80000,0x00000000fad80000)
 ParOldGen       total 349696K, used 349693K [0x00000000e0000000, 0x00000000f5580000, 0x00000000f5580000)
  object space 349696K, 99% used [0x00000000e0000000,0x00000000f557f5e0,0x00000000f5580000)
 Metaspace       used 59595K, committed 60736K, reserved 1105920K
  class space    used 5930K, committed 6400K, reserved 1048576K
}
Event: 756.605 GC heap after
{Heap after GC invocations=626 (full 509):
 PSYoungGen      total 48128K, used 28671K [0x00000000f5580000, 0x00000000fc480000, 0x0000000100000000)
  eden space 28672K, 99% used [0x00000000f5580000,0x00000000f717fff8,0x00000000f7180000)
  from space 19456K, 0% used [0x00000000f9a80000,0x00000000f9a80000,0x00000000fad80000)
  to   space 41984K, 0% used [0x00000000f7180000,0x00000000f7180000,0x00000000f9a80000)
 ParOldGen       total 349696K, used 349693K [0x00000000e0000000, 0x00000000f5580000, 0x00000000f5580000)
  object space 349696K, 99% used [0x00000000e0000000,0x00000000f557f5b0,0x00000000f5580000)
 Metaspace       used 59595K, committed 60736K, reserved 1105920K
  class space    used 5930K, committed 6400K, reserved 1048576K
}
Event: 756.605 GC heap before
{Heap before GC invocations=627 (full 510):
 PSYoungGen      total 48128K, used 28671K [0x00000000f5580000, 0x00000000fc480000, 0x0000000100000000)
  eden space 28672K, 99% used [0x00000000f5580000,0x00000000f717fff8,0x00000000f7180000)
  from space 19456K, 0% used [0x00000000f9a80000,0x00000000f9a80000,0x00000000fad80000)
  to   space 41984K, 0% used [0x00000000f7180000,0x00000000f7180000,0x00000000f9a80000)
 ParOldGen       total 349696K, used 349693K [0x00000000e0000000, 0x00000000f5580000, 0x00000000f5580000)
  object space 349696K, 99% used [0x00000000e0000000,0x00000000f557f768,0x00000000f5580000)
 Metaspace       used 59595K, committed 60736K, reserved 1105920K
  class space    used 5930K, committed 6400K, reserved 1048576K
}
Event: 759.890 GC heap after
{Heap after GC invocations=627 (full 510):
 PSYoungGen      total 70656K, used 28671K [0x00000000f5580000, 0x00000000fc480000, 0x0000000100000000)
  eden space 28672K, 99% used [0x00000000f5580000,0x00000000f717fff8,0x00000000f7180000)
  from space 41984K, 0% used [0x00000000f7180000,0x00000000f7180000,0x00000000f9a80000)
  to   space 19456K, 0% used [0x00000000f9a80000,0x00000000f9a80000,0x00000000fad80000)
 ParOldGen       total 349696K, used 349693K [0x00000000e0000000, 0x00000000f5580000, 0x00000000f5580000)
  object space 349696K, 99% used [0x00000000e0000000,0x00000000f557f688,0x00000000f5580000)
 Metaspace       used 59595K, committed 60736K, reserved 1105920K
  class space    used 5930K, committed 6400K, reserved 1048576K
}
Event: 759.890 GC heap before
{Heap before GC invocations=628 (full 511):
 PSYoungGen      total 70656K, used 28671K [0x00000000f5580000, 0x00000000fc480000, 0x0000000100000000)
  eden space 28672K, 99% used [0x00000000f5580000,0x00000000f717fff8,0x00000000f7180000)
  from space 41984K, 0% used [0x00000000f7180000,0x00000000f7180000,0x00000000f9a80000)
  to   space 19456K, 0% used [0x00000000f9a80000,0x00000000f9a80000,0x00000000fad80000)
 ParOldGen       total 349696K, used 349693K [0x00000000e0000000, 0x00000000f5580000, 0x00000000f5580000)
  object space 349696K, 99% used [0x00000000e0000000,0x00000000f557f688,0x00000000f5580000)
 Metaspace       used 59595K, committed 60736K, reserved 1105920K
  class space    used 5930K, committed 6400K, reserved 1048576K
}
Event: 764.595 GC heap after
{Heap after GC invocations=628 (full 511):
 PSYoungGen      total 48128K, used 28671K [0x00000000f5580000, 0x00000000fc480000, 0x0000000100000000)
  eden space 28672K, 99% used [0x00000000f5580000,0x00000000f717fff8,0x00000000f7180000)
  from space 19456K, 0% used [0x00000000f9a80000,0x00000000f9a80000,0x00000000fad80000)
  to   space 41984K, 0% used [0x00000000f7180000,0x00000000f7180000,0x00000000f9a80000)
 ParOldGen       total 349696K, used 349693K [0x00000000e0000000, 0x00000000f5580000, 0x00000000f5580000)
  object space 349696K, 99% used [0x00000000e0000000,0x00000000f557f688,0x00000000f5580000)
 Metaspace       used 59595K, committed 60736K, reserved 1105920K
  class space    used 5930K, committed 6400K, reserved 1048576K
}

Dll operation events (9 events):
Event: 0.002 Loaded shared library /nix/store/gpxl5qgg8kicmcvivwmybwjlpf7wh20l-graalvm17-ce-22.3.0/lib/libjava.so
Event: 0.007 Loaded shared library /nix/store/gpxl5qgg8kicmcvivwmybwjlpf7wh20l-graalvm17-ce-22.3.0/lib/libjsvml.so
Event: 0.284 Loaded shared library /nix/store/gpxl5qgg8kicmcvivwmybwjlpf7wh20l-graalvm17-ce-22.3.0/lib/libnio.so
Event: 0.289 Loaded shared library /nix/store/gpxl5qgg8kicmcvivwmybwjlpf7wh20l-graalvm17-ce-22.3.0/lib/libjvmcicompiler.so
Event: 0.319 Loaded shared library /nix/store/gpxl5qgg8kicmcvivwmybwjlpf7wh20l-graalvm17-ce-22.3.0/lib/libzip.so
Event: 0.782 Loaded shared library /nix/store/gpxl5qgg8kicmcvivwmybwjlpf7wh20l-graalvm17-ce-22.3.0/lib/libjimage.so
Event: 1.296 Loaded shared library /nix/store/gpxl5qgg8kicmcvivwmybwjlpf7wh20l-graalvm17-ce-22.3.0/lib/libnet.so
Event: 4.478 Loaded shared library /home/runner/.cache/jdt-language-server/config/org.eclipse.equinox.launcher/org.eclipse.equinox.launcher.gtk.linux.x86_64_1.2.400.v20211117-0650/eclipse_11600.so
Event: 13.371 Loaded shared library /nix/store/gpxl5qgg8kicmcvivwmybwjlpf7wh20l-graalvm17-ce-22.3.0/lib/libextnet.so

Deoptimization events (20 events):
Event: 58.973 Thread 0x00007f9478481600 DEOPT PACKING pc=0x00007f94c83af25d sp=0x00007f94c45fe530
Event: 58.973 Thread 0x00007f9478481600 DEOPT UNPACKING pc=0x00007f94c7505325 sp=0x00007f94c45fda20 mode 0
Event: 58.974 Thread 0x00007f9478481600 DEOPT PACKING pc=0x00007f94c83af25d sp=0x00007f94c45fe530
Event: 58.974 Thread 0x00007f9478481600 DEOPT UNPACKING pc=0x00007f94c7505325 sp=0x00007f94c45fda20 mode 0
Event: 58.976 Thread 0x00007f9478481600 DEOPT PACKING pc=0x00007f94c83af25d sp=0x00007f94c45fe530
Event: 58.976 Thread 0x00007f9478481600 DEOPT UNPACKING pc=0x00007f94c7505325 sp=0x00007f94c45fda20 mode 0
Event: 58.978 Thread 0x00007f9478481600 DEOPT PACKING pc=0x00007f94c83af25d sp=0x00007f94c45fe530
Event: 58.978 Thread 0x00007f9478481600 DEOPT UNPACKING pc=0x00007f94c7505325 sp=0x00007f94c45fda20 mode 0
Event: 58.979 Thread 0x00007f9478481600 DEOPT PACKING pc=0x00007f94c83af25d sp=0x00007f94c45fe530
Event: 58.979 Thread 0x00007f9478481600 DEOPT UNPACKING pc=0x00007f94c7505325 sp=0x00007f94c45fda20 mode 0
Event: 60.325 Thread 0x00007f9478481600 DEOPT PACKING pc=0x00007f94c83af25d sp=0x00007f94c45fe530
Event: 60.325 Thread 0x00007f9478481600 DEOPT UNPACKING pc=0x00007f94c7505325 sp=0x00007f94c45fda20 mode 0
Event: 60.328 Thread 0x00007f9478481600 DEOPT PACKING pc=0x00007f94c83af25d sp=0x00007f94c45fe530
Event: 60.328 Thread 0x00007f9478481600 DEOPT UNPACKING pc=0x00007f94c7505325 sp=0x00007f94c45fda20 mode 0
Event: 60.330 Thread 0x00007f9478481600 DEOPT PACKING pc=0x00007f94c83af25d sp=0x00007f94c45fe530
Event: 60.330 Thread 0x00007f9478481600 DEOPT UNPACKING pc=0x00007f94c7505325 sp=0x00007f94c45fda20 mode 0
Event: 60.373 Thread 0x00007f9478481600 DEOPT PACKING pc=0x00007f94c83af25d sp=0x00007f94c45fe530
Event: 60.373 Thread 0x00007f9478481600 DEOPT UNPACKING pc=0x00007f94c7505325 sp=0x00007f94c45fda20 mode 0
Event: 60.375 Thread 0x00007f9478481600 DEOPT PACKING pc=0x00007f94c83af25d sp=0x00007f94c45fe530
Event: 60.375 Thread 0x00007f9478481600 DEOPT UNPACKING pc=0x00007f94c7505325 sp=0x00007f94c45fda20 mode 0

Classes unloaded (20 events):
Event: 179.469 Thread 0x00007f94e00a1c10 Unloading class 0x0000000801131000 'jdk/internal/reflect/GeneratedSerializationConstructorAccessor16'
Event: 179.469 Thread 0x00007f94e00a1c10 Unloading class 0x0000000801130c00 'jdk/internal/reflect/GeneratedSerializationConstructorAccessor15'
Event: 179.469 Thread 0x00007f94e00a1c10 Unloading class 0x0000000801130400 'jdk/internal/reflect/GeneratedConstructorAccessor38'
Event: 179.469 Thread 0x00007f94e00a1c10 Unloading class 0x000000080112dc00 'jdk/internal/reflect/GeneratedSerializationConstructorAccessor14'
Event: 179.469 Thread 0x00007f94e00a1c10 Unloading class 0x000000080112d800 'jdk/internal/reflect/GeneratedSerializationConstructorAccessor13'
Event: 179.469 Thread 0x00007f94e00a1c10 Unloading class 0x000000080112d400 'jdk/internal/reflect/GeneratedSerializationConstructorAccessor12'
Event: 179.469 Thread 0x00007f94e00a1c10 Unloading class 0x000000080112d000 'jdk/internal/reflect/GeneratedMethodAccessor12'
Event: 179.469 Thread 0x00007f94e00a1c10 Unloading class 0x000000080112c800 'jdk/internal/reflect/GeneratedSerializationConstructorAccessor11'
Event: 179.469 Thread 0x00007f94e00a1c10 Unloading class 0x000000080112c400 'jdk/internal/reflect/GeneratedSerializationConstructorAccessor10'
Event: 179.469 Thread 0x00007f94e00a1c10 Unloading class 0x000000080112c000 'jdk/internal/reflect/GeneratedSerializationConstructorAccessor9'
Event: 179.469 Thread 0x00007f94e00a1c10 Unloading class 0x0000000801129400 'jdk/internal/reflect/GeneratedSerializationConstructorAccessor8'
Event: 179.469 Thread 0x00007f94e00a1c10 Unloading class 0x0000000801096400 'jdk/internal/reflect/GeneratedSerializationConstructorAccessor2'
Event: 179.469 Thread 0x00007f94e00a1c10 Unloading class 0x0000000801096000 'jdk/internal/reflect/GeneratedSerializationConstructorAccessor1'
Event: 185.513 Thread 0x00007f94e00a1c10 Unloading class 0x0000000801129000 'jdk/internal/reflect/GeneratedConstructorAccessor37'
Event: 185.514 Thread 0x00007f94e00a1c10 Unloading class 0x00000008010f0c00 'jdk/internal/reflect/GeneratedMethodAccessor10'
Event: 185.514 Thread 0x00007f94e00a1c10 Unloading class 0x00000008010f0800 'jdk/internal/reflect/GeneratedMethodAccessor9'
Event: 185.514 Thread 0x00007f94e00a1c10 Unloading class 0x00000008010f0400 'jdk/internal/reflect/GeneratedMethodAccessor8'
Event: 185.514 Thread 0x00007f94e00a1c10 Unloading class 0x00000008010f0000 'jdk/internal/reflect/GeneratedMethodAccessor7'
Event: 187.198 Thread 0x00007f94e00a1c10 Unloading class 0x0000000801228400 'jdk/internal/reflect/GeneratedConstructorAccessor40'
Event: 187.198 Thread 0x00007f94e00a1c10 Unloading class 0x000000080112cc00 'jdk/internal/reflect/GeneratedMethodAccessor11'

Classes redefined (0 events):
No events

Internal exceptions (20 events):
Event: 39.080 Thread 0x00007f9478304bf0 Exception <a 'java/lang/NoSuchMethodError'{0x00000000f68e0878}: 'java.lang.Object java.lang.invoke.DirectMethodHandle$Holder.invokeSpecial(java.lang.Object, java.lang.Object, java.lang.Object, java.lang.Object, long)'> (0x00000000f68e0878) 
thrown [src/hotspot/share/interpreter/linkResolver.cpp, line 758]
Event: 39.081 Thread 0x00007f9478304bf0 Exception <a 'java/lang/NoSuchMethodError'{0x00000000f68e46c8}: 'java.lang.Object java.lang.invoke.Invokers$Holder.linkToTargetMethod(java.lang.Object, java.lang.Object, long, java.lang.Object)'> (0x00000000f68e46c8) 
thrown [src/hotspot/share/interpreter/linkResolver.cpp, line 758]
Event: 39.473 Thread 0x00007f9478304bf0 Exception <a 'java/io/FileNotFoundException'{0x00000000f69df0a8}> (0x00000000f69df0a8) 
thrown [src/hotspot/share/prims/jni.cpp, line 516]
Event: 39.487 Thread 0x00007f944c000ff0 Exception <a 'java/lang/NoSuchMethodError'{0x00000000f6a2c880}: 'java.lang.Object java.lang.invoke.DirectMethodHandle$Holder.newInvokeSpecial(java.lang.Object, java.lang.Object, int, java.lang.Object, java.lang.Object)'> (0x00000000f6a2c880) 
thrown [src/hotspot/share/interpreter/linkResolver.cpp, line 758]
Event: 39.488 Thread 0x00007f944c000ff0 Exception <a 'java/lang/NoSuchMethodError'{0x00000000f6a31658}: 'java.lang.Object java.lang.invoke.DirectMethodHandle$Holder.invokeSpecial(java.lang.Object, java.lang.Object, java.lang.Object, int, java.lang.Object, java.lang.Object)'> (0x00000000f6a31658) 
thrown [src/hotspot/share/interpreter/linkResolver.cpp, line 758]
Event: 39.682 Thread 0x00007f944c000ff0 Exception <a 'java/lang/NoSuchMethodError'{0x00000000f5892e80}: 'java.lang.Object java.lang.invoke.DirectMethodHandle$Holder.newInvokeSpecial(java.lang.Object, java.lang.Object, java.lang.Object, int, java.lang.Object)'> (0x00000000f5892e80) 
thrown [src/hotspot/share/interpreter/linkResolver.cpp, line 758]
Event: 39.683 Thread 0x00007f944c000ff0 Exception <a 'java/lang/NoSuchMethodError'{0x00000000f5897280}: 'java.lang.Object java.lang.invoke.DirectMethodHandle$Holder.invokeSpecial(java.lang.Object, java.lang.Object, java.lang.Object, java.lang.Object, int, java.lang.Object)'> (0x00000000f5897280) 
thrown [src/hotspot/share/interpreter/linkResolver.cpp, line 758]
Event: 39.683 Thread 0x00007f944c000ff0 Exception <a 'java/lang/NoSuchMethodError'{0x00000000f58e9608}: 'java.lang.Object java.lang.invoke.Invokers$Holder.linkToTargetMethod(java.lang.Object, java.lang.Object, int, java.lang.Object, java.lang.Object)'> (0x00000000f58e9608) 
thrown [src/hotspot/share/interpreter/linkResolver.cpp, line 758]
Event: 41.083 Thread 0x00007f9448150830 Implicit null exception at 0x00007f94cefaeed5 to 0x00007f94cefaf1e5
Event: 41.083 Thread 0x00007f9448150830 Implicit null exception at 0x00007f94cefa5310 to 0x00007f94cefa5605
Event: 42.378 Thread 0x00007f9448150830 Implicit null exception at 0x00007f94cf0d58e9 to 0x00007f94cf0d5a9b
Event: 45.677 Thread 0x00007f9478481600 Implicit null exception at 0x00007f94cf196495 to 0x00007f94cf196acb
Event: 45.917 Thread 0x00007f9448150830 Exception <a 'java/lang/NoSuchMethodError'{0x00000000f5a58220}: 'java.lang.Object java.lang.invoke.DirectMethodHandle$Holder.invokeStatic(java.lang.Object, int, java.lang.Object, java.lang.Object, java.lang.Object, java.lang.Object)'> (0x00000000f5a58220) 
thrown [src/hotspot/share/interpreter/linkResolver.cpp, line 758]
Event: 45.918 Thread 0x00007f9448150830 Exception <a 'java/lang/NoSuchMethodError'{0x00000000f5a60740}: 'java.lang.Object java.lang.invoke.DirectMethodHandle$Holder.newInvokeSpecial(java.lang.Object, int, java.lang.Object, java.lang.Object, java.lang.Object)'> (0x00000000f5a60740) 
thrown [src/hotspot/share/interpreter/linkResolver.cpp, line 758]
Event: 46.570 Thread 0x00007f9448150830 Exception <a 'java/lang/NoSuchMethodError'{0x00000000f7018200}: 'void java.lang.invoke.DirectMethodHandle$Holder.invokeSpecial(java.lang.Object, java.lang.Object, int)'> (0x00000000f7018200) 
thrown [src/hotspot/share/interpreter/linkResolver.cpp, line 758]
Event: 47.974 Thread 0x00007f9448150830 Exception <a 'java/lang/NoSuchMethodError'{0x00000000f776d580}: 'int java.lang.invoke.DirectMethodHandle$Holder.invokeSpecialIFC(java.lang.Object, java.lang.Object, java.lang.Object, java.lang.Object)'> (0x00000000f776d580) 
thrown [src/hotspot/share/interpreter/linkResolver.cpp, line 758]
Event: 570.592 Thread 0x00007f94481536d0 Exception <a 'java/lang/OutOfMemoryError'{0x00000000e0004518}> (0x00000000e0004518) 
thrown [src/hotspot/share/gc/shared/memAllocator.cpp, line 136]
Event: 610.606 Thread 0x00007f9448153150 Exception <a 'java/lang/OutOfMemoryError'{0x00000000e00047e8}> (0x00000000e00047e8) 
thrown [src/hotspot/share/gc/shared/memAllocator.cpp, line 136]
Event: 739.322 Thread 0x00007f94e03e44d0 Exception <a 'java/lang/OutOfMemoryError'{0x00000000e0004dd8}> (0x00000000e0004dd8) 
thrown [src/hotspot/share/gc/shared/memAllocator.cpp, line 136]
Event: 764.595 Thread 0x00007f94e00b21e0 Exception <a 'java/lang/OutOfMemoryError'{0x00000000e0004dd8}> (0x00000000e0004dd8) 
thrown [src/hotspot/share/gc/shared/memAllocator.cpp, line 136]

VM Operations (20 events):
Event: 742.171 Executing VM operation: ParallelGCFailedAllocation
Event: 743.624 Executing VM operation: ParallelGCFailedAllocation done
Event: 743.625 Executing VM operation: ParallelGCFailedAllocation
Event: 745.051 Executing VM operation: ParallelGCFailedAllocation done
Event: 745.052 Executing VM operation: ParallelGCFailedAllocation
Event: 746.380 Executing VM operation: ParallelGCFailedAllocation done
Event: 746.384 Executing VM operation: ParallelGCFailedAllocation
Event: 747.671 Executing VM operation: ParallelGCFailedAllocation done
Event: 747.672 Executing VM operation: ParallelGCFailedAllocation
Event: 750.170 Executing VM operation: ParallelGCFailedAllocation done
Event: 750.170 Executing VM operation: ParallelGCFailedAllocation
Event: 751.518 Executing VM operation: ParallelGCFailedAllocation done
Event: 751.567 Executing VM operation: ParallelGCFailedAllocation
Event: 752.870 Executing VM operation: ParallelGCFailedAllocation done
Event: 752.870 Executing VM operation: ParallelGCFailedAllocation
Event: 754.115 Executing VM operation: ParallelGCFailedAllocation done
Event: 754.115 Executing VM operation: ParallelGCFailedAllocation
Event: 756.605 Executing VM operation: ParallelGCFailedAllocation done
Event: 756.605 Executing VM operation: ParallelGCFailedAllocation
Event: 764.595 Executing VM operation: ParallelGCFailedAllocation done

Events (20 events):
Event: 693.009 loading class jdk/internal/logger/SurrogateLogger
Event: 693.009 loading class jdk/internal/logger/SimpleConsoleLogger
Event: 693.009 loading class jdk/internal/logger/SimpleConsoleLogger done
Event: 693.009 loading class jdk/internal/logger/SurrogateLogger done
Event: 719.405 loading class jdk/internal/logger/SimpleConsoleLogger$Formatting
Event: 719.405 loading class jdk/internal/logger/SimpleConsoleLogger$Formatting done
Event: 719.405 loading class java/util/logging/ErrorManager
Event: 719.405 loading class java/util/logging/ErrorManager done
Event: 722.185 loading class java/util/logging/Handler$1
Event: 722.185 loading class java/util/logging/Handler$1 done
Event: 723.584 loading class java/util/logging/StreamHandler$1
Event: 723.584 loading class java/util/logging/StreamHandler$1 done
Event: 725.029 loading class java/util/logging/LogManager$CloseOnReset
Event: 725.029 loading class java/util/logging/LogManager$CloseOnReset done
Event: 726.492 loading class java/time/ZonedDateTime
Event: 726.492 loading class java/time/chrono/ChronoZonedDateTime
Event: 726.493 loading class java/time/chrono/ChronoZonedDateTime done
Event: 726.493 loading class java/time/ZonedDateTime done
Event: 728.495 loading class java/util/logging/LogRecord$CallerFinder
Event: 728.495 loading class java/util/logging/LogRecord$CallerFinder done


Dynamic libraries:
e0000000-f5580000 rw-p 00000000 00:00 0 
f5580000-fc480000 rw-p 00000000 00:00 0 
fc480000-100000000 ---p 00000000 00:00 0 
800000000-800449000 rw-p 00001000 00:169f 4611686019135357769            /nix/store/gpxl5qgg8kicmcvivwmybwjlpf7wh20l-graalvm17-ce-22.3.0/lib/server/classes.jsa
800449000-800bc8000 r--p 0044a000 00:169f 4611686019135357769            /nix/store/gpxl5qgg8kicmcvivwmybwjlpf7wh20l-graalvm17-ce-22.3.0/lib/server/classes.jsa
800bc8000-800c00000 ---p 00000000 00:00 0 
800c00000-800c20000 rw-p 00000000 00:00 0 
800c20000-800c40000 rw-p 00000000 00:00 0 
800c40000-800cc0000 rw-p 00000000 00:00 0 
800cc0000-800d00000 rw-p 00000000 00:00 0 
800d00000-800dc0000 rw-p 00000000 00:00 0 
800dc0000-800e00000 rw-p 00000000 00:00 0 
800e00000-800f40000 rw-p 00000000 00:00 0 
800f40000-801000000 rw-p 00000000 00:00 0 
801000000-801240000 rw-p 00000000 00:00 0 
801240000-840c00000 ---p 00000000 00:00 0 
55694a7fc000-55694a7fd000 r-xp 00000000 00:169f 4611686019099417844      /nix/store/gpxl5qgg8kicmcvivwmybwjlpf7wh20l-graalvm17-ce-22.3.0/bin/.java-wrapped
55694a7fe000-55694a7ff000 r--p 00001000 00:169f 4611686019099417844      /nix/store/gpxl5qgg8kicmcvivwmybwjlpf7wh20l-graalvm17-ce-22.3.0/bin/.java-wrapped
55694a7ff000-55694a800000 rw-p 00002000 00:169f 4611686019099417844      /nix/store/gpxl5qgg8kicmcvivwmybwjlpf7wh20l-graalvm17-ce-22.3.0/bin/.java-wrapped
55694a800000-55694a801000 rw-p 00004000 00:169f 4611686019099417844      /nix/store/gpxl5qgg8kicmcvivwmybwjlpf7wh20l-graalvm17-ce-22.3.0/bin/.java-wrapped
55694a801000-55694a802000 rw-p 00005000 00:169f 4611686019099417844      /nix/store/gpxl5qgg8kicmcvivwmybwjlpf7wh20l-graalvm17-ce-22.3.0/bin/.java-wrapped
55694a85f000-55694a8a7000 rw-p 00000000 00:00 0                          [heap]
7f9420000000-7f9420021000 rw-p 00000000 00:00 0 
7f9420021000-7f9424000000 ---p 00000000 00:00 0 
7f9424000000-7f9424273000 rw-p 00000000 00:00 0 
7f9424273000-7f9428000000 ---p 00000000 00:00 0 
7f9428000000-7f9428021000 rw-p 00000000 00:00 0 
7f9428021000-7f942c000000 ---p 00000000 00:00 0 
7f942c000000-7f942c021000 rw-p 00000000 00:00 0 
7f942c021000-7f9430000000 ---p 00000000 00:00 0 
7f9430000000-7f9430021000 rw-p 00000000 00:00 0 
7f9430021000-7f9434000000 ---p 00000000 00:00 0 
7f9435400000-7f9435500000 rw-p 00000000 00:00 0 
7f9435500000-7f9435550000 rw-p 00000000 00:00 0 
7f9435550000-7f9435600000 ---p 00000000 00:00 0 
7f9435600000-7f94359c0000 rw-p 00000000 00:00 0 
7f94359c0000-7f9435c00000 ---p 00000000 00:00 0 
7f94364b3000-7f9440000000 r--s 00000000 00:169f 4611686019135192581      /nix/store/gpxl5qgg8kicmcvivwmybwjlpf7wh20l-graalvm17-ce-22.3.0/lib/modules
7f9440000000-7f9440033000 rw-p 00000000 00:00 0 
7f9440033000-7f9444000000 ---p 00000000 00:00 0 
7f9444000000-7f9444048000 rw-p 00000000 00:00 0 
7f9444048000-7f9448000000 ---p 00000000 00:00 0 
7f9448000000-7f94481e9000 rw-p 00000000 00:00 0 
7f94481e9000-7f944c000000 ---p 00000000 00:00 0 
7f944c000000-7f944c4f3000 rw-p 00000000 00:00 0 
7f944c4f3000-7f9450000000 ---p 00000000 00:00 0 
7f9450000000-7f9450021000 rw-p 00000000 00:00 0 
7f9450021000-7f9454000000 ---p 00000000 00:00 0 
7f9454000000-7f9454021000 rw-p 00000000 00:00 0 
7f9454021000-7f9458000000 ---p 00000000 00:00 0 
7f9458000000-7f9458057000 rw-p 00000000 00:00 0 
7f9458057000-7f945c000000 ---p 00000000 00:00 0 
7f945c000000-7f945c0fd000 rw-p 00000000 00:00 0 
7f945c0fd000-7f9460000000 ---p 00000000 00:00 0 
7f9460000000-7f9460322000 rw-p 00000000 00:00 0 
7f9460322000-7f9464000000 ---p 00000000 00:00 0 
7f9464000000-7f9464094000 rw-p 00000000 00:00 0 
7f9464094000-7f9468000000 ---p 00000000 00:00 0 
7f9468000000-7f9468021000 rw-p 00000000 00:00 0 
7f9468021000-7f946c000000 ---p 00000000 00:00 0 
7f946c000000-7f946c021000 rw-p 00000000 00:00 0 
7f946c021000-7f9470000000 ---p 00000000 00:00 0 
7f9470000000-7f9470021000 rw-p 00000000 00:00 0 
7f9470021000-7f9474000000 ---p 00000000 00:00 0 
7f9475000000-7f94754c0000 rw-p 00000000 00:00 0 
7f94754c0000-7f9475800000 rw-p 00000000 00:00 0 
7f9475c00000-7f9475d80000 rw-p 00000000 00:00 0 
7f9475d80000-7f9475e00000 rw-p 00000000 00:00 0 
7f9475e00000-7f9476100000 rw-p 00000000 00:00 0 
7f9476100000-7f9476200000 rw-p 00000000 00:00 0 
7f9476200000-7f9476400000 rw-p 00000000 00:00 0 
7f9476400000-7f94764c0000 rw-p 00000000 00:00 0 
7f94764c0000-7f9476500000 rw-p 00000000 00:00 0 
7f9476500000-7f94766c0000 rw-p 00000000 00:00 0 
7f94766c0000-7f9476700000 rw-p 00000000 00:00 0 
7f9476700000-7f9476900000 rw-p 00000000 00:00 0 
7f9476900000-7f9476a00000 rw-p 00000000 00:00 0 
7f9476a00000-7f9476c00000 rw-p 00000000 00:00 0 
7f9476c00000-7f9476d00000 rw-p 00000000 00:00 0 
7f9476d00000-7f9476e00000 rw-p 00000000 00:00 0 
7f9476e00000-7f9477380000 rw-p 00000000 00:00 0 
7f9477380000-7f9477400000 rw-p 00000000 00:00 0 
7f9477400000-7f9477500000 rw-p 00000000 00:00 0 
7f9477500000-7f9477600000 rw-p 00000000 00:00 0 
7f9477600000-7f9477900000 rw-p 00000000 00:00 0 
7f9477900000-7f9477a00000 rw-p 00000000 00:00 0 
7f9477a00000-7f9477c00000 rw-p 00000000 00:00 0 
7f9478000000-7f94788c3000 rw-p 00000000 00:00 0 
7f94788c3000-7f947c000000 ---p 00000000 00:00 0 
7f947c000000-7f947c026000 rw-p 00000000 00:00 0 
7f947c026000-7f9480000000 ---p 00000000 00:00 0 
7f9480000000-7f9480021000 rw-p 00000000 00:00 0 
7f9480021000-7f9484000000 ---p 00000000 00:00 0 
7f9484000000-7f9484021000 rw-p 00000000 00:00 0 
7f9484021000-7f9488000000 ---p 00000000 00:00 0 
7f9488000000-7f9488021000 rw-p 00000000 00:00 0 
7f9488021000-7f948c000000 ---p 00000000 00:00 0 
7f948c800000-7f948c810000 r-xp 00000000 00:169c 355                      /home/runner/.cache/jdt-language-server/config/org.eclipse.equinox.launcher/org.eclipse.equinox.launcher.gtk.linux.x86_64_1.2.400.v20211117-0650/eclipse_11600.so
7f948c810000-7f948ca0f000 ---p 00010000 00:169c 355                      /home/runner/.cache/jdt-language-server/config/org.eclipse.equinox.launcher/org.eclipse.equinox.launcher.gtk.linux.x86_64_1.2.400.v20211117-0650/eclipse_11600.so
7f948ca0f000-7f948ca10000 r--p 0000f000 00:169c 355                      /home/runner/.cache/jdt-language-server/config/org.eclipse.equinox.launcher/org.eclipse.equinox.launcher.gtk.linux.x86_64_1.2.400.v20211117-0650/eclipse_11600.so
7f948ca10000-7f948ca11000 rw-p 00010000 00:169c 355                      /home/runner/.cache/jdt-language-server/config/org.eclipse.equinox.launcher/org.eclipse.equinox.launcher.gtk.linux.x86_64_1.2.400.v20211117-0650/eclipse_11600.so
7f948d300000-7f948d400000 ---p 00000000 00:00 0 
7f948d400000-7f948d9af000 r--p 01122000 00:169f 4611686019135190040      /nix/store/gpxl5qgg8kicmcvivwmybwjlpf7wh20l-graalvm17-ce-22.3.0/lib/libjvmcicompiler.so
7f948d9af000-7f948db00000 r--p 00000000 00:00 0 
7f948db00000-7f948db3d000 rw-p 00000000 00:00 0 
7f948db3d000-7f948e05d000 rw-p 0185f000 00:169f 4611686019135190040      /nix/store/gpxl5qgg8kicmcvivwmybwjlpf7wh20l-graalvm17-ce-22.3.0/lib/libjvmcicompiler.so
7f948e05d000-7f948e444000 r--p 01d7f000 00:169f 4611686019135190040      /nix/store/gpxl5qgg8kicmcvivwmybwjlpf7wh20l-graalvm17-ce-22.3.0/lib/libjvmcicompiler.so
7f948e500000-7f948e504000 ---p 00000000 00:00 0 
7f948e504000-7f948e600000 rw-p 00000000 00:00 0 
7f948e700000-7f948e704000 ---p 00000000 00:00 0 
7f948e704000-7f948e800000 rw-p 00000000 00:00 0 
7f948e900000-7f948e904000 ---p 00000000 00:00 0 
7f948e904000-7f948ea00000 rw-p 00000000 00:00 0 
7f948eb00000-7f948eb04000 ---p 00000000 00:00 0 
7f948eb04000-7f948ec00000 rw-p 00000000 00:00 0 
7f948ec00000-7f948ec04000 ---p 00000000 00:00 0 
7f948ec04000-7f948ed00000 rw-p 00000000 00:00 0 
7f948ed00000-7f948ed04000 ---p 00000000 00:00 0 
7f948ed04000-7f948ee00000 rw-p 00000000 00:00 0 
7f948fa68000-7f948ff00000 rw-p 00000000 00:00 0 
7f9490000000-7f9490021000 rw-p 00000000 00:00 0 
7f9490021000-7f9494000000 ---p 00000000 00:00 0 
7f9494000000-7f9494021000 rw-p 00000000 00:00 0 
7f9494021000-7f9498000000 ---p 00000000 00:00 0 
7f9498000000-7f9498021000 rw-p 00000000 00:00 0 
7f9498021000-7f949c000000 ---p 00000000 00:00 0 
7f949c000000-7f949c021000 rw-p 00000000 00:00 0 
7f949c021000-7f94a0000000 ---p 00000000 00:00 0 
7f94a0000000-7f94a00d3000 rw-p 00000000 00:00 0 
7f94a00d3000-7f94a4000000 ---p 00000000 00:00 0 
7f94a4000000-7f94a4af6000 rw-p 00000000 00:00 0 
7f94a4af6000-7f94a8000000 ---p 00000000 00:00 0 
7f94a8000000-7f94a8021000 rw-p 00000000 00:00 0 
7f94a8021000-7f94ac000000 ---p 00000000 00:00 0 
7f94ac000000-7f94ac021000 rw-p 00000000 00:00 0 
7f94ac021000-7f94b0000000 ---p 00000000 00:00 0 
7f94b0000000-7f94b0021000 rw-p 00000000 00:00 0 
7f94b0021000-7f94b4000000 ---p 00000000 00:00 0 
7f94b4000000-7f94b4021000 rw-p 00000000 00:00 0 
7f94b4021000-7f94b8000000 ---p 00000000 00:00 0 
7f94b8000000-7f94b8021000 rw-p 00000000 00:00 0 
7f94b8021000-7f94bc000000 ---p 00000000 00:00 0 
7f94bc000000-7f94bc021000 rw-p 00000000 00:00 0 
7f94bc021000-7f94c0000000 ---p 00000000 00:00 0 
7f94c0000000-7f94c006d000 rw-p 00000000 00:00 0 
7f94c006d000-7f94c4000000 ---p 00000000 00:00 0 
7f94c4100000-7f94c4104000 ---p 00000000 00:00 0 
7f94c4104000-7f94c4200000 rw-p 00000000 00:00 0 
7f94c4200000-7f94c4204000 ---p 00000000 00:00 0 
7f94c4204000-7f94c4300000 rw-p 00000000 00:00 0 
7f94c4300000-7f94c4304000 ---p 00000000 00:00 0 
7f94c4304000-7f94c4400000 rw-p 00000000 00:00 0 
7f94c4500000-7f94c4504000 ---p 00000000 00:00 0 
7f94c4504000-7f94c4600000 rw-p 00000000 00:00 0 
7f94c4700000-7f94c4704000 ---p 00000000 00:00 0 
7f94c4704000-7f94c4800000 rw-p 00000000 00:00 0 
7f94c4900000-7f94c4904000 ---p 00000000 00:00 0 
7f94c4904000-7f94c4a00000 rw-p 00000000 00:00 0 
7f94c4b00000-7f94c4b04000 ---p 00000000 00:00 0 
7f94c4b04000-7f94c4c00000 rw-p 00000000 00:00 0 
7f94c4c00000-7f94c4c04000 ---p 00000000 00:00 0 
7f94c4c04000-7f94c4d00000 rw-p 00000000 00:00 0 
7f94c4d00000-7f94c4d04000 ---p 00000000 00:00 0 
7f94c4d04000-7f94c4e00000 rw-p 00000000 00:00 0 
7f94c4e00000-7f94c4e04000 ---p 00000000 00:00 0 
7f94c4e04000-7f94c4f00000 rw-p 00000000 00:00 0 
7f94c4f00000-7f94c4f04000 ---p 00000000 00:00 0 
7f94c4f04000-7f94c5000000 rw-p 00000000 00:00 0 
7f94c5000000-7f94c716a000 r-xp 00000000 00:169f 4611686019135190040      /nix/store/gpxl5qgg8kicmcvivwmybwjlpf7wh20l-graalvm17-ce-22.3.0/lib/libjvmcicompiler.so
7f94c716a000-7f94c7369000 ---p 0216a000 00:169f 4611686019135190040      /nix/store/gpxl5qgg8kicmcvivwmybwjlpf7wh20l-graalvm17-ce-22.3.0/lib/libjvmcicompiler.so
7f94c7369000-7f94c736a000 r--p 02169000 00:169f 4611686019135190040      /nix/store/gpxl5qgg8kicmcvivwmybwjlpf7wh20l-graalvm17-ce-22.3.0/lib/libjvmcicompiler.so
7f94c736a000-7f94c736c000 rw-p 0216a000 00:169f 4611686019135190040      /nix/store/gpxl5qgg8kicmcvivwmybwjlpf7wh20l-graalvm17-ce-22.3.0/lib/libjvmcicompiler.so
7f94c736c000-7f94c736d000 rw-p 00000000 00:00 0 
7f94c736d000-7f94c7372000 rw-p 023c3000 00:169f 4611686019135190040      /nix/store/gpxl5qgg8kicmcvivwmybwjlpf7wh20l-graalvm17-ce-22.3.0/lib/libjvmcicompiler.so
7f94c73b3000-7f94c73b7000 ---p 00000000 00:00 0 
7f94c73b7000-7f94c74b3000 rw-p 00000000 00:00 0 
7f94c74b3000-7f94c7723000 rwxp 00000000 00:00 0 
7f94c7723000-7f94c7a42000 ---p 00000000 00:00 0 
7f94c7a42000-7f94c89e2000 rwxp 00000000 00:00 0 
7f94c89e2000-7f94cef7a000 ---p 00000000 00:00 0 
7f94cef7a000-7f94cf1ea000 rwxp 00000000 00:00 0 
7f94cf1ea000-7f94d64b3000 ---p 00000000 00:00 0 
7f94d64b3000-7f94e0000000 r--s 00000000 00:169f 4611686019135192581      /nix/store/gpxl5qgg8kicmcvivwmybwjlpf7wh20l-graalvm17-ce-22.3.0/lib/modules
7f94e0000000-7f94e0624000 rw-p 00000000 00:00 0 
7f94e0624000-7f94e4000000 ---p 00000000 00:00 0 
7f94e4000000-7f94e4004000 ---p 00000000 00:00 0 
7f94e4004000-7f94e4100000 rw-p 00000000 00:00 0 
7f94e4200000-7f94e4204000 ---p 00000000 00:00 0 
7f94e4204000-7f94e4300000 rw-p 00000000 00:00 0 
7f94e4400000-7f94e4404000 ---p 00000000 00:00 0 
7f94e4404000-7f94e4500000 rw-p 00000000 00:00 0 
7f94e45de000-7f94e45e2000 ---p 00000000 00:00 0 
7f94e45e2000-7f94e46de000 rw-p 00000000 00:00 0 
7f94e46de000-7f94e46e2000 ---p 00000000 00:00 0 
7f94e46e2000-7f94e4700000 rw-p 00000000 00:00 0 
7f94e480c000-7f94e4813000 r-xp 00000000 00:169f 4611686019135192580      /nix/store/gpxl5qgg8kicmcvivwmybwjlpf7wh20l-graalvm17-ce-22.3.0/lib/libzip.so
7f94e4813000-7f94e4814000 ---p 00007000 00:169f 4611686019135192580      /nix/store/gpxl5qgg8kicmcvivwmybwjlpf7wh20l-graalvm17-ce-22.3.0/lib/libzip.so
7f94e4814000-7f94e4815000 r--p 00007000 00:169f 4611686019135192580      /nix/store/gpxl5qgg8kicmcvivwmybwjlpf7wh20l-graalvm17-ce-22.3.0/lib/libzip.so
7f94e4815000-7f94e4816000 rw-p 00008000 00:169f 4611686019135192580      /nix/store/gpxl5qgg8kicmcvivwmybwjlpf7wh20l-graalvm17-ce-22.3.0/lib/libzip.so
7f94e4816000-7f94e4818000 rw-p 0000b000 00:169f 4611686019135192580      /nix/store/gpxl5qgg8kicmcvivwmybwjlpf7wh20l-graalvm17-ce-22.3.0/lib/libzip.so
7f94e4818000-7f94e4819000 ---p 00000000 00:00 0 
7f94e4819000-7f94e491a000 rw-p 00000000 00:00 0 
7f94e491a000-7f94e491e000 ---p 00000000 00:00 0 
7f94e491e000-7f94e4a1a000 rw-p 00000000 00:00 0 
7f94e4a1a000-7f94e4a1e000 ---p 00000000 00:00 0 
7f94e4a1e000-7f94e4b1a000 rw-p 00000000 00:00 0 
7f94e4b1a000-7f94e4b1e000 ---p 00000000 00:00 0 
7f94e4b1e000-7f94e4c1a000 rw-p 00000000 00:00 0 
7f94e4c1a000-7f94e4c1e000 ---p 00000000 00:00 0 
7f94e4c1e000-7f94e4e1a000 rw-p 00000000 00:00 0 
7f94e4e1a000-7f94e4e1e000 ---p 00000000 00:00 0 
7f94e4e1e000-7f94e501a000 rw-p 00000000 00:00 0 
7f94e501a000-7f94e501e000 ---p 00000000 00:00 0 
7f94e501e000-7f94e511a000 rw-p 00000000 00:00 0 
7f94e511a000-7f94e511e000 ---p 00000000 00:00 0 
7f94e511e000-7f94e521a000 rw-p 00000000 00:00 0 
7f94e521a000-7f94e521e000 ---p 00000000 00:00 0 
7f94e521e000-7f94e531a000 rw-p 00000000 00:00 0 
7f94e531a000-7f94e5600000 r--p 00000000 00:168a 28444448                 /usr/lib/locale/locale-archive
7f94e5600000-7f94e5604000 ---p 00000000 00:00 0 
7f94e5604000-7f94e5700000 rw-p 00000000 00:00 0 
7f94e5700000-7f94e5704000 ---p 00000000 00:00 0 
7f94e5704000-7f94e5c00000 rw-p 00000000 00:00 0 
7f94e5c00000-7f94e5f00000 rw-p 00000000 00:00 0 
7f94e5f00000-7f94e6000000 rw-p 00000000 00:00 0 
7f94e6005000-7f94e6007000 r-xp 00000000 00:169f 4611686019135190017      /nix/store/gpxl5qgg8kicmcvivwmybwjlpf7wh20l-graalvm17-ce-22.3.0/lib/libextnet.so
7f94e6007000-7f94e6008000 r--p 00001000 00:169f 4611686019135190017      /nix/store/gpxl5qgg8kicmcvivwmybwjlpf7wh20l-graalvm17-ce-22.3.0/lib/libextnet.so
7f94e6008000-7f94e6009000 rw-p 00002000 00:169f 4611686019135190017      /nix/store/gpxl5qgg8kicmcvivwmybwjlpf7wh20l-graalvm17-ce-22.3.0/lib/libextnet.so
7f94e6009000-7f94e600a000 rw-p 00004000 00:169f 4611686019135190017      /nix/store/gpxl5qgg8kicmcvivwmybwjlpf7wh20l-graalvm17-ce-22.3.0/lib/libextnet.so
7f94e600a000-7f94e601f000 r-xp 00000000 00:169f 4611686019135192570      /nix/store/gpxl5qgg8kicmcvivwmybwjlpf7wh20l-graalvm17-ce-22.3.0/lib/libnet.so
7f94e601f000-7f94e6020000 ---p 00015000 00:169f 4611686019135192570      /nix/store/gpxl5qgg8kicmcvivwmybwjlpf7wh20l-graalvm17-ce-22.3.0/lib/libnet.so
7f94e6020000-7f94e6021000 r--p 00015000 00:169f 4611686019135192570      /nix/store/gpxl5qgg8kicmcvivwmybwjlpf7wh20l-graalvm17-ce-22.3.0/lib/libnet.so
7f94e6021000-7f94e6022000 rw-p 00016000 00:169f 4611686019135192570      /nix/store/gpxl5qgg8kicmcvivwmybwjlpf7wh20l-graalvm17-ce-22.3.0/lib/libnet.so
7f94e6022000-7f94e6025000 rw-p 0001b000 00:169f 4611686019135192570      /nix/store/gpxl5qgg8kicmcvivwmybwjlpf7wh20l-graalvm17-ce-22.3.0/lib/libnet.so
7f94e6025000-7f94e6038000 r-xp 00000000 00:169f 4611686019135192571      /nix/store/gpxl5qgg8kicmcvivwmybwjlpf7wh20l-graalvm17-ce-22.3.0/lib/libnio.so
7f94e6038000-7f94e6039000 r--p 00012000 00:169f 4611686019135192571      /nix/store/gpxl5qgg8kicmcvivwmybwjlpf7wh20l-graalvm17-ce-22.3.0/lib/libnio.so
7f94e6039000-7f94e603a000 rw-p 00013000 00:169f 4611686019135192571      /nix/store/gpxl5qgg8kicmcvivwmybwjlpf7wh20l-graalvm17-ce-22.3.0/lib/libnio.so
7f94e603a000-7f94e603f000 rw-p 00019000 00:169f 4611686019135192571      /nix/store/gpxl5qgg8kicmcvivwmybwjlpf7wh20l-graalvm17-ce-22.3.0/lib/libnio.so
7f94e603f000-7f94e6040000 ---p 00000000 00:00 0 
7f94e6040000-7f94e6141000 rw-p 00000000 00:00 0 
7f94e6141000-7f94e620f000 r-xp 00000000 00:169f 4611686019135190036      /nix/store/gpxl5qgg8kicmcvivwmybwjlpf7wh20l-graalvm17-ce-22.3.0/lib/libjsvml.so
7f94e620f000-7f94e6210000 r--p 000cd000 00:169f 4611686019135190036      /nix/store/gpxl5qgg8kicmcvivwmybwjlpf7wh20l-graalvm17-ce-22.3.0/lib/libjsvml.so
7f94e6210000-7f94e6211000 rw-p 000ce000 00:169f 4611686019135190036      /nix/store/gpxl5qgg8kicmcvivwmybwjlpf7wh20l-graalvm17-ce-22.3.0/lib/libjsvml.so
7f94e6211000-7f94e7ae9000 rw-p 00000000 00:00 0 
7f94e7ae9000-7f94e7aea000 ---p 00000000 00:00 0 
7f94e7aea000-7f94e7c95000 rw-p 00000000 00:00 0 
7f94e7c95000-7f94e7cce000 rw-p 00000000 00:00 0 
7f94e7cce000-7f94e7ceb000 ---p 00000000 00:00 0 
7f94e7ceb000-7f94e7cf1000 rw-p 00000000 00:00 0 
7f94e7cf1000-7f94e7dd7000 ---p 00000000 00:00 0 
7f94e7dd7000-7f94e7df7000 rw-p 00000000 00:00 0 
7f94e7df7000-7f94e7ec2000 ---p 00000000 00:00 0 
7f94e7ec2000-7f94e7ec7000 rw-p 00000000 00:00 0 
7f94e7ec7000-7f94e7ece000 ---p 00000000 00:00 0 
7f94e7ece000-7f94e7ef2000 r-xp 00000000 00:169f 4611686019135190028      /nix/store/gpxl5qgg8kicmcvivwmybwjlpf7wh20l-graalvm17-ce-22.3.0/lib/libjava.so
7f94e7ef2000-7f94e7ef3000 ---p 00024000 00:169f 4611686019135190028      /nix/store/gpxl5qgg8kicmcvivwmybwjlpf7wh20l-graalvm17-ce-22.3.0/lib/libjava.so
7f94e7ef3000-7f94e7ef4000 r--p 00024000 00:169f 4611686019135190028      /nix/store/gpxl5qgg8kicmcvivwmybwjlpf7wh20l-graalvm17-ce-22.3.0/lib/libjava.so
7f94e7ef4000-7f94e7ef5000 rw-p 00025000 00:169f 4611686019135190028      /nix/store/gpxl5qgg8kicmcvivwmybwjlpf7wh20l-graalvm17-ce-22.3.0/lib/libjava.so
7f94e7ef5000-7f94e7ef6000 rw-p 00000000 00:00 0 
7f94e7ef6000-7f94e7efd000 rw-p 0002f000 00:169f 4611686019135190028      /nix/store/gpxl5qgg8kicmcvivwmybwjlpf7wh20l-graalvm17-ce-22.3.0/lib/libjava.so
7f94e7efd000-7f94e7f05000 rw-s 00000000 00:101d 350                      /tmp/hsperfdata_runner/22
7f94e7f05000-7f94e7f06000 ---p 00000000 00:00 0 
7f94e7f06000-7f94e7f07000 r--p 00000000 00:00 0 
7f94e7f07000-7f94e7f08000 rwxp 00000000 00:00 0 
7f94e7f08000-7f94e7f23000 r-xp 00000000 00:169f 4611686019135190032      /nix/store/gpxl5qgg8kicmcvivwmybwjlpf7wh20l-graalvm17-ce-22.3.0/lib/libjimage.so
7f94e7f23000-7f94e7f24000 ---p 0001b000 00:169f 4611686019135190032      /nix/store/gpxl5qgg8kicmcvivwmybwjlpf7wh20l-graalvm17-ce-22.3.0/lib/libjimage.so
7f94e7f24000-7f94e7f26000 r--p 0001b000 00:169f 4611686019135190032      /nix/store/gpxl5qgg8kicmcvivwmybwjlpf7wh20l-graalvm17-ce-22.3.0/lib/libjimage.so
7f94e7f26000-7f94e7f27000 rw-p 0001d000 00:169f 4611686019135190032      /nix/store/gpxl5qgg8kicmcvivwmybwjlpf7wh20l-graalvm17-ce-22.3.0/lib/libjimage.so
7f94e7f27000-7f94e7f28000 rw-p 00024000 00:169f 4611686019135190032      /nix/store/gpxl5qgg8kicmcvivwmybwjlpf7wh20l-graalvm17-ce-22.3.0/lib/libjimage.so
7f94e7f28000-7f94e7f2c000 ---p 00000000 00:00 0 
7f94e7f2c000-7f94e8028000 rw-p 00000000 00:00 0 
7f94e8028000-7f94e8036000 r--p 00000000 00:169f 4611686019027979927      /nix/store/4nlgxhb09sdr51nc9hdm8az5b08vzkgx-glibc-2.35-163/lib/libm.so.6
7f94e8036000-7f94e80a9000 r-xp 0000e000 00:169f 4611686019027979927      /nix/store/4nlgxhb09sdr51nc9hdm8az5b08vzkgx-glibc-2.35-163/lib/libm.so.6
7f94e80a9000-7f94e8106000 r--p 00081000 00:169f 4611686019027979927      /nix/store/4nlgxhb09sdr51nc9hdm8az5b08vzkgx-glibc-2.35-163/lib/libm.so.6
7f94e8106000-7f94e8107000 r--p 000dd000 00:169f 4611686019027979927      /nix/store/4nlgxhb09sdr51nc9hdm8az5b08vzkgx-glibc-2.35-163/lib/libm.so.6
7f94e8107000-7f94e8108000 rw-p 000de000 00:169f 4611686019027979927      /nix/store/4nlgxhb09sdr51nc9hdm8az5b08vzkgx-glibc-2.35-163/lib/libm.so.6
7f94e8108000-7f94e8109000 r--p 00000000 00:169f 4611686019027979946      /nix/store/4nlgxhb09sdr51nc9hdm8az5b08vzkgx-glibc-2.35-163/lib/librt.so.1
7f94e8109000-7f94e810a000 r-xp 00001000 00:169f 4611686019027979946      /nix/store/4nlgxhb09sdr51nc9hdm8az5b08vzkgx-glibc-2.35-163/lib/librt.so.1
7f94e810a000-7f94e810b000 r--p 00002000 00:169f 4611686019027979946      /nix/store/4nlgxhb09sdr51nc9hdm8az5b08vzkgx-glibc-2.35-163/lib/librt.so.1
7f94e810b000-7f94e810c000 r--p 00002000 00:169f 4611686019027979946      /nix/store/4nlgxhb09sdr51nc9hdm8az5b08vzkgx-glibc-2.35-163/lib/librt.so.1
7f94e810c000-7f94e810d000 rw-p 00003000 00:169f 4611686019027979946      /nix/store/4nlgxhb09sdr51nc9hdm8az5b08vzkgx-glibc-2.35-163/lib/librt.so.1
7f94e810d000-7f94e9220000 r-xp 00000000 00:169f 4611686019135360866      /nix/store/gpxl5qgg8kicmcvivwmybwjlpf7wh20l-graalvm17-ce-22.3.0/lib/server/libjvm.so
7f94e9220000-7f94e9221000 ---p 01113000 00:169f 4611686019135360866      /nix/store/gpxl5qgg8kicmcvivwmybwjlpf7wh20l-graalvm17-ce-22.3.0/lib/server/libjvm.so
7f94e9221000-7f94e92d6000 r--p 01113000 00:169f 4611686019135360866      /nix/store/gpxl5qgg8kicmcvivwmybwjlpf7wh20l-graalvm17-ce-22.3.0/lib/server/libjvm.so
7f94e92d6000-7f94e930a000 rw-p 011c8000 00:169f 4611686019135360866      /nix/store/gpxl5qgg8kicmcvivwmybwjlpf7wh20l-graalvm17-ce-22.3.0/lib/server/libjvm.so
7f94e930a000-7f94e9366000 rw-p 00000000 00:00 0 
7f94e9366000-7f94e938e000 r--p 00000000 00:169f 4611686019027979918      /nix/store/4nlgxhb09sdr51nc9hdm8az5b08vzkgx-glibc-2.35-163/lib/libc.so.6
7f94e938e000-7f94e9504000 r-xp 00028000 00:169f 4611686019027979918      /nix/store/4nlgxhb09sdr51nc9hdm8az5b08vzkgx-glibc-2.35-163/lib/libc.so.6
7f94e9504000-7f94e955c000 r--p 0019e000 00:169f 4611686019027979918      /nix/store/4nlgxhb09sdr51nc9hdm8az5b08vzkgx-glibc-2.35-163/lib/libc.so.6
7f94e955c000-7f94e9560000 r--p 001f6000 00:169f 4611686019027979918      /nix/store/4nlgxhb09sdr51nc9hdm8az5b08vzkgx-glibc-2.35-163/lib/libc.so.6
7f94e9560000-7f94e9562000 rw-p 001fa000 00:169f 4611686019027979918      /nix/store/4nlgxhb09sdr51nc9hdm8az5b08vzkgx-glibc-2.35-163/lib/libc.so.6
7f94e9562000-7f94e9571000 rw-p 00000000 00:00 0 
7f94e9571000-7f94e9572000 r--p 00000000 00:169f 4611686019027979923      /nix/store/4nlgxhb09sdr51nc9hdm8az5b08vzkgx-glibc-2.35-163/lib/libdl.so.2
7f94e9572000-7f94e9573000 r-xp 00001000 00:169f 4611686019027979923      /nix/store/4nlgxhb09sdr51nc9hdm8az5b08vzkgx-glibc-2.35-163/lib/libdl.so.2
7f94e9573000-7f94e9574000 r--p 00002000 00:169f 4611686019027979923      /nix/store/4nlgxhb09sdr51nc9hdm8az5b08vzkgx-glibc-2.35-163/lib/libdl.so.2
7f94e9574000-7f94e9575000 r--p 00002000 00:169f 4611686019027979923      /nix/store/4nlgxhb09sdr51nc9hdm8az5b08vzkgx-glibc-2.35-163/lib/libdl.so.2
7f94e9575000-7f94e9576000 rw-p 00003000 00:169f 4611686019027979923      /nix/store/4nlgxhb09sdr51nc9hdm8az5b08vzkgx-glibc-2.35-163/lib/libdl.so.2
7f94e9576000-7f94e9577000 r--p 00000000 00:169f 4611686019027979942      /nix/store/4nlgxhb09sdr51nc9hdm8az5b08vzkgx-glibc-2.35-163/lib/libpthread.so.0
7f94e9577000-7f94e9578000 r-xp 00001000 00:169f 4611686019027979942      /nix/store/4nlgxhb09sdr51nc9hdm8az5b08vzkgx-glibc-2.35-163/lib/libpthread.so.0
7f94e9578000-7f94e9579000 r--p 00002000 00:169f 4611686019027979942      /nix/store/4nlgxhb09sdr51nc9hdm8az5b08vzkgx-glibc-2.35-163/lib/libpthread.so.0
7f94e9579000-7f94e957a000 r--p 00002000 00:169f 4611686019027979942      /nix/store/4nlgxhb09sdr51nc9hdm8az5b08vzkgx-glibc-2.35-163/lib/libpthread.so.0
7f94e957a000-7f94e957b000 rw-p 00003000 00:169f 4611686019027979942      /nix/store/4nlgxhb09sdr51nc9hdm8az5b08vzkgx-glibc-2.35-163/lib/libpthread.so.0
7f94e957b000-7f94e9589000 r-xp 00000000 00:169f 4611686019135190033      /nix/store/gpxl5qgg8kicmcvivwmybwjlpf7wh20l-graalvm17-ce-22.3.0/lib/libjli.so
7f94e9589000-7f94e958a000 ---p 0000e000 00:169f 4611686019135190033      /nix/store/gpxl5qgg8kicmcvivwmybwjlpf7wh20l-graalvm17-ce-22.3.0/lib/libjli.so
7f94e958a000-7f94e958b000 r--p 0000e000 00:169f 4611686019135190033      /nix/store/gpxl5qgg8kicmcvivwmybwjlpf7wh20l-graalvm17-ce-22.3.0/lib/libjli.so
7f94e958b000-7f94e958c000 rw-p 0000f000 00:169f 4611686019135190033      /nix/store/gpxl5qgg8kicmcvivwmybwjlpf7wh20l-graalvm17-ce-22.3.0/lib/libjli.so
7f94e958c000-7f94e958d000 rw-p 00012000 00:169f 4611686019135190033      /nix/store/gpxl5qgg8kicmcvivwmybwjlpf7wh20l-graalvm17-ce-22.3.0/lib/libjli.so
7f94e958d000-7f94e9590000 r--p 00000000 00:169f 4611686019106210071      /nix/store/026hln0aq1hyshaxsdvhg0kmcm6yf45r-zlib-1.2.13/lib/libz.so.1.2.13
7f94e9590000-7f94e95a2000 r-xp 00003000 00:169f 4611686019106210071      /nix/store/026hln0aq1hyshaxsdvhg0kmcm6yf45r-zlib-1.2.13/lib/libz.so.1.2.13
7f94e95a2000-7f94e95a9000 r--p 00015000 00:169f 4611686019106210071      /nix/store/026hln0aq1hyshaxsdvhg0kmcm6yf45r-zlib-1.2.13/lib/libz.so.1.2.13
7f94e95a9000-7f94e95aa000 r--p 0001b000 00:169f 4611686019106210071      /nix/store/026hln0aq1hyshaxsdvhg0kmcm6yf45r-zlib-1.2.13/lib/libz.so.1.2.13
7f94e95aa000-7f94e95ab000 rw-p 0001c000 00:169f 4611686019106210071      /nix/store/026hln0aq1hyshaxsdvhg0kmcm6yf45r-zlib-1.2.13/lib/libz.so.1.2.13
7f94e95ab000-7f94e95ad000 rw-p 00000000 00:00 0 
7f94e95ad000-7f94e95af000 r--p 00000000 00:169f 4611686019027979912      /nix/store/4nlgxhb09sdr51nc9hdm8az5b08vzkgx-glibc-2.35-163/lib/ld-linux-x86-64.so.2
7f94e95af000-7f94e95d6000 r-xp 00002000 00:169f 4611686019027979912      /nix/store/4nlgxhb09sdr51nc9hdm8az5b08vzkgx-glibc-2.35-163/lib/ld-linux-x86-64.so.2
7f94e95d6000-7f94e95e2000 r--p 00029000 00:169f 4611686019027979912      /nix/store/4nlgxhb09sdr51nc9hdm8az5b08vzkgx-glibc-2.35-163/lib/ld-linux-x86-64.so.2
7f94e95e2000-7f94e95e4000 r--p 00034000 00:169f 4611686019027979912      /nix/store/4nlgxhb09sdr51nc9hdm8az5b08vzkgx-glibc-2.35-163/lib/ld-linux-x86-64.so.2
7f94e95e4000-7f94e95e6000 rw-p 00036000 00:169f 4611686019027979912      /nix/store/4nlgxhb09sdr51nc9hdm8az5b08vzkgx-glibc-2.35-163/lib/ld-linux-x86-64.so.2
7ffd244fb000-7ffd2451f000 rw-p 00000000 00:00 0                          [stack]
7ffd245a1000-7ffd245a5000 r--p 00000000 00:00 0                          [vvar]
7ffd245a5000-7ffd245a7000 r-xp 00000000 00:00 0                          [vdso]
ffffffffff600000-ffffffffff601000 --xp 00000000 00:00 0                  [vsyscall]


VM Arguments:
jvm_args: -XX:ThreadPriorityPolicy=1 -XX:+UnlockExperimentalVMOptions -XX:+EnableJVMCIProduct -XX:JVMCIThreadsPerNativeLibraryRuntime=1 -XX:-UnlockExperimentalVMOptions -Declipse.application=org.eclipse.jdt.ls.core.id1 -Dosgi.bundles.defaultStartLevel=4 -Declipse.product=org.eclipse.jdt.ls.core.product -Dlog.level=ALL -Xverify:none -XX:+UseParallelGC -XX:GCTimeRatio=4 -XX:AdaptiveSizePolicyWeight=90 -Dsun.zip.disableMemoryMapping=true -Xmx512m -Xms100m 
java_command: /nix/store/m6gcpi1ii6rghy04cjwjddcavv7i90df-jdt-language-server-1.9.0/share/java/plugins/org.eclipse.equinox.launcher_1.6.400.v20210924-0641.jar --add-modules=ALL-SYSTEM --add-opens java.base/java.util=ALL-UNNAMED --add-opens java.base/java.lang=ALL-UNNAMED -configuration /home/runner/.cache/jdt-language-server/config -data /home/runner/.cache/jdt-language-server/data/home/runner/Inventory-System
java_class_path (initial): /nix/store/m6gcpi1ii6rghy04cjwjddcavv7i90df-jdt-language-server-1.9.0/share/java/plugins/org.eclipse.equinox.launcher_1.6.400.v20210924-0641.jar
Launcher Type: SUN_STANDARD

[Global flags]
    uintx AdaptiveSizePolicyWeight                 = 90                                        {product} {command line}
     intx CICompilerCount                          = 2                                         {product} {ergonomic}
     bool EnableJVMCIProduct                       = true                                {JVMCI product} {jimage}
    uintx GCTimeRatio                              = 4                                         {product} {command line}
   size_t InitialHeapSize                          = 104857600                                 {product} {command line}
     uint JVMCIThreadsPerNativeLibraryRuntime      = 1                                   {JVMCI product} {jimage}
   size_t MaxHeapSize                              = 536870912                                 {product} {command line}
   size_t MaxNewSize                               = 178782208                                 {product} {ergonomic}
   size_t MinHeapDeltaBytes                        = 524288                                    {product} {ergonomic}
   size_t MinHeapSize                              = 104857600                                 {product} {command line}
   size_t NewSize                                  = 34603008                                  {product} {ergonomic}
    uintx NonNMethodCodeHeapSize                   = 5826188                                {pd product} {ergonomic}
    uintx NonProfiledCodeHeapSize                  = 122916026                              {pd product} {ergonomic}
   size_t OldSize                                  = 70254592                                  {product} {ergonomic}
    uintx ProfiledCodeHeapSize                     = 122916026                              {pd product} {ergonomic}
    uintx ReservedCodeCacheSize                    = 251658240                              {pd product} {ergonomic}
     bool SegmentedCodeCache                       = true                                      {product} {ergonomic}
   size_t SoftMaxHeapSize                          = 536870912                              {manageable} {ergonomic}
     intx ThreadPriorityPolicy                     = 1                                         {product} {jimage}
     bool UseCompressedClassPointers               = true                           {product lp64_product} {ergonomic}
     bool UseCompressedOops                        = true                           {product lp64_product} {ergonomic}
     bool UseParallelGC                            = true                                      {product} {command line}

Logging:
Log output configuration:
 #0: stdout all=warning uptime,level,tags
 #1: stderr all=off uptime,level,tags

Environment Variables:
JAVA_HOME=/nix/store/gpxl5qgg8kicmcvivwmybwjlpf7wh20l-graalvm17-ce-22.3.0
PATH=/nix/store/1d6ian3r8kdzspw8hacjhl3xkp40g1lj-binutils-wrapper-2.39/bin:/nix/store/dq0xwmsk1g0i2ayg6pb7y87na2knzylh-gcc-wrapper-11.3.0/bin:/nix/store/bap4d0lpcrhpwmpb8ayjcgkmvfj62lnq-bash-interactive-5.1-p16/bin:/nix/store/pr5n59mb4jzmfx6kanwxly0l07p861fg-patchelf-0.15.0/bin:/nix/store/1gf2flfqnpqbr1b4p4qz2f72y42bs56r-gcc-11.3.0/bin:/nix/store/57xv61c5zi8pphjbcwxxjlgc34p61ic9-glibc-2.35-163-bin/bin:/nix/store/a7gvj343m05j2s32xcnwr35v31ynlypr-coreutils-9.1/bin:/nix/store/039g378vc3pc3dvi9dzdlrd0i4q93qwf-binutils-2.39/bin:/nix/store/gpxl5qgg8kicmcvivwmybwjlpf7wh20l-graalvm17-ce-22.3.0/bin:/nix/store/6z9ag3ihc8mq2hzsw48lhbznvzny65nz-apache-maven-3.8.6/bin:/nix/store/m6gcpi1ii6rghy04cjwjddcavv7i90df-jdt-language-server-1.9.0/bin:/nix/store/84xs5alhs01zrbr4ywm05kxbjbp5590l-java-debug/bin:/nix/store/mydc6f4k2z73xlcz7ilif3v2lcaiqvza-findutils-4.9.0/bin:/nix/store/j9p3g8472iijd50vhdprx0nmk2fqn5gv-diffutils-3.8/bin:/nix/store/89zs7rms6x00xfq4dq6m7mjnhkr8a6r4-gnused-4.8/bin:/nix/store/86bp03jkmsl6f92w0yzg4s59g5mhxwmy-gnugrep-3.7/bin:/nix/store/hwcdqw4jrjnd37wxqgsd47hd0j8bnj09-gawk-5.1.1/bin:/nix/store/cfbhw8r8ags41vwqaz47r583d0p4h4a1-gnutar-1.34/bin:/nix/store/p3m1ndl1lapwrlh698bnb5lvvxh67378-gzip-1.12/bin:/nix/store/a8mhcagrsly7c7mpjrpsnaahk4aax056-bzip2-1.0.8-bin/bin:/nix/store/mblgz65m3zv9x548a3d5m96fj2pbwr09-gnumake-4.3/bin:/nix/store/dsd5gz46hdbdk2rfdimqddhq6m8m8fqs-bash-5.1-p16/bin:/nix/store/v7ljksji50mg3w61dykaa3n3y79n6nil-patch-2.7.6/bin:/nix/store/zlcnmqq14jz5x9439jf937mvayyl63da-xz-5.2.7-bin/bin:/nix/store/y6aj732zm9m87c82fpvf103a1xb22blp-file-5.43/bin:/nix/store/i4kzir3m7mrisxmf5xvlnkw01x4qaqr4-prybar-elisp-0.0.0-e0d9a52/bin:/nix/store/lwwivxf6h7x3cvxp9zv8sj0mv7dak99r-prybar-lua-0.0.0-e0d9a52/bin:/nix/store/gxj28g1cg4hq3qanmjv07156h800qr58-prybar-python3-0.0.0-e0d9a52/bin:/nix/store/hshkjnxrgidigf8x75vg6lqng2xlx9i3-prybar-sqlite-0.0.0-e0d9a52/bin:/nix/store/c4w01bpjgyy5ixmwdk8m1pw87zq4sl26-prybar-tcl-0.0.0-e0d9a52/bin:/nix/store/hpbvrlwd5viqmvcaisb3x0118i913a9n-st
LD_LIBRARY_PATH=/nix/store/a4pff549sk2idnkpzk5nsfps3mdkdnvm-cups-2.4.2-lib/lib:/nix/store/72mqxxhh3cy5yifh92wh2yb8cl2hikyy-cairo-1.16.0/lib:/nix/store/2k366jrbsra97gjfxwvrhvixjfxdach5-glib-2.74.1/lib:/nix/store/2j2znigd8ak37rlwh9khz0ry3clqlw1l-gtk+3-3.24.34/lib:/nix/store/hisqvx32cd57apbpcsnkpx6k3549wql1-libglvnd-1.4.0/lib:/nix/store/p36pgcv991mq5srvg765b78yqpxvk3qs-mesa-21.3.3-drivers/lib:/nix/store/mav4251if1ahjq5vkpwycyyvnmy459c4-pulseaudio-14.2/lib
DISPLAY=:0
LANG=en_US.UTF-8

Signal Handlers:
   SIGSEGV: crash_handler in libjvm.so, mask=11100100010111111101111111111110, flags=SA_RESTART|SA_SIGINFO
    SIGBUS: crash_handler in libjvm.so, mask=11100100010111111101111111111110, flags=SA_RESTART|SA_SIGINFO
    SIGFPE: crash_handler in libjvm.so, mask=11100100010111111101111111111110, flags=SA_RESTART|SA_SIGINFO
   SIGPIPE: IsolateEnterStub_IgnoreSIGPIPEStartupHook_noopSignalHandler_8f19bff2f35b5f630d83b364d6b2339320d4ec70_216e8361c6bc87a8f89f58cc10d3b2fd4415bf87 in libjvmcicompiler.so, mask=00000000000000000000000000000000, flags=SA_RESTART
  *** Handler was modified!
  *** Expected: javaSignalHandler in libjvm.so, mask=11100100110111111111111111111110, flags=SA_RESTART|SA_SIGINFO
   SIGXFSZ: javaSignalHandler in libjvm.so, mask=11100100010111111101111111111110, flags=SA_RESTART|SA_SIGINFO
    SIGILL: crash_handler in libjvm.so, mask=11100100010111111101111111111110, flags=SA_RESTART|SA_SIGINFO
   SIGUSR2: SR_handler in libjvm.so, mask=00000000000000000000000000000000, flags=SA_RESTART|SA_SIGINFO
    SIGHUP: UserHandler in libjvm.so, mask=11100100010111111101111111111110, flags=SA_RESTART|SA_SIGINFO
    SIGINT: UserHandler in libjvm.so, mask=11100100010111111101111111111110, flags=SA_RESTART|SA_SIGINFO
   SIGTERM: UserHandler in libjvm.so, mask=11100100010111111101111111111110, flags=SA_RESTART|SA_SIGINFO
   SIGQUIT: UserHandler in libjvm.so, mask=11100100010111111101111111111110, flags=SA_RESTART|SA_SIGINFO
  *** Handler was modified!
  *** Expected: javaSignalHandler in libjvm.so, mask=11100100110111111111111111111110, flags=SA_RESTART|SA_SIGINFO
   SIGTRAP: crash_handler in libjvm.so, mask=11100100010111111101111111111110, flags=SA_RESTART|SA_SIGINFO


---------------  S Y S T E M  ---------------

OS:
DISTRIB_ID=Ubuntu
DISTRIB_RELEASE=20.04
DISTRIB_CODENAME=focal
DISTRIB_DESCRIPTION="Ubuntu 20.04.2 LTS"
uname: Linux 5.15.0-1031-gcp #38~20.04.1-Ubuntu SMP Sun Mar 12 04:47:58 UTC 2023 x86_64
OS uptime: 0 days 1:41 hours
libc: glibc 2.35 NPTL 2.35 
rlimit (soft/hard): STACK 8192k/infinity , CORE infinity/infinity , NPROC infinity/infinity , NOFILE 5242/5242 , AS infinity/infinity , CPU infinity/infinity , DATA infinity/infinity , FSIZE infinity/infinity , MEMLOCK 64k/64k
load average: 16.65 12.47 12.37

/proc/meminfo:
MemTotal:       65852712 kB
MemFree:        32435360 kB
MemAvailable:   49339100 kB
Buffers:         1430476 kB
Cached:         14786500 kB
SwapCached:            0 kB
Active:          5658160 kB
Inactive:       24442804 kB
Active(anon):      14352 kB
Inactive(anon): 13734536 kB
Active(file):    5643808 kB
Inactive(file): 10708268 kB
Unevictable:       42708 kB
Mlocked:           42708 kB
SwapTotal:             0 kB
SwapFree:              0 kB
Dirty:             58812 kB
Writeback:           204 kB
AnonPages:      13504288 kB
Mapped:          1587200 kB
Shmem:             24524 kB
KReclaimable:    1278264 kB
Slab:            2366480 kB
SReclaimable:    1278264 kB
SUnreclaim:      1088216 kB
KernelStack:      393440 kB
PageTables:       163008 kB
NFS_Unstable:          0 kB
Bounce:                0 kB
WritebackTmp:          0 kB
CommitLimit:    32926356 kB
Committed_AS:   56277508 kB
VmallocTotal:   34359738367 kB
VmallocUsed:      428800 kB
VmallocChunk:          0 kB
Percpu:            51520 kB
HardwareCorrupted:     0 kB
AnonHugePages:   1800192 kB
ShmemHugePages:        0 kB
ShmemPmdMapped:        0 kB
FileHugePages:         0 kB
FilePmdMapped:         0 kB
HugePages_Total:       0
HugePages_Free:        0
HugePages_Rsvd:        0
HugePages_Surp:        0
Hugepagesize:       2048 kB
Hugetlb:               0 kB
DirectMap4k:     2792256 kB
DirectMap2M:    41244672 kB
DirectMap1G:    25165824 kB

/sys/kernel/mm/transparent_hugepage/enabled: always [madvise] never
/sys/kernel/mm/transparent_hugepage/defrag (defrag/compaction efforts parameter): always defer defer+madvise [madvise] never

Process Memory:
Virtual Size: 4788312K (peak: 4830012K)
Resident Set Size: 786836K (peak: 817568K) (anon: 591016K, file: 195820K, shmem: 0K)
Swapped out: 0K
C-Heap outstanding allocations: 43820K, retained: 14467K
glibc malloc tunables: (default)

/proc/sys/kernel/threads-max (system-wide limit on the number of threads): 514406
/proc/sys/vm/max_map_count (maximum number of memory map areas a process may have): 65530
/proc/sys/kernel/pid_max (system-wide limit on number of process identifiers): 4194304

container (cgroup) information:
container_type: cgroupv1
cpu_cpuset_cpus: 2-7
cpu_memory_nodes: 0
active_processor_count: 1
cpu_quota: 50000
cpu_period: 100000
cpu_shares: 512
memory_limit_in_bytes: 1048576 k
memory_and_swap_limit_in_bytes: 1048576 k
memory_soft_limit_in_bytes: 524288 k
memory_usage_in_bytes: 943540 k
memory_max_usage_in_bytes: 1048576 k
maximum number of tasks: 1000
current number of tasks: 65

KVM virtualization detected
Steal ticks since vm start: 0
Steal ticks percentage since vm start:  0.000

CPU: total 8 (initial active 1) (8 cores per cpu, 2 threads per core) family 23 model 49 stepping 0 microcode 0xffffffff, cx8, cmov, fxsr, ht, mmx, 3dnowpref, sse, sse2, sse3, ssse3, sse4a, sse4.1, sse4.2, popcnt, lzcnt, tsc, tscinvbit, avx, avx2, aes, clmul, bmi1, bmi2, adx, sha, fma, vzeroupper, clflush, clflushopt, hv
CPU Model and flags from /proc/cpuinfo:
model name	: AMD EPYC 7B12
flags		: fpu vme de pse tsc msr pae mce cx8 apic sep mtrr pge mca cmov pat pse36 clflush mmx fxsr sse sse2 ht syscall nx mmxext fxsr_opt pdpe1gb rdtscp lm constant_tsc rep_good nopl nonstop_tsc cpuid extd_apicid tsc_known_freq pni pclmulqdq ssse3 fma cx16 sse4_1 sse4_2 movbe popcnt aes xsave avx f16c rdrand hypervisor lahf_lm cmp_legacy cr8_legacy abm sse4a misalignsse 3dnowprefetch osvw topoext ssbd ibrs ibpb stibp vmmcall fsgsbase tsc_adjust bmi1 avx2 smep bmi2 rdseed adx smap clflushopt clwb sha_ni xsaveopt xsavec xgetbv1 clzero xsaveerptr arat npt nrip_save umip rdpid

Online cpus: 0-7
Offline cpus: 
BIOS frequency limitation: <Not Available>
Frequency switch latency (ns): <Not Available>
Available cpu frequencies: <Not Available>
Current governor: <Not Available>
Core performance/turbo boost: <Not Available>

Memory: 4k page, physical 1048576k(105028k free), swap 0k(0k free)
Page Sizes: 4k

vm_info: OpenJDK 64-Bit Server VM (17.0.5+8-jvmci-22.3-b08) for linux-amd64 JRE (17.0.5+8-jvmci-22.3-b08), built on Oct 19 2022 09:01:27 by "buildslave" with gcc 10.3.0

END.
